TN:
SF:/home/mzuleta/TPI/MIR/lib/googletest-master/googletest/include/gtest/gtest.h
FN:389,_ZN7testing4Test13SetUpTestCaseEv
FN:397,_ZN7testing4Test16TearDownTestCaseEv
FN:474,_ZN7testing4Test5SetupEv
FNDA:0,_ZN7testing4Test13SetUpTestCaseEv
FNDA:0,_ZN7testing4Test16TearDownTestCaseEv
FNDA:0,_ZN7testing4Test5SetupEv
FNF:3
FNH:0
DA:389,0
DA:397,0
DA:474,0
LF:3
LH:0
end_of_record
SF:/home/mzuleta/TPI/MIR/lib/googletest-master/googletest/include/gtest/internal/gtest-internal.h
FN:466,_ZN7testing8internal15TestFactoryBaseD0Ev
FN:466,_ZN7testing8internal15TestFactoryBaseD2Ev
FN:473,_ZN7testing8internal15TestFactoryBaseC2Ev
FN:482,_ZN7testing8internal15TestFactoryImplI47reemplazarSubAudioTEST_unElementoYPresente_TestEC2Ev
FN:482,_ZN7testing8internal15TestFactoryImplI52reemplazarSubAudioTEST_variosElementosYPresente_TestEC2Ev
FN:482,_ZN7testing8internal15TestFactoryImplI52reemplazarSubAudioTEST_variosElementosYPresente_TestED2Ev
FN:482,_ZN7testing8internal15TestFactoryImplI47reemplazarSubAudioTEST_unElementoYPresente_TestED2Ev
FN:482,_ZN7testing8internal15TestFactoryImplI47reemplazarSubAudioTEST_unElementoYPresente_TestED0Ev
FN:482,_ZN7testing8internal15TestFactoryImplI52reemplazarSubAudioTEST_variosElementosYPresente_TestED0Ev
FN:484,_ZN7testing8internal15TestFactoryImplI52reemplazarSubAudioTEST_variosElementosYPresente_TestE10CreateTestEv
FN:484,_ZN7testing8internal15TestFactoryImplI47reemplazarSubAudioTEST_unElementoYPresente_TestE10CreateTestEv
FN:504,_ZN7testing8internal12CodeLocationD2Ev
FN:505,_ZN7testing8internal12CodeLocationC2ERKNSt7__cxx1112basic_stringIcSt11char_traitsIcESaIcEEEi
FNDA:0,_ZN7testing8internal15TestFactoryBaseD0Ev
FNDA:0,_ZN7testing8internal15TestFactoryBaseD2Ev
FNDA:0,_ZN7testing8internal15TestFactoryBaseC2Ev
FNDA:3,_ZN7testing8internal15TestFactoryImplI47reemplazarSubAudioTEST_unElementoYPresente_TestED0Ev
FNDA:3,_ZN7testing8internal15TestFactoryImplI47reemplazarSubAudioTEST_unElementoYPresente_TestED2Ev
FNDA:3,_ZN7testing8internal15TestFactoryImplI52reemplazarSubAudioTEST_variosElementosYPresente_TestED0Ev
FNDA:3,_ZN7testing8internal15TestFactoryImplI52reemplazarSubAudioTEST_variosElementosYPresente_TestED2Ev
FNDA:3,_ZN7testing8internal15TestFactoryImplI52reemplazarSubAudioTEST_variosElementosYPresente_TestEC2Ev
FNDA:3,_ZN7testing8internal15TestFactoryImplI47reemplazarSubAudioTEST_unElementoYPresente_TestEC2Ev
FNDA:3,_ZN7testing8internal15TestFactoryImplI47reemplazarSubAudioTEST_unElementoYPresente_TestE10CreateTestEv
FNDA:3,_ZN7testing8internal15TestFactoryImplI52reemplazarSubAudioTEST_variosElementosYPresente_TestE10CreateTestEv
FNDA:0,_ZN7testing8internal12CodeLocationD2Ev
FNDA:0,_ZN7testing8internal12CodeLocationC2ERKNSt7__cxx1112basic_stringIcSt11char_traitsIcESaIcEEEi
FNF:13
FNH:8
DA:466,0
DA:473,0
DA:482,18
DA:484,6
DA:504,0
DA:505,0
DA:506,0
LF:7
LH:2
end_of_record
SF:/home/mzuleta/TPI/MIR/tests/reemplazarSubAudio.cpp
FN:7,_ZN47reemplazarSubAudioTEST_unElementoYPresente_Test8TestBodyEv
FN:7,_ZN47reemplazarSubAudioTEST_unElementoYPresente_TestC2Ev
FN:7,_ZN47reemplazarSubAudioTEST_unElementoYPresente_TestD0Ev
FN:7,_ZN47reemplazarSubAudioTEST_unElementoYPresente_TestD2Ev
FN:19,_ZN52reemplazarSubAudioTEST_variosElementosYPresente_TestD2Ev
FN:19,_ZN52reemplazarSubAudioTEST_variosElementosYPresente_Test8TestBodyEv
FN:19,_ZN52reemplazarSubAudioTEST_variosElementosYPresente_TestC2Ev
FN:19,_ZN52reemplazarSubAudioTEST_variosElementosYPresente_TestD0Ev
FN:29,_GLOBAL__sub_I__ZN47reemplazarSubAudioTEST_unElementoYPresente_Test10test_info_E
FN:29,_Z41__static_initialization_and_destruction_0ii
FNDA:3,_ZN47reemplazarSubAudioTEST_unElementoYPresente_TestD0Ev
FNDA:3,_ZN47reemplazarSubAudioTEST_unElementoYPresente_TestD2Ev
FNDA:3,_ZN47reemplazarSubAudioTEST_unElementoYPresente_Test8TestBodyEv
FNDA:3,_ZN47reemplazarSubAudioTEST_unElementoYPresente_TestC2Ev
FNDA:3,_ZN52reemplazarSubAudioTEST_variosElementosYPresente_TestD0Ev
FNDA:3,_ZN52reemplazarSubAudioTEST_variosElementosYPresente_TestD2Ev
FNDA:3,_ZN52reemplazarSubAudioTEST_variosElementosYPresente_Test8TestBodyEv
FNDA:3,_ZN52reemplazarSubAudioTEST_variosElementosYPresente_TestC2Ev
FNDA:3,_GLOBAL__sub_I__ZN47reemplazarSubAudioTEST_unElementoYPresente_Test10test_info_E
FNDA:3,_Z41__static_initialization_and_destruction_0ii
FNF:10
FNH:10
DA:7,15
DA:8,6
DA:9,6
DA:10,6
DA:11,3
DA:12,6
DA:14,3
DA:16,3
DA:17,3
DA:19,15
DA:20,6
DA:21,6
DA:22,6
DA:23,3
DA:24,6
DA:26,3
DA:28,3
DA:29,12
LF:18
LH:18
end_of_record
SF:/usr/include/c++/7/bits/alloc_traits.h
FN:435,_ZNSt16allocator_traitsISaIiEE8allocateERS0_m
FN:461,_ZNSt16allocator_traitsISaIiEE10deallocateERS0_Pim
FN:504,_ZNSt16allocator_traitsISaIiEE37select_on_container_copy_constructionERKS0_
FNDA:0,_ZNSt16allocator_traitsISaIiEE8allocateERS0_m
FNDA:0,_ZNSt16allocator_traitsISaIiEE10deallocateERS0_Pim
FNDA:0,_ZNSt16allocator_traitsISaIiEE37select_on_container_copy_constructionERKS0_
FNF:3
FNH:0
DA:435,0
DA:436,0
DA:461,0
DA:462,0
DA:504,0
DA:505,0
LF:6
LH:0
end_of_record
SF:/usr/include/c++/7/bits/allocator.h
FN:131,_ZNSaIiEC2Ev
FN:133,_ZNSaIiEC2ERKS_
FN:139,_ZNSaIiED2Ev
FNDA:0,_ZNSaIiEC2Ev
FNDA:0,_ZNSaIiEC2ERKS_
FNDA:0,_ZNSaIiED2Ev
FNF:3
FNH:0
DA:131,0
DA:133,0
DA:134,0
DA:139,0
LF:4
LH:0
end_of_record
SF:/usr/include/c++/7/bits/cpp_type_traits.h
FN:408,_ZSt12__miter_baseIPKiET_S2_
FN:408,_ZSt12__miter_baseIN9__gnu_cxx17__normal_iteratorIPKiSt6vectorIiSaIiEEEEET_S8_
FNDA:0,_ZSt12__miter_baseIPKiET_S2_
FNDA:0,_ZSt12__miter_baseIN9__gnu_cxx17__normal_iteratorIPKiSt6vectorIiSaIiEEEEET_S8_
FNF:2
FNH:0
DA:408,0
DA:409,0
LF:2
LH:0
end_of_record
SF:/usr/include/c++/7/bits/stl_algobase.h
FN:277,_ZSt12__niter_baseIPiET_S1_
FN:277,_ZSt12__niter_baseIPKiET_S2_
FN:357,_ZNSt11__copy_moveILb0ELb1ESt26random_access_iterator_tagE8__copy_mIiEEPT_PKS3_S6_S4_
FN:375,_ZSt13__copy_move_aILb0EPKiPiET1_T0_S4_S3_
FN:420,_ZSt14__copy_move_a2ILb0EN9__gnu_cxx17__normal_iteratorIPKiSt6vectorIiSaIiEEEEPiET1_T0_SA_S9_
FN:420,_ZSt14__copy_move_a2ILb0EPKiPiET1_T0_S4_S3_
FN:446,_ZSt4copyIPKiPiET0_T_S4_S3_
FN:446,_ZSt4copyIN9__gnu_cxx17__normal_iteratorIPKiSt6vectorIiSaIiEEEEPiET0_T_SA_S9_
FNDA:0,_ZSt12__niter_baseIPKiET_S2_
FNDA:0,_ZSt12__niter_baseIPiET_S1_
FNDA:0,_ZNSt11__copy_moveILb0ELb1ESt26random_access_iterator_tagE8__copy_mIiEEPT_PKS3_S6_S4_
FNDA:0,_ZSt13__copy_move_aILb0EPKiPiET1_T0_S4_S3_
FNDA:0,_ZSt14__copy_move_a2ILb0EPKiPiET1_T0_S4_S3_
FNDA:0,_ZSt14__copy_move_a2ILb0EN9__gnu_cxx17__normal_iteratorIPKiSt6vectorIiSaIiEEEEPiET1_T0_SA_S9_
FNDA:0,_ZSt4copyIPKiPiET0_T_S4_S3_
FNDA:0,_ZSt4copyIN9__gnu_cxx17__normal_iteratorIPKiSt6vectorIiSaIiEEEEPiET0_T_SA_S9_
FNF:8
FNH:0
DA:277,0
DA:278,0
DA:357,0
DA:366,0
DA:367,0
DA:368,0
DA:369,0
DA:375,0
DA:380,0
DA:386,0
DA:420,0
DA:422,0
DA:424,0
DA:446,0
DA:455,0
DA:456,0
LF:16
LH:0
end_of_record
SF:/usr/include/c++/7/bits/stl_construct.h
FN:117,_ZNSt12_Destroy_auxILb1EE9__destroyIPiEEvT_S3_
FN:127,_ZSt8_DestroyIPiEvT_S1_
FN:203,_ZSt8_DestroyIPiiEvT_S1_RSaIT0_E
FNDA:0,_ZNSt12_Destroy_auxILb1EE9__destroyIPiEEvT_S3_
FNDA:0,_ZSt8_DestroyIPiEvT_S1_
FNDA:0,_ZSt8_DestroyIPiiEvT_S1_RSaIT0_E
FNF:3
FNH:0
DA:117,0
DA:127,0
DA:137,0
DA:138,0
DA:203,0
DA:206,0
DA:207,0
LF:7
LH:0
end_of_record
SF:/usr/include/c++/7/bits/stl_iterator.h
FN:782,_ZN9__gnu_cxx17__normal_iteratorIPKiSt6vectorIiSaIiEEEC2ERKS2_
FN:847,_ZNK9__gnu_cxx17__normal_iteratorIPKiSt6vectorIiSaIiEEE4baseEv
FN:986,_ZSt12__niter_baseIPKiSt6vectorIiSaIiEEET_N9__gnu_cxx17__normal_iteratorIS5_T0_EE
FNDA:0,_ZN9__gnu_cxx17__normal_iteratorIPKiSt6vectorIiSaIiEEEC2ERKS2_
FNDA:0,_ZNK9__gnu_cxx17__normal_iteratorIPKiSt6vectorIiSaIiEEE4baseEv
FNDA:0,_ZSt12__niter_baseIPKiSt6vectorIiSaIiEEET_N9__gnu_cxx17__normal_iteratorIS5_T0_EE
FNF:3
FNH:0
DA:782,0
DA:783,0
DA:847,0
DA:848,0
DA:986,0
DA:987,0
LF:6
LH:0
end_of_record
SF:/usr/include/c++/7/bits/stl_iterator_base_funcs.h
FN:98,_ZSt10__distanceIPKiENSt15iterator_traitsIT_E15difference_typeES3_S3_St26random_access_iterator_tag
FN:138,_ZSt8distanceIPKiENSt15iterator_traitsIT_E15difference_typeES3_S3_
FNDA:0,_ZSt10__distanceIPKiENSt15iterator_traitsIT_E15difference_typeES3_S3_St26random_access_iterator_tag
FNDA:0,_ZSt8distanceIPKiENSt15iterator_traitsIT_E15difference_typeES3_S3_
FNF:2
FNH:0
DA:98,0
DA:104,0
DA:138,0
DA:141,0
DA:142,0
LF:5
LH:0
end_of_record
SF:/usr/include/c++/7/bits/stl_iterator_base_types.h
FN:205,_ZSt19__iterator_categoryIPKiENSt15iterator_traitsIT_E17iterator_categoryERKS3_
FNDA:0,_ZSt19__iterator_categoryIPKiENSt15iterator_traitsIT_E17iterator_categoryERKS3_
FNF:1
FNH:0
DA:205,0
DA:206,0
LF:2
LH:0
end_of_record
SF:/usr/include/c++/7/bits/stl_uninitialized.h
FN:99,_ZNSt20__uninitialized_copyILb1EE13__uninit_copyIN9__gnu_cxx17__normal_iteratorIPKiSt6vectorIiSaIiEEEEPiEET0_T_SC_SB_
FN:99,_ZNSt20__uninitialized_copyILb1EE13__uninit_copyIPKiPiEET0_T_S6_S5_
FN:115,_ZSt18uninitialized_copyIPKiPiET0_T_S4_S3_
FN:115,_ZSt18uninitialized_copyIN9__gnu_cxx17__normal_iteratorIPKiSt6vectorIiSaIiEEEEPiET0_T_SA_S9_
FN:287,_ZSt22__uninitialized_copy_aIPKiPiiET0_T_S4_S3_RSaIT1_E
FN:287,_ZSt22__uninitialized_copy_aIN9__gnu_cxx17__normal_iteratorIPKiSt6vectorIiSaIiEEEEPiiET0_T_SA_S9_RSaIT1_E
FNDA:0,_ZNSt20__uninitialized_copyILb1EE13__uninit_copyIPKiPiEET0_T_S6_S5_
FNDA:0,_ZNSt20__uninitialized_copyILb1EE13__uninit_copyIN9__gnu_cxx17__normal_iteratorIPKiSt6vectorIiSaIiEEEEPiEET0_T_SC_SB_
FNDA:0,_ZSt18uninitialized_copyIPKiPiET0_T_S4_S3_
FNDA:0,_ZSt18uninitialized_copyIN9__gnu_cxx17__normal_iteratorIPKiSt6vectorIiSaIiEEEEPiET0_T_SA_S9_
FNDA:0,_ZSt22__uninitialized_copy_aIPKiPiiET0_T_S4_S3_RSaIT1_E
FNDA:0,_ZSt22__uninitialized_copy_aIN9__gnu_cxx17__normal_iteratorIPKiSt6vectorIiSaIiEEEEPiiET0_T_SA_S9_RSaIT1_E
FNF:6
FNH:0
DA:99,0
DA:101,0
DA:115,0
DA:128,0
DA:134,0
DA:287,0
DA:289,0
LF:7
LH:0
end_of_record
SF:/usr/include/c++/7/bits/stl_vector.h
FN:81,_ZNSt12_Vector_baseIiSaIiEE12_Vector_implD2Ev
FN:92,_ZNSt12_Vector_baseIiSaIiEE12_Vector_implC2ERKS0_
FN:115,_ZNSt12_Vector_baseIiSaIiEE19_M_get_Tp_allocatorEv
FN:119,_ZNKSt12_Vector_baseIiSaIiEE19_M_get_Tp_allocatorEv
FN:129,_ZNSt12_Vector_baseIiSaIiEEC2ERKS0_
FN:136,_ZNSt12_Vector_baseIiSaIiEEC2EmRKS0_
FN:161,_ZNSt12_Vector_baseIiSaIiEED2Ev
FN:169,_ZNSt12_Vector_baseIiSaIiEE11_M_allocateEm
FN:176,_ZNSt12_Vector_baseIiSaIiEE13_M_deallocateEPim
FN:185,_ZNSt12_Vector_baseIiSaIiEE17_M_create_storageEm
FN:326,_ZNSt6vectorIiSaIiEEC2ERKS1_
FN:383,_ZNSt6vectorIiSaIiEEC2ESt16initializer_listIiERKS0_
FN:433,_ZNSt6vectorIiSaIiEED2Ev
FN:572,_ZNKSt6vectorIiSaIiEE5beginEv
FN:590,_ZNKSt6vectorIiSaIiEE3endEv
FN:670,_ZNKSt6vectorIiSaIiEE4sizeEv
FN:1324,_ZNSt6vectorIiSaIiEE19_M_range_initializeIPKiEEvT_S5_St20forward_iterator_tag
FNDA:0,_ZNSt12_Vector_baseIiSaIiEE12_Vector_implD2Ev
FNDA:0,_ZNSt12_Vector_baseIiSaIiEE12_Vector_implC2ERKS0_
FNDA:0,_ZNSt12_Vector_baseIiSaIiEE19_M_get_Tp_allocatorEv
FNDA:0,_ZNKSt12_Vector_baseIiSaIiEE19_M_get_Tp_allocatorEv
FNDA:0,_ZNSt12_Vector_baseIiSaIiEEC2ERKS0_
FNDA:0,_ZNSt12_Vector_baseIiSaIiEEC2EmRKS0_
FNDA:0,_ZNSt12_Vector_baseIiSaIiEED2Ev
FNDA:0,_ZNSt12_Vector_baseIiSaIiEE11_M_allocateEm
FNDA:0,_ZNSt12_Vector_baseIiSaIiEE13_M_deallocateEPim
FNDA:0,_ZNSt12_Vector_baseIiSaIiEE17_M_create_storageEm
FNDA:0,_ZNSt6vectorIiSaIiEEC2ERKS1_
FNDA:0,_ZNSt6vectorIiSaIiEEC2ESt16initializer_listIiERKS0_
FNDA:0,_ZNSt6vectorIiSaIiEED2Ev
FNDA:0,_ZNKSt6vectorIiSaIiEE5beginEv
FNDA:0,_ZNKSt6vectorIiSaIiEE3endEv
FNDA:0,_ZNKSt6vectorIiSaIiEE4sizeEv
FNDA:0,_ZNSt6vectorIiSaIiEE19_M_range_initializeIPKiEEvT_S5_St20forward_iterator_tag
FNF:17
FNH:0
DA:81,0
DA:92,0
DA:93,0
DA:94,0
DA:115,0
DA:116,0
DA:119,0
DA:120,0
DA:129,0
DA:130,0
DA:136,0
DA:137,0
DA:138,0
DA:161,0
DA:162,0
DA:163,0
DA:169,0
DA:172,0
DA:176,0
DA:179,0
DA:180,0
DA:181,0
DA:185,0
DA:187,0
DA:188,0
DA:189,0
DA:190,0
DA:326,0
DA:328,0
DA:330,0
DA:331,0
DA:333,0
DA:334,0
DA:383,0
DA:385,0
DA:387,0
DA:389,0
DA:433,0
DA:434,0
DA:435,0
DA:572,0
DA:573,0
DA:590,0
DA:591,0
DA:670,0
DA:671,0
DA:1324,0
DA:1327,0
DA:1328,0
DA:1329,0
DA:1330,0
DA:1331,0
DA:1333,0
DA:1334,0
LF:54
LH:0
end_of_record
SF:/usr/include/c++/7/ext/alloc_traits.h
FN:94,_ZN9__gnu_cxx14__alloc_traitsISaIiEE17_S_select_on_copyERKS1_
FNDA:0,_ZN9__gnu_cxx14__alloc_traitsISaIiEE17_S_select_on_copyERKS1_
FNF:1
FNH:0
DA:94,0
DA:95,0
LF:2
LH:0
end_of_record
SF:/usr/include/c++/7/ext/new_allocator.h
FN:79,_ZN9__gnu_cxx13new_allocatorIiEC2Ev
FN:81,_ZN9__gnu_cxx13new_allocatorIiEC2ERKS1_
FN:86,_ZN9__gnu_cxx13new_allocatorIiED2Ev
FN:99,_ZN9__gnu_cxx13new_allocatorIiE8allocateEmPKv
FN:116,_ZN9__gnu_cxx13new_allocatorIiE10deallocateEPim
FN:129,_ZNK9__gnu_cxx13new_allocatorIiE8max_sizeEv
FNDA:0,_ZN9__gnu_cxx13new_allocatorIiEC2Ev
FNDA:0,_ZN9__gnu_cxx13new_allocatorIiEC2ERKS1_
FNDA:0,_ZN9__gnu_cxx13new_allocatorIiED2Ev
FNDA:0,_ZN9__gnu_cxx13new_allocatorIiE8allocateEmPKv
FNDA:0,_ZN9__gnu_cxx13new_allocatorIiE10deallocateEPim
FNDA:0,_ZNK9__gnu_cxx13new_allocatorIiE8max_sizeEv
FNF:6
FNH:0
DA:79,0
DA:81,0
DA:86,0
DA:99,0
DA:101,0
DA:102,0
DA:111,0
DA:116,0
DA:125,0
DA:126,0
DA:129,0
DA:130,0
LF:12
LH:0
end_of_record
SF:/usr/include/c++/7/initializer_list
FN:71,_ZNKSt16initializer_listIiE4sizeEv
FN:75,_ZNKSt16initializer_listIiE5beginEv
FN:79,_ZNKSt16initializer_listIiE3endEv
FNDA:0,_ZNKSt16initializer_listIiE4sizeEv
FNDA:0,_ZNKSt16initializer_listIiE5beginEv
FNDA:0,_ZNKSt16initializer_listIiE3endEv
FNF:3
FNH:0
DA:71,0
DA:75,0
DA:79,0
LF:3
LH:0
end_of_record
SF:/usr/include/c++/7/iostream
DA:74,3
LF:1
LH:1
end_of_record
TN:
SF:/home/mzuleta/TPI/MIR/lib/googletest-master/googletest/include/gtest/gtest.h
FN:389,_ZN7testing4Test13SetUpTestCaseEv
FN:397,_ZN7testing4Test16TearDownTestCaseEv
FN:474,_ZN7testing4Test5SetupEv
FNDA:0,_ZN7testing4Test13SetUpTestCaseEv
FNDA:0,_ZN7testing4Test16TearDownTestCaseEv
FNDA:0,_ZN7testing4Test5SetupEv
FNF:3
FNH:0
DA:389,0
DA:397,0
DA:474,0
LF:3
LH:0
end_of_record
SF:/home/mzuleta/TPI/MIR/lib/googletest-master/googletest/include/gtest/internal/gtest-internal.h
FN:466,_ZN7testing8internal15TestFactoryBaseD2Ev
FN:466,_ZN7testing8internal15TestFactoryBaseD0Ev
FN:473,_ZN7testing8internal15TestFactoryBaseC2Ev
FN:482,_ZN7testing8internal15TestFactoryImplI36revertirAudioValidoTEST_unCanal_TestEC2Ev
FN:482,_ZN7testing8internal15TestFactoryImplI36revertirAudioValidoTEST_unCanal_TestED2Ev
FN:482,_ZN7testing8internal15TestFactoryImplI39revertirAudioValidoTEST_dosCanales_TestEC2Ev
FN:482,_ZN7testing8internal15TestFactoryImplI36revertirAudioValidoTEST_unCanal_TestED0Ev
FN:482,_ZN7testing8internal15TestFactoryImplI39revertirAudioValidoTEST_dosCanales_TestED2Ev
FN:482,_ZN7testing8internal15TestFactoryImplI39revertirAudioValidoTEST_dosCanales_TestED0Ev
FN:484,_ZN7testing8internal15TestFactoryImplI39revertirAudioValidoTEST_dosCanales_TestE10CreateTestEv
FN:484,_ZN7testing8internal15TestFactoryImplI36revertirAudioValidoTEST_unCanal_TestE10CreateTestEv
FN:504,_ZN7testing8internal12CodeLocationD2Ev
FN:505,_ZN7testing8internal12CodeLocationC2ERKNSt7__cxx1112basic_stringIcSt11char_traitsIcESaIcEEEi
FNDA:0,_ZN7testing8internal15TestFactoryBaseD0Ev
FNDA:0,_ZN7testing8internal15TestFactoryBaseD2Ev
FNDA:0,_ZN7testing8internal15TestFactoryBaseC2Ev
FNDA:3,_ZN7testing8internal15TestFactoryImplI36revertirAudioValidoTEST_unCanal_TestED0Ev
FNDA:3,_ZN7testing8internal15TestFactoryImplI36revertirAudioValidoTEST_unCanal_TestED2Ev
FNDA:3,_ZN7testing8internal15TestFactoryImplI39revertirAudioValidoTEST_dosCanales_TestED0Ev
FNDA:3,_ZN7testing8internal15TestFactoryImplI39revertirAudioValidoTEST_dosCanales_TestED2Ev
FNDA:3,_ZN7testing8internal15TestFactoryImplI39revertirAudioValidoTEST_dosCanales_TestEC2Ev
FNDA:3,_ZN7testing8internal15TestFactoryImplI36revertirAudioValidoTEST_unCanal_TestEC2Ev
FNDA:3,_ZN7testing8internal15TestFactoryImplI36revertirAudioValidoTEST_unCanal_TestE10CreateTestEv
FNDA:3,_ZN7testing8internal15TestFactoryImplI39revertirAudioValidoTEST_dosCanales_TestE10CreateTestEv
FNDA:0,_ZN7testing8internal12CodeLocationD2Ev
FNDA:0,_ZN7testing8internal12CodeLocationC2ERKNSt7__cxx1112basic_stringIcSt11char_traitsIcESaIcEEEi
FNF:13
FNH:8
DA:466,0
DA:473,0
DA:482,18
DA:484,6
DA:504,0
DA:505,0
DA:506,0
LF:7
LH:2
end_of_record
SF:/home/mzuleta/TPI/MIR/tests/revertirAudioTEST.cpp
FN:7,_ZN36revertirAudioValidoTEST_unCanal_TestD2Ev
FN:7,_ZN36revertirAudioValidoTEST_unCanal_Test8TestBodyEv
FN:7,_ZN36revertirAudioValidoTEST_unCanal_TestC2Ev
FN:7,_ZN36revertirAudioValidoTEST_unCanal_TestD0Ev
FN:16,_ZN39revertirAudioValidoTEST_dosCanales_Test8TestBodyEv
FN:16,_ZN39revertirAudioValidoTEST_dosCanales_TestD2Ev
FN:16,_ZN39revertirAudioValidoTEST_dosCanales_TestC2Ev
FN:16,_ZN39revertirAudioValidoTEST_dosCanales_TestD0Ev
FN:23,_Z41__static_initialization_and_destruction_0ii
FN:23,_GLOBAL__sub_I__ZN36revertirAudioValidoTEST_unCanal_Test10test_info_E
FNDA:3,_ZN36revertirAudioValidoTEST_unCanal_TestD0Ev
FNDA:3,_ZN36revertirAudioValidoTEST_unCanal_TestD2Ev
FNDA:3,_ZN36revertirAudioValidoTEST_unCanal_Test8TestBodyEv
FNDA:3,_ZN36revertirAudioValidoTEST_unCanal_TestC2Ev
FNDA:3,_ZN39revertirAudioValidoTEST_dosCanales_TestD0Ev
FNDA:3,_ZN39revertirAudioValidoTEST_dosCanales_TestD2Ev
FNDA:3,_ZN39revertirAudioValidoTEST_dosCanales_Test8TestBodyEv
FNDA:3,_ZN39revertirAudioValidoTEST_dosCanales_TestC2Ev
FNDA:3,_GLOBAL__sub_I__ZN36revertirAudioValidoTEST_unCanal_Test10test_info_E
FNDA:3,_Z41__static_initialization_and_destruction_0ii
FNF:10
FNH:10
DA:7,15
DA:8,6
DA:9,3
DA:10,3
DA:11,6
DA:13,3
DA:14,3
DA:16,15
DA:17,6
DA:18,3
DA:19,3
DA:20,6
DA:22,3
DA:23,12
LF:14
LH:14
end_of_record
SF:/usr/include/c++/7/bits/alloc_traits.h
FN:435,_ZNSt16allocator_traitsISaIiEE8allocateERS0_m
FN:461,_ZNSt16allocator_traitsISaIiEE10deallocateERS0_Pim
FN:504,_ZNSt16allocator_traitsISaIiEE37select_on_container_copy_constructionERKS0_
FNDA:0,_ZNSt16allocator_traitsISaIiEE8allocateERS0_m
FNDA:0,_ZNSt16allocator_traitsISaIiEE10deallocateERS0_Pim
FNDA:0,_ZNSt16allocator_traitsISaIiEE37select_on_container_copy_constructionERKS0_
FNF:3
FNH:0
DA:435,0
DA:436,0
DA:461,0
DA:462,0
DA:504,0
DA:505,0
LF:6
LH:0
end_of_record
SF:/usr/include/c++/7/bits/allocator.h
FN:131,_ZNSaIiEC2Ev
FN:133,_ZNSaIiEC2ERKS_
FN:139,_ZNSaIiED2Ev
FNDA:0,_ZNSaIiEC2Ev
FNDA:0,_ZNSaIiEC2ERKS_
FNDA:0,_ZNSaIiED2Ev
FNF:3
FNH:0
DA:131,0
DA:133,0
DA:134,0
DA:139,0
LF:4
LH:0
end_of_record
SF:/usr/include/c++/7/bits/cpp_type_traits.h
FN:408,_ZSt12__miter_baseIPKiET_S2_
FN:408,_ZSt12__miter_baseIN9__gnu_cxx17__normal_iteratorIPKiSt6vectorIiSaIiEEEEET_S8_
FNDA:0,_ZSt12__miter_baseIPKiET_S2_
FNDA:0,_ZSt12__miter_baseIN9__gnu_cxx17__normal_iteratorIPKiSt6vectorIiSaIiEEEEET_S8_
FNF:2
FNH:0
DA:408,0
DA:409,0
LF:2
LH:0
end_of_record
SF:/usr/include/c++/7/bits/stl_algobase.h
FN:277,_ZSt12__niter_baseIPiET_S1_
FN:277,_ZSt12__niter_baseIPKiET_S2_
FN:357,_ZNSt11__copy_moveILb0ELb1ESt26random_access_iterator_tagE8__copy_mIiEEPT_PKS3_S6_S4_
FN:375,_ZSt13__copy_move_aILb0EPKiPiET1_T0_S4_S3_
FN:420,_ZSt14__copy_move_a2ILb0EPKiPiET1_T0_S4_S3_
FN:420,_ZSt14__copy_move_a2ILb0EN9__gnu_cxx17__normal_iteratorIPKiSt6vectorIiSaIiEEEEPiET1_T0_SA_S9_
FN:446,_ZSt4copyIPKiPiET0_T_S4_S3_
FN:446,_ZSt4copyIN9__gnu_cxx17__normal_iteratorIPKiSt6vectorIiSaIiEEEEPiET0_T_SA_S9_
FNDA:0,_ZSt12__niter_baseIPKiET_S2_
FNDA:0,_ZSt12__niter_baseIPiET_S1_
FNDA:0,_ZNSt11__copy_moveILb0ELb1ESt26random_access_iterator_tagE8__copy_mIiEEPT_PKS3_S6_S4_
FNDA:0,_ZSt13__copy_move_aILb0EPKiPiET1_T0_S4_S3_
FNDA:0,_ZSt14__copy_move_a2ILb0EPKiPiET1_T0_S4_S3_
FNDA:0,_ZSt14__copy_move_a2ILb0EN9__gnu_cxx17__normal_iteratorIPKiSt6vectorIiSaIiEEEEPiET1_T0_SA_S9_
FNDA:0,_ZSt4copyIPKiPiET0_T_S4_S3_
FNDA:0,_ZSt4copyIN9__gnu_cxx17__normal_iteratorIPKiSt6vectorIiSaIiEEEEPiET0_T_SA_S9_
FNF:8
FNH:0
DA:277,0
DA:278,0
DA:357,0
DA:366,0
DA:367,0
DA:368,0
DA:369,0
DA:375,0
DA:380,0
DA:386,0
DA:420,0
DA:422,0
DA:424,0
DA:446,0
DA:455,0
DA:456,0
LF:16
LH:0
end_of_record
SF:/usr/include/c++/7/bits/stl_construct.h
FN:117,_ZNSt12_Destroy_auxILb1EE9__destroyIPiEEvT_S3_
FN:127,_ZSt8_DestroyIPiEvT_S1_
FN:203,_ZSt8_DestroyIPiiEvT_S1_RSaIT0_E
FNDA:0,_ZNSt12_Destroy_auxILb1EE9__destroyIPiEEvT_S3_
FNDA:0,_ZSt8_DestroyIPiEvT_S1_
FNDA:0,_ZSt8_DestroyIPiiEvT_S1_RSaIT0_E
FNF:3
FNH:0
DA:117,0
DA:127,0
DA:137,0
DA:138,0
DA:203,0
DA:206,0
DA:207,0
LF:7
LH:0
end_of_record
SF:/usr/include/c++/7/bits/stl_iterator.h
FN:782,_ZN9__gnu_cxx17__normal_iteratorIPKiSt6vectorIiSaIiEEEC2ERKS2_
FN:847,_ZNK9__gnu_cxx17__normal_iteratorIPKiSt6vectorIiSaIiEEE4baseEv
FN:986,_ZSt12__niter_baseIPKiSt6vectorIiSaIiEEET_N9__gnu_cxx17__normal_iteratorIS5_T0_EE
FNDA:0,_ZN9__gnu_cxx17__normal_iteratorIPKiSt6vectorIiSaIiEEEC2ERKS2_
FNDA:0,_ZNK9__gnu_cxx17__normal_iteratorIPKiSt6vectorIiSaIiEEE4baseEv
FNDA:0,_ZSt12__niter_baseIPKiSt6vectorIiSaIiEEET_N9__gnu_cxx17__normal_iteratorIS5_T0_EE
FNF:3
FNH:0
DA:782,0
DA:783,0
DA:847,0
DA:848,0
DA:986,0
DA:987,0
LF:6
LH:0
end_of_record
SF:/usr/include/c++/7/bits/stl_iterator_base_funcs.h
FN:98,_ZSt10__distanceIPKiENSt15iterator_traitsIT_E15difference_typeES3_S3_St26random_access_iterator_tag
FN:138,_ZSt8distanceIPKiENSt15iterator_traitsIT_E15difference_typeES3_S3_
FNDA:0,_ZSt10__distanceIPKiENSt15iterator_traitsIT_E15difference_typeES3_S3_St26random_access_iterator_tag
FNDA:0,_ZSt8distanceIPKiENSt15iterator_traitsIT_E15difference_typeES3_S3_
FNF:2
FNH:0
DA:98,0
DA:104,0
DA:138,0
DA:141,0
DA:142,0
LF:5
LH:0
end_of_record
SF:/usr/include/c++/7/bits/stl_iterator_base_types.h
FN:205,_ZSt19__iterator_categoryIPKiENSt15iterator_traitsIT_E17iterator_categoryERKS3_
FNDA:0,_ZSt19__iterator_categoryIPKiENSt15iterator_traitsIT_E17iterator_categoryERKS3_
FNF:1
FNH:0
DA:205,0
DA:206,0
LF:2
LH:0
end_of_record
SF:/usr/include/c++/7/bits/stl_uninitialized.h
FN:99,_ZNSt20__uninitialized_copyILb1EE13__uninit_copyIN9__gnu_cxx17__normal_iteratorIPKiSt6vectorIiSaIiEEEEPiEET0_T_SC_SB_
FN:99,_ZNSt20__uninitialized_copyILb1EE13__uninit_copyIPKiPiEET0_T_S6_S5_
FN:115,_ZSt18uninitialized_copyIN9__gnu_cxx17__normal_iteratorIPKiSt6vectorIiSaIiEEEEPiET0_T_SA_S9_
FN:115,_ZSt18uninitialized_copyIPKiPiET0_T_S4_S3_
FN:287,_ZSt22__uninitialized_copy_aIPKiPiiET0_T_S4_S3_RSaIT1_E
FN:287,_ZSt22__uninitialized_copy_aIN9__gnu_cxx17__normal_iteratorIPKiSt6vectorIiSaIiEEEEPiiET0_T_SA_S9_RSaIT1_E
FNDA:0,_ZNSt20__uninitialized_copyILb1EE13__uninit_copyIPKiPiEET0_T_S6_S5_
FNDA:0,_ZNSt20__uninitialized_copyILb1EE13__uninit_copyIN9__gnu_cxx17__normal_iteratorIPKiSt6vectorIiSaIiEEEEPiEET0_T_SC_SB_
FNDA:0,_ZSt18uninitialized_copyIPKiPiET0_T_S4_S3_
FNDA:0,_ZSt18uninitialized_copyIN9__gnu_cxx17__normal_iteratorIPKiSt6vectorIiSaIiEEEEPiET0_T_SA_S9_
FNDA:0,_ZSt22__uninitialized_copy_aIPKiPiiET0_T_S4_S3_RSaIT1_E
FNDA:0,_ZSt22__uninitialized_copy_aIN9__gnu_cxx17__normal_iteratorIPKiSt6vectorIiSaIiEEEEPiiET0_T_SA_S9_RSaIT1_E
FNF:6
FNH:0
DA:99,0
DA:101,0
DA:115,0
DA:128,0
DA:134,0
DA:287,0
DA:289,0
LF:7
LH:0
end_of_record
SF:/usr/include/c++/7/bits/stl_vector.h
FN:81,_ZNSt12_Vector_baseIiSaIiEE12_Vector_implD2Ev
FN:92,_ZNSt12_Vector_baseIiSaIiEE12_Vector_implC2ERKS0_
FN:115,_ZNSt12_Vector_baseIiSaIiEE19_M_get_Tp_allocatorEv
FN:119,_ZNKSt12_Vector_baseIiSaIiEE19_M_get_Tp_allocatorEv
FN:129,_ZNSt12_Vector_baseIiSaIiEEC2ERKS0_
FN:136,_ZNSt12_Vector_baseIiSaIiEEC2EmRKS0_
FN:161,_ZNSt12_Vector_baseIiSaIiEED2Ev
FN:169,_ZNSt12_Vector_baseIiSaIiEE11_M_allocateEm
FN:176,_ZNSt12_Vector_baseIiSaIiEE13_M_deallocateEPim
FN:185,_ZNSt12_Vector_baseIiSaIiEE17_M_create_storageEm
FN:326,_ZNSt6vectorIiSaIiEEC2ERKS1_
FN:383,_ZNSt6vectorIiSaIiEEC2ESt16initializer_listIiERKS0_
FN:433,_ZNSt6vectorIiSaIiEED2Ev
FN:572,_ZNKSt6vectorIiSaIiEE5beginEv
FN:590,_ZNKSt6vectorIiSaIiEE3endEv
FN:670,_ZNKSt6vectorIiSaIiEE4sizeEv
FN:1324,_ZNSt6vectorIiSaIiEE19_M_range_initializeIPKiEEvT_S5_St20forward_iterator_tag
FNDA:0,_ZNSt12_Vector_baseIiSaIiEE12_Vector_implD2Ev
FNDA:0,_ZNSt12_Vector_baseIiSaIiEE12_Vector_implC2ERKS0_
FNDA:0,_ZNSt12_Vector_baseIiSaIiEE19_M_get_Tp_allocatorEv
FNDA:0,_ZNKSt12_Vector_baseIiSaIiEE19_M_get_Tp_allocatorEv
FNDA:0,_ZNSt12_Vector_baseIiSaIiEEC2ERKS0_
FNDA:0,_ZNSt12_Vector_baseIiSaIiEEC2EmRKS0_
FNDA:0,_ZNSt12_Vector_baseIiSaIiEED2Ev
FNDA:0,_ZNSt12_Vector_baseIiSaIiEE11_M_allocateEm
FNDA:0,_ZNSt12_Vector_baseIiSaIiEE13_M_deallocateEPim
FNDA:0,_ZNSt12_Vector_baseIiSaIiEE17_M_create_storageEm
FNDA:0,_ZNSt6vectorIiSaIiEEC2ERKS1_
FNDA:0,_ZNSt6vectorIiSaIiEEC2ESt16initializer_listIiERKS0_
FNDA:0,_ZNSt6vectorIiSaIiEED2Ev
FNDA:0,_ZNKSt6vectorIiSaIiEE5beginEv
FNDA:0,_ZNKSt6vectorIiSaIiEE3endEv
FNDA:0,_ZNKSt6vectorIiSaIiEE4sizeEv
FNDA:0,_ZNSt6vectorIiSaIiEE19_M_range_initializeIPKiEEvT_S5_St20forward_iterator_tag
FNF:17
FNH:0
DA:81,0
DA:92,0
DA:93,0
DA:94,0
DA:115,0
DA:116,0
DA:119,0
DA:120,0
DA:129,0
DA:130,0
DA:136,0
DA:137,0
DA:138,0
DA:161,0
DA:162,0
DA:163,0
DA:169,0
DA:172,0
DA:176,0
DA:179,0
DA:180,0
DA:181,0
DA:185,0
DA:187,0
DA:188,0
DA:189,0
DA:190,0
DA:326,0
DA:328,0
DA:330,0
DA:331,0
DA:333,0
DA:334,0
DA:383,0
DA:385,0
DA:387,0
DA:389,0
DA:433,0
DA:434,0
DA:435,0
DA:572,0
DA:573,0
DA:590,0
DA:591,0
DA:670,0
DA:671,0
DA:1324,0
DA:1327,0
DA:1328,0
DA:1329,0
DA:1330,0
DA:1331,0
DA:1333,0
DA:1334,0
LF:54
LH:0
end_of_record
SF:/usr/include/c++/7/ext/alloc_traits.h
FN:94,_ZN9__gnu_cxx14__alloc_traitsISaIiEE17_S_select_on_copyERKS1_
FNDA:0,_ZN9__gnu_cxx14__alloc_traitsISaIiEE17_S_select_on_copyERKS1_
FNF:1
FNH:0
DA:94,0
DA:95,0
LF:2
LH:0
end_of_record
SF:/usr/include/c++/7/ext/new_allocator.h
FN:79,_ZN9__gnu_cxx13new_allocatorIiEC2Ev
FN:81,_ZN9__gnu_cxx13new_allocatorIiEC2ERKS1_
FN:86,_ZN9__gnu_cxx13new_allocatorIiED2Ev
FN:99,_ZN9__gnu_cxx13new_allocatorIiE8allocateEmPKv
FN:116,_ZN9__gnu_cxx13new_allocatorIiE10deallocateEPim
FN:129,_ZNK9__gnu_cxx13new_allocatorIiE8max_sizeEv
FNDA:0,_ZN9__gnu_cxx13new_allocatorIiEC2Ev
FNDA:0,_ZN9__gnu_cxx13new_allocatorIiEC2ERKS1_
FNDA:0,_ZN9__gnu_cxx13new_allocatorIiED2Ev
FNDA:0,_ZN9__gnu_cxx13new_allocatorIiE8allocateEmPKv
FNDA:0,_ZN9__gnu_cxx13new_allocatorIiE10deallocateEPim
FNDA:0,_ZNK9__gnu_cxx13new_allocatorIiE8max_sizeEv
FNF:6
FNH:0
DA:79,0
DA:81,0
DA:86,0
DA:99,0
DA:101,0
DA:102,0
DA:111,0
DA:116,0
DA:125,0
DA:126,0
DA:129,0
DA:130,0
LF:12
LH:0
end_of_record
SF:/usr/include/c++/7/initializer_list
FN:71,_ZNKSt16initializer_listIiE4sizeEv
FN:75,_ZNKSt16initializer_listIiE5beginEv
FN:79,_ZNKSt16initializer_listIiE3endEv
FNDA:0,_ZNKSt16initializer_listIiE4sizeEv
FNDA:0,_ZNKSt16initializer_listIiE5beginEv
FNDA:0,_ZNKSt16initializer_listIiE3endEv
FNF:3
FNH:0
DA:71,0
DA:75,0
DA:79,0
LF:3
LH:0
end_of_record
SF:/usr/include/c++/7/iostream
DA:74,3
LF:1
LH:1
end_of_record
TN:
SF:/home/mzuleta/TPI/MIR/lib/googletest-master/googletest/include/gtest/gtest.h
FN:389,_ZN7testing4Test13SetUpTestCaseEv
FN:397,_ZN7testing4Test16TearDownTestCaseEv
FN:474,_ZN7testing4Test5SetupEv
FNDA:0,_ZN7testing4Test13SetUpTestCaseEv
FNDA:0,_ZN7testing4Test16TearDownTestCaseEv
FNDA:0,_ZN7testing4Test5SetupEv
FNF:3
FNH:0
DA:389,0
DA:397,0
DA:474,0
LF:3
LH:0
end_of_record
SF:/home/mzuleta/TPI/MIR/lib/googletest-master/googletest/include/gtest/internal/gtest-internal.h
FN:466,_ZN7testing8internal15TestFactoryBaseD2Ev
FN:466,_ZN7testing8internal15TestFactoryBaseD0Ev
FN:473,_ZN7testing8internal15TestFactoryBaseC2Ev
FN:482,_ZN7testing8internal15TestFactoryImplI32redirigirTEST_canal1EnRango_TestED0Ev
FN:482,_ZN7testing8internal15TestFactoryImplI36redirigirTEST_OtroCanal1EnRango_TestED2Ev
FN:482,_ZN7testing8internal15TestFactoryImplI32redirigirTEST_canal2EnRango_TestED0Ev
FN:482,_ZN7testing8internal15TestFactoryImplI36redirigirTEST_OtroCanal1EnRango_TestEC2Ev
FN:482,_ZN7testing8internal15TestFactoryImplI36redirigirTEST_OtroCanal1EnRango_TestED0Ev
FN:482,_ZN7testing8internal15TestFactoryImplI32redirigirTEST_canal1EnRango_TestEC2Ev
FN:482,_ZN7testing8internal15TestFactoryImplI32redirigirTEST_canal2EnRango_TestED2Ev
FN:482,_ZN7testing8internal15TestFactoryImplI32redirigirTEST_canal1EnRango_TestED2Ev
FN:482,_ZN7testing8internal15TestFactoryImplI32redirigirTEST_canal2EnRango_TestEC2Ev
FN:484,_ZN7testing8internal15TestFactoryImplI36redirigirTEST_OtroCanal1EnRango_TestE10CreateTestEv
FN:484,_ZN7testing8internal15TestFactoryImplI32redirigirTEST_canal1EnRango_TestE10CreateTestEv
FN:484,_ZN7testing8internal15TestFactoryImplI32redirigirTEST_canal2EnRango_TestE10CreateTestEv
FN:504,_ZN7testing8internal12CodeLocationD2Ev
FN:505,_ZN7testing8internal12CodeLocationC2ERKNSt7__cxx1112basic_stringIcSt11char_traitsIcESaIcEEEi
FNDA:0,_ZN7testing8internal15TestFactoryBaseD0Ev
FNDA:0,_ZN7testing8internal15TestFactoryBaseD2Ev
FNDA:0,_ZN7testing8internal15TestFactoryBaseC2Ev
FNDA:3,_ZN7testing8internal15TestFactoryImplI32redirigirTEST_canal1EnRango_TestED0Ev
FNDA:3,_ZN7testing8internal15TestFactoryImplI32redirigirTEST_canal1EnRango_TestED2Ev
FNDA:3,_ZN7testing8internal15TestFactoryImplI36redirigirTEST_OtroCanal1EnRango_TestED0Ev
FNDA:3,_ZN7testing8internal15TestFactoryImplI36redirigirTEST_OtroCanal1EnRango_TestED2Ev
FNDA:3,_ZN7testing8internal15TestFactoryImplI32redirigirTEST_canal2EnRango_TestED0Ev
FNDA:3,_ZN7testing8internal15TestFactoryImplI32redirigirTEST_canal2EnRango_TestED2Ev
FNDA:3,_ZN7testing8internal15TestFactoryImplI32redirigirTEST_canal2EnRango_TestEC2Ev
FNDA:3,_ZN7testing8internal15TestFactoryImplI36redirigirTEST_OtroCanal1EnRango_TestEC2Ev
FNDA:3,_ZN7testing8internal15TestFactoryImplI32redirigirTEST_canal1EnRango_TestEC2Ev
FNDA:3,_ZN7testing8internal15TestFactoryImplI32redirigirTEST_canal1EnRango_TestE10CreateTestEv
FNDA:3,_ZN7testing8internal15TestFactoryImplI36redirigirTEST_OtroCanal1EnRango_TestE10CreateTestEv
FNDA:3,_ZN7testing8internal15TestFactoryImplI32redirigirTEST_canal2EnRango_TestE10CreateTestEv
FNDA:0,_ZN7testing8internal12CodeLocationD2Ev
FNDA:0,_ZN7testing8internal12CodeLocationC2ERKNSt7__cxx1112basic_stringIcSt11char_traitsIcESaIcEEEi
FNF:17
FNH:12
DA:466,0
DA:473,0
DA:482,27
DA:484,9
DA:504,0
DA:505,0
DA:506,0
LF:7
LH:2
end_of_record
SF:/home/mzuleta/TPI/MIR/tests/redirigirTEST.cpp
FN:7,_ZN32redirigirTEST_canal1EnRango_Test8TestBodyEv
FN:7,_ZN32redirigirTEST_canal1EnRango_TestC2Ev
FN:7,_ZN32redirigirTEST_canal1EnRango_TestD0Ev
FN:7,_ZN32redirigirTEST_canal1EnRango_TestD2Ev
FN:18,_ZN36redirigirTEST_OtroCanal1EnRango_TestD2Ev
FN:18,_ZN36redirigirTEST_OtroCanal1EnRango_TestD0Ev
FN:18,_ZN36redirigirTEST_OtroCanal1EnRango_TestC2Ev
FN:18,_ZN36redirigirTEST_OtroCanal1EnRango_Test8TestBodyEv
FN:28,_ZN32redirigirTEST_canal2EnRango_Test8TestBodyEv
FN:28,_ZN32redirigirTEST_canal2EnRango_TestD2Ev
FN:28,_ZN32redirigirTEST_canal2EnRango_TestC2Ev
FN:28,_ZN32redirigirTEST_canal2EnRango_TestD0Ev
FN:35,_Z41__static_initialization_and_destruction_0ii
FN:35,_GLOBAL__sub_I__ZN32redirigirTEST_canal1EnRango_Test10test_info_E
FNDA:3,_ZN32redirigirTEST_canal1EnRango_TestD0Ev
FNDA:3,_ZN32redirigirTEST_canal1EnRango_TestD2Ev
FNDA:3,_ZN32redirigirTEST_canal1EnRango_Test8TestBodyEv
FNDA:3,_ZN32redirigirTEST_canal1EnRango_TestC2Ev
FNDA:3,_ZN36redirigirTEST_OtroCanal1EnRango_TestD0Ev
FNDA:3,_ZN36redirigirTEST_OtroCanal1EnRango_TestD2Ev
FNDA:3,_ZN36redirigirTEST_OtroCanal1EnRango_Test8TestBodyEv
FNDA:3,_ZN36redirigirTEST_OtroCanal1EnRango_TestC2Ev
FNDA:3,_ZN32redirigirTEST_canal2EnRango_TestD0Ev
FNDA:3,_ZN32redirigirTEST_canal2EnRango_TestD2Ev
FNDA:3,_ZN32redirigirTEST_canal2EnRango_Test8TestBodyEv
FNDA:3,_ZN32redirigirTEST_canal2EnRango_TestC2Ev
FNDA:3,_GLOBAL__sub_I__ZN32redirigirTEST_canal1EnRango_Test10test_info_E
FNDA:3,_Z41__static_initialization_and_destruction_0ii
FNF:14
FNH:14
DA:7,15
DA:8,6
DA:9,3
DA:10,3
DA:11,6
DA:13,3
DA:14,3
DA:18,15
DA:19,6
DA:20,3
DA:21,3
DA:22,6
DA:24,3
DA:25,3
DA:28,15
DA:29,6
DA:30,3
DA:31,3
DA:32,6
DA:34,3
DA:35,12
LF:21
LH:21
end_of_record
SF:/usr/include/c++/7/bits/alloc_traits.h
FN:435,_ZNSt16allocator_traitsISaIiEE8allocateERS0_m
FN:461,_ZNSt16allocator_traitsISaIiEE10deallocateERS0_Pim
FN:504,_ZNSt16allocator_traitsISaIiEE37select_on_container_copy_constructionERKS0_
FNDA:0,_ZNSt16allocator_traitsISaIiEE8allocateERS0_m
FNDA:0,_ZNSt16allocator_traitsISaIiEE10deallocateERS0_Pim
FNDA:0,_ZNSt16allocator_traitsISaIiEE37select_on_container_copy_constructionERKS0_
FNF:3
FNH:0
DA:435,0
DA:436,0
DA:461,0
DA:462,0
DA:504,0
DA:505,0
LF:6
LH:0
end_of_record
SF:/usr/include/c++/7/bits/allocator.h
FN:131,_ZNSaIiEC2Ev
FN:133,_ZNSaIiEC2ERKS_
FN:139,_ZNSaIiED2Ev
FNDA:0,_ZNSaIiEC2Ev
FNDA:0,_ZNSaIiEC2ERKS_
FNDA:0,_ZNSaIiED2Ev
FNF:3
FNH:0
DA:131,0
DA:133,0
DA:134,0
DA:139,0
LF:4
LH:0
end_of_record
SF:/usr/include/c++/7/bits/cpp_type_traits.h
FN:408,_ZSt12__miter_baseIN9__gnu_cxx17__normal_iteratorIPKiSt6vectorIiSaIiEEEEET_S8_
FN:408,_ZSt12__miter_baseIPKiET_S2_
FNDA:0,_ZSt12__miter_baseIPKiET_S2_
FNDA:0,_ZSt12__miter_baseIN9__gnu_cxx17__normal_iteratorIPKiSt6vectorIiSaIiEEEEET_S8_
FNF:2
FNH:0
DA:408,0
DA:409,0
LF:2
LH:0
end_of_record
SF:/usr/include/c++/7/bits/stl_algobase.h
FN:277,_ZSt12__niter_baseIPiET_S1_
FN:277,_ZSt12__niter_baseIPKiET_S2_
FN:357,_ZNSt11__copy_moveILb0ELb1ESt26random_access_iterator_tagE8__copy_mIiEEPT_PKS3_S6_S4_
FN:375,_ZSt13__copy_move_aILb0EPKiPiET1_T0_S4_S3_
FN:420,_ZSt14__copy_move_a2ILb0EPKiPiET1_T0_S4_S3_
FN:420,_ZSt14__copy_move_a2ILb0EN9__gnu_cxx17__normal_iteratorIPKiSt6vectorIiSaIiEEEEPiET1_T0_SA_S9_
FN:446,_ZSt4copyIPKiPiET0_T_S4_S3_
FN:446,_ZSt4copyIN9__gnu_cxx17__normal_iteratorIPKiSt6vectorIiSaIiEEEEPiET0_T_SA_S9_
FNDA:0,_ZSt12__niter_baseIPKiET_S2_
FNDA:0,_ZSt12__niter_baseIPiET_S1_
FNDA:0,_ZNSt11__copy_moveILb0ELb1ESt26random_access_iterator_tagE8__copy_mIiEEPT_PKS3_S6_S4_
FNDA:0,_ZSt13__copy_move_aILb0EPKiPiET1_T0_S4_S3_
FNDA:0,_ZSt14__copy_move_a2ILb0EPKiPiET1_T0_S4_S3_
FNDA:0,_ZSt14__copy_move_a2ILb0EN9__gnu_cxx17__normal_iteratorIPKiSt6vectorIiSaIiEEEEPiET1_T0_SA_S9_
FNDA:0,_ZSt4copyIPKiPiET0_T_S4_S3_
FNDA:0,_ZSt4copyIN9__gnu_cxx17__normal_iteratorIPKiSt6vectorIiSaIiEEEEPiET0_T_SA_S9_
FNF:8
FNH:0
DA:277,0
DA:278,0
DA:357,0
DA:366,0
DA:367,0
DA:368,0
DA:369,0
DA:375,0
DA:380,0
DA:386,0
DA:420,0
DA:422,0
DA:424,0
DA:446,0
DA:455,0
DA:456,0
LF:16
LH:0
end_of_record
SF:/usr/include/c++/7/bits/stl_construct.h
FN:117,_ZNSt12_Destroy_auxILb1EE9__destroyIPiEEvT_S3_
FN:127,_ZSt8_DestroyIPiEvT_S1_
FN:203,_ZSt8_DestroyIPiiEvT_S1_RSaIT0_E
FNDA:0,_ZNSt12_Destroy_auxILb1EE9__destroyIPiEEvT_S3_
FNDA:0,_ZSt8_DestroyIPiEvT_S1_
FNDA:0,_ZSt8_DestroyIPiiEvT_S1_RSaIT0_E
FNF:3
FNH:0
DA:117,0
DA:127,0
DA:137,0
DA:138,0
DA:203,0
DA:206,0
DA:207,0
LF:7
LH:0
end_of_record
SF:/usr/include/c++/7/bits/stl_iterator.h
FN:782,_ZN9__gnu_cxx17__normal_iteratorIPKiSt6vectorIiSaIiEEEC2ERKS2_
FN:847,_ZNK9__gnu_cxx17__normal_iteratorIPKiSt6vectorIiSaIiEEE4baseEv
FN:986,_ZSt12__niter_baseIPKiSt6vectorIiSaIiEEET_N9__gnu_cxx17__normal_iteratorIS5_T0_EE
FNDA:0,_ZN9__gnu_cxx17__normal_iteratorIPKiSt6vectorIiSaIiEEEC2ERKS2_
FNDA:0,_ZNK9__gnu_cxx17__normal_iteratorIPKiSt6vectorIiSaIiEEE4baseEv
FNDA:0,_ZSt12__niter_baseIPKiSt6vectorIiSaIiEEET_N9__gnu_cxx17__normal_iteratorIS5_T0_EE
FNF:3
FNH:0
DA:782,0
DA:783,0
DA:847,0
DA:848,0
DA:986,0
DA:987,0
LF:6
LH:0
end_of_record
SF:/usr/include/c++/7/bits/stl_iterator_base_funcs.h
FN:98,_ZSt10__distanceIPKiENSt15iterator_traitsIT_E15difference_typeES3_S3_St26random_access_iterator_tag
FN:138,_ZSt8distanceIPKiENSt15iterator_traitsIT_E15difference_typeES3_S3_
FNDA:0,_ZSt10__distanceIPKiENSt15iterator_traitsIT_E15difference_typeES3_S3_St26random_access_iterator_tag
FNDA:0,_ZSt8distanceIPKiENSt15iterator_traitsIT_E15difference_typeES3_S3_
FNF:2
FNH:0
DA:98,0
DA:104,0
DA:138,0
DA:141,0
DA:142,0
LF:5
LH:0
end_of_record
SF:/usr/include/c++/7/bits/stl_iterator_base_types.h
FN:205,_ZSt19__iterator_categoryIPKiENSt15iterator_traitsIT_E17iterator_categoryERKS3_
FNDA:0,_ZSt19__iterator_categoryIPKiENSt15iterator_traitsIT_E17iterator_categoryERKS3_
FNF:1
FNH:0
DA:205,0
DA:206,0
LF:2
LH:0
end_of_record
SF:/usr/include/c++/7/bits/stl_uninitialized.h
FN:99,_ZNSt20__uninitialized_copyILb1EE13__uninit_copyIPKiPiEET0_T_S6_S5_
FN:99,_ZNSt20__uninitialized_copyILb1EE13__uninit_copyIN9__gnu_cxx17__normal_iteratorIPKiSt6vectorIiSaIiEEEEPiEET0_T_SC_SB_
FN:115,_ZSt18uninitialized_copyIN9__gnu_cxx17__normal_iteratorIPKiSt6vectorIiSaIiEEEEPiET0_T_SA_S9_
FN:115,_ZSt18uninitialized_copyIPKiPiET0_T_S4_S3_
FN:287,_ZSt22__uninitialized_copy_aIN9__gnu_cxx17__normal_iteratorIPKiSt6vectorIiSaIiEEEEPiiET0_T_SA_S9_RSaIT1_E
FN:287,_ZSt22__uninitialized_copy_aIPKiPiiET0_T_S4_S3_RSaIT1_E
FNDA:0,_ZNSt20__uninitialized_copyILb1EE13__uninit_copyIPKiPiEET0_T_S6_S5_
FNDA:0,_ZNSt20__uninitialized_copyILb1EE13__uninit_copyIN9__gnu_cxx17__normal_iteratorIPKiSt6vectorIiSaIiEEEEPiEET0_T_SC_SB_
FNDA:0,_ZSt18uninitialized_copyIPKiPiET0_T_S4_S3_
FNDA:0,_ZSt18uninitialized_copyIN9__gnu_cxx17__normal_iteratorIPKiSt6vectorIiSaIiEEEEPiET0_T_SA_S9_
FNDA:0,_ZSt22__uninitialized_copy_aIPKiPiiET0_T_S4_S3_RSaIT1_E
FNDA:0,_ZSt22__uninitialized_copy_aIN9__gnu_cxx17__normal_iteratorIPKiSt6vectorIiSaIiEEEEPiiET0_T_SA_S9_RSaIT1_E
FNF:6
FNH:0
DA:99,0
DA:101,0
DA:115,0
DA:128,0
DA:134,0
DA:287,0
DA:289,0
LF:7
LH:0
end_of_record
SF:/usr/include/c++/7/bits/stl_vector.h
FN:81,_ZNSt12_Vector_baseIiSaIiEE12_Vector_implD2Ev
FN:92,_ZNSt12_Vector_baseIiSaIiEE12_Vector_implC2ERKS0_
FN:115,_ZNSt12_Vector_baseIiSaIiEE19_M_get_Tp_allocatorEv
FN:119,_ZNKSt12_Vector_baseIiSaIiEE19_M_get_Tp_allocatorEv
FN:129,_ZNSt12_Vector_baseIiSaIiEEC2ERKS0_
FN:136,_ZNSt12_Vector_baseIiSaIiEEC2EmRKS0_
FN:161,_ZNSt12_Vector_baseIiSaIiEED2Ev
FN:169,_ZNSt12_Vector_baseIiSaIiEE11_M_allocateEm
FN:176,_ZNSt12_Vector_baseIiSaIiEE13_M_deallocateEPim
FN:185,_ZNSt12_Vector_baseIiSaIiEE17_M_create_storageEm
FN:326,_ZNSt6vectorIiSaIiEEC2ERKS1_
FN:383,_ZNSt6vectorIiSaIiEEC2ESt16initializer_listIiERKS0_
FN:433,_ZNSt6vectorIiSaIiEED2Ev
FN:572,_ZNKSt6vectorIiSaIiEE5beginEv
FN:590,_ZNKSt6vectorIiSaIiEE3endEv
FN:670,_ZNKSt6vectorIiSaIiEE4sizeEv
FN:1324,_ZNSt6vectorIiSaIiEE19_M_range_initializeIPKiEEvT_S5_St20forward_iterator_tag
FNDA:0,_ZNSt12_Vector_baseIiSaIiEE12_Vector_implD2Ev
FNDA:0,_ZNSt12_Vector_baseIiSaIiEE12_Vector_implC2ERKS0_
FNDA:0,_ZNSt12_Vector_baseIiSaIiEE19_M_get_Tp_allocatorEv
FNDA:0,_ZNKSt12_Vector_baseIiSaIiEE19_M_get_Tp_allocatorEv
FNDA:0,_ZNSt12_Vector_baseIiSaIiEEC2ERKS0_
FNDA:0,_ZNSt12_Vector_baseIiSaIiEEC2EmRKS0_
FNDA:0,_ZNSt12_Vector_baseIiSaIiEED2Ev
FNDA:0,_ZNSt12_Vector_baseIiSaIiEE11_M_allocateEm
FNDA:0,_ZNSt12_Vector_baseIiSaIiEE13_M_deallocateEPim
FNDA:0,_ZNSt12_Vector_baseIiSaIiEE17_M_create_storageEm
FNDA:0,_ZNSt6vectorIiSaIiEEC2ERKS1_
FNDA:0,_ZNSt6vectorIiSaIiEEC2ESt16initializer_listIiERKS0_
FNDA:0,_ZNSt6vectorIiSaIiEED2Ev
FNDA:0,_ZNKSt6vectorIiSaIiEE5beginEv
FNDA:0,_ZNKSt6vectorIiSaIiEE3endEv
FNDA:0,_ZNKSt6vectorIiSaIiEE4sizeEv
FNDA:0,_ZNSt6vectorIiSaIiEE19_M_range_initializeIPKiEEvT_S5_St20forward_iterator_tag
FNF:17
FNH:0
DA:81,0
DA:92,0
DA:93,0
DA:94,0
DA:115,0
DA:116,0
DA:119,0
DA:120,0
DA:129,0
DA:130,0
DA:136,0
DA:137,0
DA:138,0
DA:161,0
DA:162,0
DA:163,0
DA:169,0
DA:172,0
DA:176,0
DA:179,0
DA:180,0
DA:181,0
DA:185,0
DA:187,0
DA:188,0
DA:189,0
DA:190,0
DA:326,0
DA:328,0
DA:330,0
DA:331,0
DA:333,0
DA:334,0
DA:383,0
DA:385,0
DA:387,0
DA:389,0
DA:433,0
DA:434,0
DA:435,0
DA:572,0
DA:573,0
DA:590,0
DA:591,0
DA:670,0
DA:671,0
DA:1324,0
DA:1327,0
DA:1328,0
DA:1329,0
DA:1330,0
DA:1331,0
DA:1333,0
DA:1334,0
LF:54
LH:0
end_of_record
SF:/usr/include/c++/7/ext/alloc_traits.h
FN:94,_ZN9__gnu_cxx14__alloc_traitsISaIiEE17_S_select_on_copyERKS1_
FNDA:0,_ZN9__gnu_cxx14__alloc_traitsISaIiEE17_S_select_on_copyERKS1_
FNF:1
FNH:0
DA:94,0
DA:95,0
LF:2
LH:0
end_of_record
SF:/usr/include/c++/7/ext/new_allocator.h
FN:79,_ZN9__gnu_cxx13new_allocatorIiEC2Ev
FN:81,_ZN9__gnu_cxx13new_allocatorIiEC2ERKS1_
FN:86,_ZN9__gnu_cxx13new_allocatorIiED2Ev
FN:99,_ZN9__gnu_cxx13new_allocatorIiE8allocateEmPKv
FN:116,_ZN9__gnu_cxx13new_allocatorIiE10deallocateEPim
FN:129,_ZNK9__gnu_cxx13new_allocatorIiE8max_sizeEv
FNDA:0,_ZN9__gnu_cxx13new_allocatorIiEC2Ev
FNDA:0,_ZN9__gnu_cxx13new_allocatorIiEC2ERKS1_
FNDA:0,_ZN9__gnu_cxx13new_allocatorIiED2Ev
FNDA:0,_ZN9__gnu_cxx13new_allocatorIiE8allocateEmPKv
FNDA:0,_ZN9__gnu_cxx13new_allocatorIiE10deallocateEPim
FNDA:0,_ZNK9__gnu_cxx13new_allocatorIiE8max_sizeEv
FNF:6
FNH:0
DA:79,0
DA:81,0
DA:86,0
DA:99,0
DA:101,0
DA:102,0
DA:111,0
DA:116,0
DA:125,0
DA:126,0
DA:129,0
DA:130,0
LF:12
LH:0
end_of_record
SF:/usr/include/c++/7/initializer_list
FN:71,_ZNKSt16initializer_listIiE4sizeEv
FN:75,_ZNKSt16initializer_listIiE5beginEv
FN:79,_ZNKSt16initializer_listIiE3endEv
FNDA:0,_ZNKSt16initializer_listIiE4sizeEv
FNDA:0,_ZNKSt16initializer_listIiE5beginEv
FNDA:0,_ZNKSt16initializer_listIiE3endEv
FNF:3
FNH:0
DA:71,0
DA:75,0
DA:79,0
LF:3
LH:0
end_of_record
SF:/usr/include/c++/7/iostream
DA:74,3
LF:1
LH:1
end_of_record
TN:
SF:/home/mzuleta/TPI/MIR/lib/googletest-master/googletest/include/gtest/gtest.h
FN:389,_ZN7testing4Test13SetUpTestCaseEv
FN:397,_ZN7testing4Test16TearDownTestCaseEv
FN:474,_ZN7testing4Test5SetupEv
FNDA:0,_ZN7testing4Test13SetUpTestCaseEv
FNDA:0,_ZN7testing4Test16TearDownTestCaseEv
FNDA:0,_ZN7testing4Test5SetupEv
FNF:3
FNH:0
DA:389,0
DA:397,0
DA:474,0
LF:3
LH:0
end_of_record
SF:/home/mzuleta/TPI/MIR/lib/googletest-master/googletest/include/gtest/internal/gtest-internal.h
FN:466,_ZN7testing8internal15TestFactoryBaseD2Ev
FN:466,_ZN7testing8internal15TestFactoryBaseD0Ev
FN:473,_ZN7testing8internal15TestFactoryBaseC2Ev
FN:482,_ZN7testing8internal15TestFactoryImplI28replicarTEST_dosCanales_TestED2Ev
FN:482,_ZN7testing8internal15TestFactoryImplI25replicarTEST_unCanal_TestED0Ev
FN:482,_ZN7testing8internal15TestFactoryImplI28replicarTEST_dosCanales_TestEC2Ev
FN:482,_ZN7testing8internal15TestFactoryImplI28replicarTEST_dosCanales_TestED0Ev
FN:482,_ZN7testing8internal15TestFactoryImplI25replicarTEST_unCanal_TestEC2Ev
FN:482,_ZN7testing8internal15TestFactoryImplI25replicarTEST_unCanal_TestED2Ev
FN:484,_ZN7testing8internal15TestFactoryImplI25replicarTEST_unCanal_TestE10CreateTestEv
FN:484,_ZN7testing8internal15TestFactoryImplI28replicarTEST_dosCanales_TestE10CreateTestEv
FN:504,_ZN7testing8internal12CodeLocationD2Ev
FN:505,_ZN7testing8internal12CodeLocationC2ERKNSt7__cxx1112basic_stringIcSt11char_traitsIcESaIcEEEi
FNDA:0,_ZN7testing8internal15TestFactoryBaseD0Ev
FNDA:0,_ZN7testing8internal15TestFactoryBaseD2Ev
FNDA:0,_ZN7testing8internal15TestFactoryBaseC2Ev
FNDA:3,_ZN7testing8internal15TestFactoryImplI25replicarTEST_unCanal_TestED0Ev
FNDA:3,_ZN7testing8internal15TestFactoryImplI25replicarTEST_unCanal_TestED2Ev
FNDA:3,_ZN7testing8internal15TestFactoryImplI28replicarTEST_dosCanales_TestED0Ev
FNDA:3,_ZN7testing8internal15TestFactoryImplI28replicarTEST_dosCanales_TestED2Ev
FNDA:3,_ZN7testing8internal15TestFactoryImplI28replicarTEST_dosCanales_TestEC2Ev
FNDA:3,_ZN7testing8internal15TestFactoryImplI25replicarTEST_unCanal_TestEC2Ev
FNDA:3,_ZN7testing8internal15TestFactoryImplI25replicarTEST_unCanal_TestE10CreateTestEv
FNDA:3,_ZN7testing8internal15TestFactoryImplI28replicarTEST_dosCanales_TestE10CreateTestEv
FNDA:0,_ZN7testing8internal12CodeLocationD2Ev
FNDA:0,_ZN7testing8internal12CodeLocationC2ERKNSt7__cxx1112basic_stringIcSt11char_traitsIcESaIcEEEi
FNF:13
FNH:8
DA:466,0
DA:473,0
DA:482,18
DA:484,6
DA:504,0
DA:505,0
DA:506,0
LF:7
LH:2
end_of_record
SF:/home/mzuleta/TPI/MIR/tests/replicarTEST.cpp
FN:7,_ZN25replicarTEST_unCanal_TestC2Ev
FN:7,_ZN25replicarTEST_unCanal_TestD2Ev
FN:7,_ZN25replicarTEST_unCanal_TestD0Ev
FN:7,_ZN25replicarTEST_unCanal_Test8TestBodyEv
FN:16,_ZN28replicarTEST_dosCanales_TestC2Ev
FN:16,_ZN28replicarTEST_dosCanales_Test8TestBodyEv
FN:16,_ZN28replicarTEST_dosCanales_TestD0Ev
FN:16,_ZN28replicarTEST_dosCanales_TestD2Ev
FN:23,_Z41__static_initialization_and_destruction_0ii
FN:23,_GLOBAL__sub_I__ZN25replicarTEST_unCanal_Test10test_info_E
FNDA:3,_ZN25replicarTEST_unCanal_TestD0Ev
FNDA:3,_ZN25replicarTEST_unCanal_TestD2Ev
FNDA:3,_ZN25replicarTEST_unCanal_Test8TestBodyEv
FNDA:3,_ZN25replicarTEST_unCanal_TestC2Ev
FNDA:3,_ZN28replicarTEST_dosCanales_TestD0Ev
FNDA:3,_ZN28replicarTEST_dosCanales_TestD2Ev
FNDA:3,_ZN28replicarTEST_dosCanales_Test8TestBodyEv
FNDA:3,_ZN28replicarTEST_dosCanales_TestC2Ev
FNDA:3,_GLOBAL__sub_I__ZN25replicarTEST_unCanal_Test10test_info_E
FNDA:3,_Z41__static_initialization_and_destruction_0ii
FNF:10
FNH:10
DA:7,15
DA:8,6
DA:9,3
DA:10,3
DA:11,6
DA:13,3
DA:14,3
DA:16,15
DA:17,6
DA:18,3
DA:19,3
DA:20,6
DA:22,3
DA:23,12
LF:14
LH:14
end_of_record
SF:/usr/include/c++/7/bits/alloc_traits.h
FN:435,_ZNSt16allocator_traitsISaIiEE8allocateERS0_m
FN:461,_ZNSt16allocator_traitsISaIiEE10deallocateERS0_Pim
FN:504,_ZNSt16allocator_traitsISaIiEE37select_on_container_copy_constructionERKS0_
FNDA:0,_ZNSt16allocator_traitsISaIiEE8allocateERS0_m
FNDA:0,_ZNSt16allocator_traitsISaIiEE10deallocateERS0_Pim
FNDA:0,_ZNSt16allocator_traitsISaIiEE37select_on_container_copy_constructionERKS0_
FNF:3
FNH:0
DA:435,0
DA:436,0
DA:461,0
DA:462,0
DA:504,0
DA:505,0
LF:6
LH:0
end_of_record
SF:/usr/include/c++/7/bits/allocator.h
FN:131,_ZNSaIiEC2Ev
FN:133,_ZNSaIiEC2ERKS_
FN:139,_ZNSaIiED2Ev
FNDA:0,_ZNSaIiEC2Ev
FNDA:0,_ZNSaIiEC2ERKS_
FNDA:0,_ZNSaIiED2Ev
FNF:3
FNH:0
DA:131,0
DA:133,0
DA:134,0
DA:139,0
LF:4
LH:0
end_of_record
SF:/usr/include/c++/7/bits/cpp_type_traits.h
FN:408,_ZSt12__miter_baseIN9__gnu_cxx17__normal_iteratorIPKiSt6vectorIiSaIiEEEEET_S8_
FN:408,_ZSt12__miter_baseIPKiET_S2_
FNDA:0,_ZSt12__miter_baseIPKiET_S2_
FNDA:0,_ZSt12__miter_baseIN9__gnu_cxx17__normal_iteratorIPKiSt6vectorIiSaIiEEEEET_S8_
FNF:2
FNH:0
DA:408,0
DA:409,0
LF:2
LH:0
end_of_record
SF:/usr/include/c++/7/bits/stl_algobase.h
FN:277,_ZSt12__niter_baseIPiET_S1_
FN:277,_ZSt12__niter_baseIPKiET_S2_
FN:357,_ZNSt11__copy_moveILb0ELb1ESt26random_access_iterator_tagE8__copy_mIiEEPT_PKS3_S6_S4_
FN:375,_ZSt13__copy_move_aILb0EPKiPiET1_T0_S4_S3_
FN:420,_ZSt14__copy_move_a2ILb0EN9__gnu_cxx17__normal_iteratorIPKiSt6vectorIiSaIiEEEEPiET1_T0_SA_S9_
FN:420,_ZSt14__copy_move_a2ILb0EPKiPiET1_T0_S4_S3_
FN:446,_ZSt4copyIPKiPiET0_T_S4_S3_
FN:446,_ZSt4copyIN9__gnu_cxx17__normal_iteratorIPKiSt6vectorIiSaIiEEEEPiET0_T_SA_S9_
FNDA:0,_ZSt12__niter_baseIPKiET_S2_
FNDA:0,_ZSt12__niter_baseIPiET_S1_
FNDA:0,_ZNSt11__copy_moveILb0ELb1ESt26random_access_iterator_tagE8__copy_mIiEEPT_PKS3_S6_S4_
FNDA:0,_ZSt13__copy_move_aILb0EPKiPiET1_T0_S4_S3_
FNDA:0,_ZSt14__copy_move_a2ILb0EPKiPiET1_T0_S4_S3_
FNDA:0,_ZSt14__copy_move_a2ILb0EN9__gnu_cxx17__normal_iteratorIPKiSt6vectorIiSaIiEEEEPiET1_T0_SA_S9_
FNDA:0,_ZSt4copyIPKiPiET0_T_S4_S3_
FNDA:0,_ZSt4copyIN9__gnu_cxx17__normal_iteratorIPKiSt6vectorIiSaIiEEEEPiET0_T_SA_S9_
FNF:8
FNH:0
DA:277,0
DA:278,0
DA:357,0
DA:366,0
DA:367,0
DA:368,0
DA:369,0
DA:375,0
DA:380,0
DA:386,0
DA:420,0
DA:422,0
DA:424,0
DA:446,0
DA:455,0
DA:456,0
LF:16
LH:0
end_of_record
SF:/usr/include/c++/7/bits/stl_construct.h
FN:117,_ZNSt12_Destroy_auxILb1EE9__destroyIPiEEvT_S3_
FN:127,_ZSt8_DestroyIPiEvT_S1_
FN:203,_ZSt8_DestroyIPiiEvT_S1_RSaIT0_E
FNDA:0,_ZNSt12_Destroy_auxILb1EE9__destroyIPiEEvT_S3_
FNDA:0,_ZSt8_DestroyIPiEvT_S1_
FNDA:0,_ZSt8_DestroyIPiiEvT_S1_RSaIT0_E
FNF:3
FNH:0
DA:117,0
DA:127,0
DA:137,0
DA:138,0
DA:203,0
DA:206,0
DA:207,0
LF:7
LH:0
end_of_record
SF:/usr/include/c++/7/bits/stl_iterator.h
FN:782,_ZN9__gnu_cxx17__normal_iteratorIPKiSt6vectorIiSaIiEEEC2ERKS2_
FN:847,_ZNK9__gnu_cxx17__normal_iteratorIPKiSt6vectorIiSaIiEEE4baseEv
FN:986,_ZSt12__niter_baseIPKiSt6vectorIiSaIiEEET_N9__gnu_cxx17__normal_iteratorIS5_T0_EE
FNDA:0,_ZN9__gnu_cxx17__normal_iteratorIPKiSt6vectorIiSaIiEEEC2ERKS2_
FNDA:0,_ZNK9__gnu_cxx17__normal_iteratorIPKiSt6vectorIiSaIiEEE4baseEv
FNDA:0,_ZSt12__niter_baseIPKiSt6vectorIiSaIiEEET_N9__gnu_cxx17__normal_iteratorIS5_T0_EE
FNF:3
FNH:0
DA:782,0
DA:783,0
DA:847,0
DA:848,0
DA:986,0
DA:987,0
LF:6
LH:0
end_of_record
SF:/usr/include/c++/7/bits/stl_iterator_base_funcs.h
FN:98,_ZSt10__distanceIPKiENSt15iterator_traitsIT_E15difference_typeES3_S3_St26random_access_iterator_tag
FN:138,_ZSt8distanceIPKiENSt15iterator_traitsIT_E15difference_typeES3_S3_
FNDA:0,_ZSt10__distanceIPKiENSt15iterator_traitsIT_E15difference_typeES3_S3_St26random_access_iterator_tag
FNDA:0,_ZSt8distanceIPKiENSt15iterator_traitsIT_E15difference_typeES3_S3_
FNF:2
FNH:0
DA:98,0
DA:104,0
DA:138,0
DA:141,0
DA:142,0
LF:5
LH:0
end_of_record
SF:/usr/include/c++/7/bits/stl_iterator_base_types.h
FN:205,_ZSt19__iterator_categoryIPKiENSt15iterator_traitsIT_E17iterator_categoryERKS3_
FNDA:0,_ZSt19__iterator_categoryIPKiENSt15iterator_traitsIT_E17iterator_categoryERKS3_
FNF:1
FNH:0
DA:205,0
DA:206,0
LF:2
LH:0
end_of_record
SF:/usr/include/c++/7/bits/stl_uninitialized.h
FN:99,_ZNSt20__uninitialized_copyILb1EE13__uninit_copyIN9__gnu_cxx17__normal_iteratorIPKiSt6vectorIiSaIiEEEEPiEET0_T_SC_SB_
FN:99,_ZNSt20__uninitialized_copyILb1EE13__uninit_copyIPKiPiEET0_T_S6_S5_
FN:115,_ZSt18uninitialized_copyIN9__gnu_cxx17__normal_iteratorIPKiSt6vectorIiSaIiEEEEPiET0_T_SA_S9_
FN:115,_ZSt18uninitialized_copyIPKiPiET0_T_S4_S3_
FN:287,_ZSt22__uninitialized_copy_aIPKiPiiET0_T_S4_S3_RSaIT1_E
FN:287,_ZSt22__uninitialized_copy_aIN9__gnu_cxx17__normal_iteratorIPKiSt6vectorIiSaIiEEEEPiiET0_T_SA_S9_RSaIT1_E
FNDA:0,_ZNSt20__uninitialized_copyILb1EE13__uninit_copyIPKiPiEET0_T_S6_S5_
FNDA:0,_ZNSt20__uninitialized_copyILb1EE13__uninit_copyIN9__gnu_cxx17__normal_iteratorIPKiSt6vectorIiSaIiEEEEPiEET0_T_SC_SB_
FNDA:0,_ZSt18uninitialized_copyIPKiPiET0_T_S4_S3_
FNDA:0,_ZSt18uninitialized_copyIN9__gnu_cxx17__normal_iteratorIPKiSt6vectorIiSaIiEEEEPiET0_T_SA_S9_
FNDA:0,_ZSt22__uninitialized_copy_aIPKiPiiET0_T_S4_S3_RSaIT1_E
FNDA:0,_ZSt22__uninitialized_copy_aIN9__gnu_cxx17__normal_iteratorIPKiSt6vectorIiSaIiEEEEPiiET0_T_SA_S9_RSaIT1_E
FNF:6
FNH:0
DA:99,0
DA:101,0
DA:115,0
DA:128,0
DA:134,0
DA:287,0
DA:289,0
LF:7
LH:0
end_of_record
SF:/usr/include/c++/7/bits/stl_vector.h
FN:81,_ZNSt12_Vector_baseIiSaIiEE12_Vector_implD2Ev
FN:92,_ZNSt12_Vector_baseIiSaIiEE12_Vector_implC2ERKS0_
FN:115,_ZNSt12_Vector_baseIiSaIiEE19_M_get_Tp_allocatorEv
FN:119,_ZNKSt12_Vector_baseIiSaIiEE19_M_get_Tp_allocatorEv
FN:129,_ZNSt12_Vector_baseIiSaIiEEC2ERKS0_
FN:136,_ZNSt12_Vector_baseIiSaIiEEC2EmRKS0_
FN:161,_ZNSt12_Vector_baseIiSaIiEED2Ev
FN:169,_ZNSt12_Vector_baseIiSaIiEE11_M_allocateEm
FN:176,_ZNSt12_Vector_baseIiSaIiEE13_M_deallocateEPim
FN:185,_ZNSt12_Vector_baseIiSaIiEE17_M_create_storageEm
FN:326,_ZNSt6vectorIiSaIiEEC2ERKS1_
FN:383,_ZNSt6vectorIiSaIiEEC2ESt16initializer_listIiERKS0_
FN:433,_ZNSt6vectorIiSaIiEED2Ev
FN:572,_ZNKSt6vectorIiSaIiEE5beginEv
FN:590,_ZNKSt6vectorIiSaIiEE3endEv
FN:670,_ZNKSt6vectorIiSaIiEE4sizeEv
FN:1324,_ZNSt6vectorIiSaIiEE19_M_range_initializeIPKiEEvT_S5_St20forward_iterator_tag
FNDA:0,_ZNSt12_Vector_baseIiSaIiEE12_Vector_implD2Ev
FNDA:0,_ZNSt12_Vector_baseIiSaIiEE12_Vector_implC2ERKS0_
FNDA:0,_ZNSt12_Vector_baseIiSaIiEE19_M_get_Tp_allocatorEv
FNDA:0,_ZNKSt12_Vector_baseIiSaIiEE19_M_get_Tp_allocatorEv
FNDA:0,_ZNSt12_Vector_baseIiSaIiEEC2ERKS0_
FNDA:0,_ZNSt12_Vector_baseIiSaIiEEC2EmRKS0_
FNDA:0,_ZNSt12_Vector_baseIiSaIiEED2Ev
FNDA:0,_ZNSt12_Vector_baseIiSaIiEE11_M_allocateEm
FNDA:0,_ZNSt12_Vector_baseIiSaIiEE13_M_deallocateEPim
FNDA:0,_ZNSt12_Vector_baseIiSaIiEE17_M_create_storageEm
FNDA:0,_ZNSt6vectorIiSaIiEEC2ERKS1_
FNDA:0,_ZNSt6vectorIiSaIiEEC2ESt16initializer_listIiERKS0_
FNDA:0,_ZNSt6vectorIiSaIiEED2Ev
FNDA:0,_ZNKSt6vectorIiSaIiEE5beginEv
FNDA:0,_ZNKSt6vectorIiSaIiEE3endEv
FNDA:0,_ZNKSt6vectorIiSaIiEE4sizeEv
FNDA:0,_ZNSt6vectorIiSaIiEE19_M_range_initializeIPKiEEvT_S5_St20forward_iterator_tag
FNF:17
FNH:0
DA:81,0
DA:92,0
DA:93,0
DA:94,0
DA:115,0
DA:116,0
DA:119,0
DA:120,0
DA:129,0
DA:130,0
DA:136,0
DA:137,0
DA:138,0
DA:161,0
DA:162,0
DA:163,0
DA:169,0
DA:172,0
DA:176,0
DA:179,0
DA:180,0
DA:181,0
DA:185,0
DA:187,0
DA:188,0
DA:189,0
DA:190,0
DA:326,0
DA:328,0
DA:330,0
DA:331,0
DA:333,0
DA:334,0
DA:383,0
DA:385,0
DA:387,0
DA:389,0
DA:433,0
DA:434,0
DA:435,0
DA:572,0
DA:573,0
DA:590,0
DA:591,0
DA:670,0
DA:671,0
DA:1324,0
DA:1327,0
DA:1328,0
DA:1329,0
DA:1330,0
DA:1331,0
DA:1333,0
DA:1334,0
LF:54
LH:0
end_of_record
SF:/usr/include/c++/7/ext/alloc_traits.h
FN:94,_ZN9__gnu_cxx14__alloc_traitsISaIiEE17_S_select_on_copyERKS1_
FNDA:0,_ZN9__gnu_cxx14__alloc_traitsISaIiEE17_S_select_on_copyERKS1_
FNF:1
FNH:0
DA:94,0
DA:95,0
LF:2
LH:0
end_of_record
SF:/usr/include/c++/7/ext/new_allocator.h
FN:79,_ZN9__gnu_cxx13new_allocatorIiEC2Ev
FN:81,_ZN9__gnu_cxx13new_allocatorIiEC2ERKS1_
FN:86,_ZN9__gnu_cxx13new_allocatorIiED2Ev
FN:99,_ZN9__gnu_cxx13new_allocatorIiE8allocateEmPKv
FN:116,_ZN9__gnu_cxx13new_allocatorIiE10deallocateEPim
FN:129,_ZNK9__gnu_cxx13new_allocatorIiE8max_sizeEv
FNDA:0,_ZN9__gnu_cxx13new_allocatorIiEC2Ev
FNDA:0,_ZN9__gnu_cxx13new_allocatorIiEC2ERKS1_
FNDA:0,_ZN9__gnu_cxx13new_allocatorIiED2Ev
FNDA:0,_ZN9__gnu_cxx13new_allocatorIiE8allocateEmPKv
FNDA:0,_ZN9__gnu_cxx13new_allocatorIiE10deallocateEPim
FNDA:0,_ZNK9__gnu_cxx13new_allocatorIiE8max_sizeEv
FNF:6
FNH:0
DA:79,0
DA:81,0
DA:86,0
DA:99,0
DA:101,0
DA:102,0
DA:111,0
DA:116,0
DA:125,0
DA:126,0
DA:129,0
DA:130,0
LF:12
LH:0
end_of_record
SF:/usr/include/c++/7/initializer_list
FN:71,_ZNKSt16initializer_listIiE4sizeEv
FN:75,_ZNKSt16initializer_listIiE5beginEv
FN:79,_ZNKSt16initializer_listIiE3endEv
FNDA:0,_ZNKSt16initializer_listIiE4sizeEv
FNDA:0,_ZNKSt16initializer_listIiE5beginEv
FNDA:0,_ZNKSt16initializer_listIiE3endEv
FNF:3
FNH:0
DA:71,0
DA:75,0
DA:79,0
LF:3
LH:0
end_of_record
SF:/usr/include/c++/7/iostream
DA:74,3
LF:1
LH:1
end_of_record
TN:
SF:/home/mzuleta/TPI/MIR/lib/googletest-master/googletest/include/gtest/gtest-message.h
FN:85,_ZN7testing7MessageD2Ev
FNDA:0,_ZN7testing7MessageD2Ev
FNF:1
FNH:0
DA:85,0
LF:1
LH:0
end_of_record
SF:/home/mzuleta/TPI/MIR/lib/googletest-master/googletest/include/gtest/gtest.h
FN:256,_ZN7testing15AssertionResultD2Ev
FN:272,_ZN7testing15AssertionResultC2IbEERKT_PNS_8internal8EnableIfIXntsrNS5_21ImplicitlyConvertibleIS2_S0_EE5valueEE4typeE
FN:288,_ZNK7testing15AssertionResultcvbEv
FN:389,_ZN7testing4Test13SetUpTestCaseEv
FN:397,_ZN7testing4Test16TearDownTestCaseEv
FN:474,_ZN7testing4Test5SetupEv
FNDA:0,_ZN7testing15AssertionResultD2Ev
FNDA:0,_ZN7testing15AssertionResultC2IbEERKT_PNS_8internal8EnableIfIXntsrNS5_21ImplicitlyConvertibleIS2_S0_EE5valueEE4typeE
FNDA:0,_ZNK7testing15AssertionResultcvbEv
FNDA:30,_ZN7testing4Test13SetUpTestCaseEv
FNDA:30,_ZN7testing4Test16TearDownTestCaseEv
FNDA:0,_ZN7testing4Test5SetupEv
FNF:6
FNH:2
DA:256,0
DA:272,0
DA:277,0
DA:288,0
DA:389,30
DA:397,30
DA:474,0
LF:7
LH:2
end_of_record
SF:/home/mzuleta/TPI/MIR/lib/googletest-master/googletest/include/gtest/internal/gtest-internal.h
FN:466,_ZN7testing8internal15TestFactoryBaseD0Ev
FN:466,_ZN7testing8internal15TestFactoryBaseD2Ev
FN:473,_ZN7testing8internal15TestFactoryBaseC2Ev
FN:482,_ZN7testing8internal15TestFactoryImplI46formatoValidoTEST_profundidadErronea_Test_TestEC2Ev
FN:482,_ZN7testing8internal15TestFactoryImplI38formatoValidoTEST_longitudErronea_TestED0Ev
FN:482,_ZN7testing8internal15TestFactoryImplI38formatoValidoTEST_longitudErronea_TestED2Ev
FN:482,_ZN7testing8internal15TestFactoryImplI46formatoValidoTEST_profundidadErronea_Test_TestED0Ev
FN:482,_ZN7testing8internal15TestFactoryImplI46formatoValidoTEST_profundidadErronea_Test_TestED2Ev
FN:482,_ZN7testing8internal15TestFactoryImplI38formatoValidoTEST_longitudErronea_TestEC2Ev
FN:484,_ZN7testing8internal15TestFactoryImplI38formatoValidoTEST_longitudErronea_TestE10CreateTestEv
FN:484,_ZN7testing8internal15TestFactoryImplI46formatoValidoTEST_profundidadErronea_Test_TestE10CreateTestEv
FN:504,_ZN7testing8internal12CodeLocationD2Ev
FN:505,_ZN7testing8internal12CodeLocationC2ERKNSt7__cxx1112basic_stringIcSt11char_traitsIcESaIcEEEi
FNDA:0,_ZN7testing8internal15TestFactoryBaseD0Ev
FNDA:69,_ZN7testing8internal15TestFactoryBaseD2Ev
FNDA:69,_ZN7testing8internal15TestFactoryBaseC2Ev
FNDA:3,_ZN7testing8internal15TestFactoryImplI38formatoValidoTEST_longitudErronea_TestED0Ev
FNDA:3,_ZN7testing8internal15TestFactoryImplI38formatoValidoTEST_longitudErronea_TestED2Ev
FNDA:3,_ZN7testing8internal15TestFactoryImplI46formatoValidoTEST_profundidadErronea_Test_TestED0Ev
FNDA:3,_ZN7testing8internal15TestFactoryImplI46formatoValidoTEST_profundidadErronea_Test_TestED2Ev
FNDA:3,_ZN7testing8internal15TestFactoryImplI46formatoValidoTEST_profundidadErronea_Test_TestEC2Ev
FNDA:3,_ZN7testing8internal15TestFactoryImplI38formatoValidoTEST_longitudErronea_TestEC2Ev
FNDA:3,_ZN7testing8internal15TestFactoryImplI38formatoValidoTEST_longitudErronea_TestE10CreateTestEv
FNDA:3,_ZN7testing8internal15TestFactoryImplI46formatoValidoTEST_profundidadErronea_Test_TestE10CreateTestEv
FNDA:207,_ZN7testing8internal12CodeLocationD2Ev
FNDA:69,_ZN7testing8internal12CodeLocationC2ERKNSt7__cxx1112basic_stringIcSt11char_traitsIcESaIcEEEi
FNF:13
FNH:12
DA:466,69
DA:473,69
DA:482,18
DA:484,6
DA:504,207
DA:505,69
DA:506,69
LF:7
LH:7
end_of_record
SF:/home/mzuleta/TPI/MIR/lib/googletest-master/googletest/include/gtest/internal/gtest-port.h
FN:1156,_ZN7testing8internal10scoped_ptrINSt7__cxx1112basic_stringIcSt11char_traitsIcESaIcEEEEC2EPS7_
FN:1157,_ZN7testing8internal10scoped_ptrINSt7__cxx1112basic_stringIcSt11char_traitsIcESaIcEEEED2Ev
FN:1157,_ZN7testing8internal10scoped_ptrINSt7__cxx1118basic_stringstreamIcSt11char_traitsIcESaIcEEEED2Ev
FN:1169,_ZN7testing8internal10scoped_ptrINSt7__cxx1118basic_stringstreamIcSt11char_traitsIcESaIcEEEE5resetEPS7_
FN:1169,_ZN7testing8internal10scoped_ptrINSt7__cxx1112basic_stringIcSt11char_traitsIcESaIcEEEE5resetEPS7_
FNDA:0,_ZN7testing8internal10scoped_ptrINSt7__cxx1112basic_stringIcSt11char_traitsIcESaIcEEEEC2EPS7_
FNDA:0,_ZN7testing8internal10scoped_ptrINSt7__cxx1112basic_stringIcSt11char_traitsIcESaIcEEEED2Ev
FNDA:0,_ZN7testing8internal10scoped_ptrINSt7__cxx1118basic_stringstreamIcSt11char_traitsIcESaIcEEEED2Ev
FNDA:0,_ZN7testing8internal10scoped_ptrINSt7__cxx1118basic_stringstreamIcSt11char_traitsIcESaIcEEEE5resetEPS7_
FNDA:0,_ZN7testing8internal10scoped_ptrINSt7__cxx1112basic_stringIcSt11char_traitsIcESaIcEEEE5resetEPS7_
FNF:5
FNH:0
DA:1156,0
DA:1157,0
DA:1169,0
DA:1170,0
DA:1171,0
DA:1172,0
DA:1174,0
DA:1176,0
LF:8
LH:0
end_of_record
SF:/home/mzuleta/TPI/MIR/tests/formatoValidoTEST.cpp
FN:7,_ZN38formatoValidoTEST_longitudErronea_TestD2Ev
FN:7,_ZN38formatoValidoTEST_longitudErronea_TestC2Ev
FN:7,_ZN38formatoValidoTEST_longitudErronea_TestD0Ev
FN:7,_ZN38formatoValidoTEST_longitudErronea_Test8TestBodyEv
FN:16,_ZN46formatoValidoTEST_profundidadErronea_Test_TestD0Ev
FN:16,_ZN46formatoValidoTEST_profundidadErronea_Test_Test8TestBodyEv
FN:16,_ZN46formatoValidoTEST_profundidadErronea_Test_TestD2Ev
FN:16,_ZN46formatoValidoTEST_profundidadErronea_Test_TestC2Ev
FN:22,_Z41__static_initialization_and_destruction_0ii
FN:22,_GLOBAL__sub_I__ZN38formatoValidoTEST_longitudErronea_Test10test_info_E
FNDA:3,_ZN38formatoValidoTEST_longitudErronea_TestD0Ev
FNDA:3,_ZN38formatoValidoTEST_longitudErronea_TestD2Ev
FNDA:3,_ZN38formatoValidoTEST_longitudErronea_Test8TestBodyEv
FNDA:3,_ZN38formatoValidoTEST_longitudErronea_TestC2Ev
FNDA:3,_ZN46formatoValidoTEST_profundidadErronea_Test_TestD0Ev
FNDA:3,_ZN46formatoValidoTEST_profundidadErronea_Test_TestD2Ev
FNDA:3,_ZN46formatoValidoTEST_profundidadErronea_Test_Test8TestBodyEv
FNDA:3,_ZN46formatoValidoTEST_profundidadErronea_Test_TestC2Ev
FNDA:3,_GLOBAL__sub_I__ZN38formatoValidoTEST_longitudErronea_Test10test_info_E
FNDA:3,_Z41__static_initialization_and_destruction_0ii
FNF:10
FNH:10
DA:7,15
DA:8,6
DA:9,3
DA:10,3
DA:12,3
DA:13,3
DA:16,15
DA:17,6
DA:18,3
DA:19,3
DA:21,3
DA:22,12
LF:12
LH:12
end_of_record
SF:/usr/include/c++/7/bits/alloc_traits.h
FN:435,_ZNSt16allocator_traitsISaIiEE8allocateERS0_m
FN:461,_ZNSt16allocator_traitsISaIiEE10deallocateERS0_Pim
FN:504,_ZNSt16allocator_traitsISaIiEE37select_on_container_copy_constructionERKS0_
FNDA:0,_ZNSt16allocator_traitsISaIiEE8allocateERS0_m
FNDA:0,_ZNSt16allocator_traitsISaIiEE10deallocateERS0_Pim
FNDA:0,_ZNSt16allocator_traitsISaIiEE37select_on_container_copy_constructionERKS0_
FNF:3
FNH:0
DA:435,0
DA:436,0
DA:461,0
DA:462,0
DA:504,0
DA:505,0
LF:6
LH:0
end_of_record
SF:/usr/include/c++/7/bits/allocator.h
FN:131,_ZNSaIiEC2Ev
FN:133,_ZNSaIiEC2ERKS_
FN:139,_ZNSaIiED2Ev
FNDA:0,_ZNSaIiEC2Ev
FNDA:0,_ZNSaIiEC2ERKS_
FNDA:0,_ZNSaIiED2Ev
FNF:3
FNH:0
DA:131,0
DA:133,0
DA:134,0
DA:139,0
LF:4
LH:0
end_of_record
SF:/usr/include/c++/7/bits/cpp_type_traits.h
FN:408,_ZSt12__miter_baseIN9__gnu_cxx17__normal_iteratorIPKiSt6vectorIiSaIiEEEEET_S8_
FN:408,_ZSt12__miter_baseIPKiET_S2_
FNDA:330,_ZSt12__miter_baseIPKiET_S2_
FNDA:0,_ZSt12__miter_baseIN9__gnu_cxx17__normal_iteratorIPKiSt6vectorIiSaIiEEEEET_S8_
FNF:2
FNH:1
DA:408,330
DA:409,330
LF:2
LH:2
end_of_record
SF:/usr/include/c++/7/bits/stl_algobase.h
FN:277,_ZSt12__niter_baseIPKiET_S2_
FN:277,_ZSt12__niter_baseIPiET_S1_
FN:357,_ZNSt11__copy_moveILb0ELb1ESt26random_access_iterator_tagE8__copy_mIiEEPT_PKS3_S6_S4_
FN:375,_ZSt13__copy_move_aILb0EPKiPiET1_T0_S4_S3_
FN:420,_ZSt14__copy_move_a2ILb0EPKiPiET1_T0_S4_S3_
FN:420,_ZSt14__copy_move_a2ILb0EN9__gnu_cxx17__normal_iteratorIPKiSt6vectorIiSaIiEEEEPiET1_T0_SA_S9_
FN:446,_ZSt4copyIN9__gnu_cxx17__normal_iteratorIPKiSt6vectorIiSaIiEEEEPiET0_T_SA_S9_
FN:446,_ZSt4copyIPKiPiET0_T_S4_S3_
FNDA:330,_ZSt12__niter_baseIPKiET_S2_
FNDA:0,_ZSt12__niter_baseIPiET_S1_
FNDA:0,_ZNSt11__copy_moveILb0ELb1ESt26random_access_iterator_tagE8__copy_mIiEEPT_PKS3_S6_S4_
FNDA:0,_ZSt13__copy_move_aILb0EPKiPiET1_T0_S4_S3_
FNDA:165,_ZSt14__copy_move_a2ILb0EPKiPiET1_T0_S4_S3_
FNDA:0,_ZSt14__copy_move_a2ILb0EN9__gnu_cxx17__normal_iteratorIPKiSt6vectorIiSaIiEEEEPiET1_T0_SA_S9_
FNDA:165,_ZSt4copyIPKiPiET0_T_S4_S3_
FNDA:0,_ZSt4copyIN9__gnu_cxx17__normal_iteratorIPKiSt6vectorIiSaIiEEEEPiET0_T_SA_S9_
FNF:8
FNH:3
DA:277,330
DA:278,330
DA:357,0
DA:366,0
DA:367,0
DA:368,0
DA:369,0
DA:375,0
DA:380,0
DA:386,0
DA:420,165
DA:422,165
DA:424,165
DA:446,165
DA:455,165
DA:456,165
LF:16
LH:8
end_of_record
SF:/usr/include/c++/7/bits/stl_construct.h
FN:117,_ZNSt12_Destroy_auxILb1EE9__destroyIPiEEvT_S3_
FN:127,_ZSt8_DestroyIPiEvT_S1_
FN:203,_ZSt8_DestroyIPiiEvT_S1_RSaIT0_E
FNDA:0,_ZNSt12_Destroy_auxILb1EE9__destroyIPiEEvT_S3_
FNDA:0,_ZSt8_DestroyIPiEvT_S1_
FNDA:0,_ZSt8_DestroyIPiiEvT_S1_RSaIT0_E
FNF:3
FNH:0
DA:117,0
DA:127,0
DA:137,0
DA:138,0
DA:203,0
DA:206,0
DA:207,0
LF:7
LH:0
end_of_record
SF:/usr/include/c++/7/bits/stl_iterator.h
FN:782,_ZN9__gnu_cxx17__normal_iteratorIPKiSt6vectorIiSaIiEEEC2ERKS2_
FN:847,_ZNK9__gnu_cxx17__normal_iteratorIPKiSt6vectorIiSaIiEEE4baseEv
FN:986,_ZSt12__niter_baseIPKiSt6vectorIiSaIiEEET_N9__gnu_cxx17__normal_iteratorIS5_T0_EE
FNDA:0,_ZN9__gnu_cxx17__normal_iteratorIPKiSt6vectorIiSaIiEEEC2ERKS2_
FNDA:0,_ZNK9__gnu_cxx17__normal_iteratorIPKiSt6vectorIiSaIiEEE4baseEv
FNDA:0,_ZSt12__niter_baseIPKiSt6vectorIiSaIiEEET_N9__gnu_cxx17__normal_iteratorIS5_T0_EE
FNF:3
FNH:0
DA:782,0
DA:783,0
DA:847,0
DA:848,0
DA:986,0
DA:987,0
LF:6
LH:0
end_of_record
SF:/usr/include/c++/7/bits/stl_iterator_base_funcs.h
FN:98,_ZSt10__distanceIPKiENSt15iterator_traitsIT_E15difference_typeES3_S3_St26random_access_iterator_tag
FN:138,_ZSt8distanceIPKiENSt15iterator_traitsIT_E15difference_typeES3_S3_
FNDA:165,_ZSt10__distanceIPKiENSt15iterator_traitsIT_E15difference_typeES3_S3_St26random_access_iterator_tag
FNDA:165,_ZSt8distanceIPKiENSt15iterator_traitsIT_E15difference_typeES3_S3_
FNF:2
FNH:2
DA:98,165
DA:104,165
DA:138,165
DA:141,165
DA:142,330
LF:5
LH:5
end_of_record
SF:/usr/include/c++/7/bits/stl_iterator_base_types.h
FN:205,_ZSt19__iterator_categoryIPKiENSt15iterator_traitsIT_E17iterator_categoryERKS3_
FNDA:165,_ZSt19__iterator_categoryIPKiENSt15iterator_traitsIT_E17iterator_categoryERKS3_
FNF:1
FNH:1
DA:205,165
DA:206,165
LF:2
LH:2
end_of_record
SF:/usr/include/c++/7/bits/stl_uninitialized.h
FN:99,_ZNSt20__uninitialized_copyILb1EE13__uninit_copyIN9__gnu_cxx17__normal_iteratorIPKiSt6vectorIiSaIiEEEEPiEET0_T_SC_SB_
FN:99,_ZNSt20__uninitialized_copyILb1EE13__uninit_copyIPKiPiEET0_T_S6_S5_
FN:115,_ZSt18uninitialized_copyIN9__gnu_cxx17__normal_iteratorIPKiSt6vectorIiSaIiEEEEPiET0_T_SA_S9_
FN:115,_ZSt18uninitialized_copyIPKiPiET0_T_S4_S3_
FN:287,_ZSt22__uninitialized_copy_aIPKiPiiET0_T_S4_S3_RSaIT1_E
FN:287,_ZSt22__uninitialized_copy_aIN9__gnu_cxx17__normal_iteratorIPKiSt6vectorIiSaIiEEEEPiiET0_T_SA_S9_RSaIT1_E
FNDA:165,_ZNSt20__uninitialized_copyILb1EE13__uninit_copyIPKiPiEET0_T_S6_S5_
FNDA:0,_ZNSt20__uninitialized_copyILb1EE13__uninit_copyIN9__gnu_cxx17__normal_iteratorIPKiSt6vectorIiSaIiEEEEPiEET0_T_SC_SB_
FNDA:165,_ZSt18uninitialized_copyIPKiPiET0_T_S4_S3_
FNDA:0,_ZSt18uninitialized_copyIN9__gnu_cxx17__normal_iteratorIPKiSt6vectorIiSaIiEEEEPiET0_T_SA_S9_
FNDA:165,_ZSt22__uninitialized_copy_aIPKiPiiET0_T_S4_S3_RSaIT1_E
FNDA:0,_ZSt22__uninitialized_copy_aIN9__gnu_cxx17__normal_iteratorIPKiSt6vectorIiSaIiEEEEPiiET0_T_SA_S9_RSaIT1_E
FNF:6
FNH:3
DA:99,165
DA:101,165
DA:115,165
DA:128,165
DA:134,165
DA:287,165
DA:289,165
LF:7
LH:7
end_of_record
SF:/usr/include/c++/7/bits/stl_vector.h
FN:81,_ZNSt12_Vector_baseIiSaIiEE12_Vector_implD2Ev
FN:92,_ZNSt12_Vector_baseIiSaIiEE12_Vector_implC2ERKS0_
FN:115,_ZNSt12_Vector_baseIiSaIiEE19_M_get_Tp_allocatorEv
FN:119,_ZNKSt12_Vector_baseIiSaIiEE19_M_get_Tp_allocatorEv
FN:129,_ZNSt12_Vector_baseIiSaIiEEC2ERKS0_
FN:136,_ZNSt12_Vector_baseIiSaIiEEC2EmRKS0_
FN:161,_ZNSt12_Vector_baseIiSaIiEED2Ev
FN:169,_ZNSt12_Vector_baseIiSaIiEE11_M_allocateEm
FN:176,_ZNSt12_Vector_baseIiSaIiEE13_M_deallocateEPim
FN:185,_ZNSt12_Vector_baseIiSaIiEE17_M_create_storageEm
FN:326,_ZNSt6vectorIiSaIiEEC2ERKS1_
FN:383,_ZNSt6vectorIiSaIiEEC2ESt16initializer_listIiERKS0_
FN:433,_ZNSt6vectorIiSaIiEED2Ev
FN:572,_ZNKSt6vectorIiSaIiEE5beginEv
FN:590,_ZNKSt6vectorIiSaIiEE3endEv
FN:670,_ZNKSt6vectorIiSaIiEE4sizeEv
FN:1324,_ZNSt6vectorIiSaIiEE19_M_range_initializeIPKiEEvT_S5_St20forward_iterator_tag
FNDA:0,_ZNSt12_Vector_baseIiSaIiEE12_Vector_implD2Ev
FNDA:0,_ZNSt12_Vector_baseIiSaIiEE12_Vector_implC2ERKS0_
FNDA:0,_ZNSt12_Vector_baseIiSaIiEE19_M_get_Tp_allocatorEv
FNDA:0,_ZNKSt12_Vector_baseIiSaIiEE19_M_get_Tp_allocatorEv
FNDA:0,_ZNSt12_Vector_baseIiSaIiEEC2ERKS0_
FNDA:0,_ZNSt12_Vector_baseIiSaIiEEC2EmRKS0_
FNDA:0,_ZNSt12_Vector_baseIiSaIiEED2Ev
FNDA:0,_ZNSt12_Vector_baseIiSaIiEE11_M_allocateEm
FNDA:0,_ZNSt12_Vector_baseIiSaIiEE13_M_deallocateEPim
FNDA:0,_ZNSt12_Vector_baseIiSaIiEE17_M_create_storageEm
FNDA:0,_ZNSt6vectorIiSaIiEEC2ERKS1_
FNDA:165,_ZNSt6vectorIiSaIiEEC2ESt16initializer_listIiERKS0_
FNDA:0,_ZNSt6vectorIiSaIiEED2Ev
FNDA:0,_ZNKSt6vectorIiSaIiEE5beginEv
FNDA:0,_ZNKSt6vectorIiSaIiEE3endEv
FNDA:0,_ZNKSt6vectorIiSaIiEE4sizeEv
FNDA:165,_ZNSt6vectorIiSaIiEE19_M_range_initializeIPKiEEvT_S5_St20forward_iterator_tag
FNF:17
FNH:2
DA:81,0
DA:92,0
DA:93,0
DA:94,0
DA:115,0
DA:116,0
DA:119,0
DA:120,0
DA:129,0
DA:130,0
DA:136,0
DA:137,0
DA:138,0
DA:161,0
DA:162,0
DA:163,0
DA:169,0
DA:172,0
DA:176,0
DA:179,0
DA:180,0
DA:181,0
DA:185,0
DA:187,0
DA:188,0
DA:189,0
DA:190,0
DA:326,0
DA:328,0
DA:330,0
DA:331,0
DA:333,0
DA:334,0
DA:383,165
DA:385,165
DA:387,165
DA:389,165
DA:433,0
DA:434,0
DA:435,0
DA:572,0
DA:573,0
DA:590,0
DA:591,0
DA:670,0
DA:671,0
DA:1324,165
DA:1327,165
DA:1328,165
DA:1329,165
DA:1330,165
DA:1331,165
DA:1333,165
DA:1334,165
LF:54
LH:12
end_of_record
SF:/usr/include/c++/7/ext/alloc_traits.h
FN:94,_ZN9__gnu_cxx14__alloc_traitsISaIiEE17_S_select_on_copyERKS1_
FNDA:0,_ZN9__gnu_cxx14__alloc_traitsISaIiEE17_S_select_on_copyERKS1_
FNF:1
FNH:0
DA:94,0
DA:95,0
LF:2
LH:0
end_of_record
SF:/usr/include/c++/7/ext/new_allocator.h
FN:79,_ZN9__gnu_cxx13new_allocatorIiEC2Ev
FN:81,_ZN9__gnu_cxx13new_allocatorIiEC2ERKS1_
FN:86,_ZN9__gnu_cxx13new_allocatorIiED2Ev
FN:99,_ZN9__gnu_cxx13new_allocatorIiE8allocateEmPKv
FN:116,_ZN9__gnu_cxx13new_allocatorIiE10deallocateEPim
FN:129,_ZNK9__gnu_cxx13new_allocatorIiE8max_sizeEv
FNDA:0,_ZN9__gnu_cxx13new_allocatorIiEC2Ev
FNDA:0,_ZN9__gnu_cxx13new_allocatorIiEC2ERKS1_
FNDA:0,_ZN9__gnu_cxx13new_allocatorIiED2Ev
FNDA:0,_ZN9__gnu_cxx13new_allocatorIiE8allocateEmPKv
FNDA:0,_ZN9__gnu_cxx13new_allocatorIiE10deallocateEPim
FNDA:0,_ZNK9__gnu_cxx13new_allocatorIiE8max_sizeEv
FNF:6
FNH:0
DA:79,0
DA:81,0
DA:86,0
DA:99,0
DA:101,0
DA:102,0
DA:111,0
DA:116,0
DA:125,0
DA:126,0
DA:129,0
DA:130,0
LF:12
LH:0
end_of_record
SF:/usr/include/c++/7/initializer_list
FN:71,_ZNKSt16initializer_listIiE4sizeEv
FN:75,_ZNKSt16initializer_listIiE5beginEv
FN:79,_ZNKSt16initializer_listIiE3endEv
FNDA:165,_ZNKSt16initializer_listIiE4sizeEv
FNDA:330,_ZNKSt16initializer_listIiE5beginEv
FNDA:165,_ZNKSt16initializer_listIiE3endEv
FNF:3
FNH:3
DA:71,165
DA:75,330
DA:79,165
LF:3
LH:3
end_of_record
SF:/usr/include/c++/7/iostream
DA:74,3
LF:1
LH:1
end_of_record
TN:
SF:/home/mzuleta/TPI/MIR/lib/googletest-master/googletest/include/gtest/gtest.h
FN:389,_ZN7testing4Test13SetUpTestCaseEv
FN:397,_ZN7testing4Test16TearDownTestCaseEv
FN:474,_ZN7testing4Test5SetupEv
FNDA:0,_ZN7testing4Test13SetUpTestCaseEv
FNDA:0,_ZN7testing4Test16TearDownTestCaseEv
FNDA:0,_ZN7testing4Test5SetupEv
FNF:3
FNH:0
DA:389,0
DA:397,0
DA:474,0
LF:3
LH:0
end_of_record
SF:/home/mzuleta/TPI/MIR/lib/googletest-master/googletest/include/gtest/internal/gtest-internal.h
FN:466,_ZN7testing8internal15TestFactoryBaseD0Ev
FN:466,_ZN7testing8internal15TestFactoryBaseD2Ev
FN:473,_ZN7testing8internal15TestFactoryBaseC2Ev
FN:482,_ZN7testing8internal15TestFactoryImplI42magnitudAbsolutaMaximaTEST_dosCanales_TestED2Ev
FN:482,_ZN7testing8internal15TestFactoryImplI42magnitudAbsolutaMaximaTEST_dosCanales_TestED0Ev
FN:482,_ZN7testing8internal15TestFactoryImplI39magnitudAbsolutaMaximaTEST_unCanal_TestEC2Ev
FN:482,_ZN7testing8internal15TestFactoryImplI42magnitudAbsolutaMaximaTEST_dosCanales_TestEC2Ev
FN:482,_ZN7testing8internal15TestFactoryImplI39magnitudAbsolutaMaximaTEST_unCanal_TestED2Ev
FN:482,_ZN7testing8internal15TestFactoryImplI39magnitudAbsolutaMaximaTEST_unCanal_TestED0Ev
FN:484,_ZN7testing8internal15TestFactoryImplI42magnitudAbsolutaMaximaTEST_dosCanales_TestE10CreateTestEv
FN:484,_ZN7testing8internal15TestFactoryImplI39magnitudAbsolutaMaximaTEST_unCanal_TestE10CreateTestEv
FN:504,_ZN7testing8internal12CodeLocationD2Ev
FN:505,_ZN7testing8internal12CodeLocationC2ERKNSt7__cxx1112basic_stringIcSt11char_traitsIcESaIcEEEi
FNDA:0,_ZN7testing8internal15TestFactoryBaseD0Ev
FNDA:0,_ZN7testing8internal15TestFactoryBaseD2Ev
FNDA:0,_ZN7testing8internal15TestFactoryBaseC2Ev
FNDA:3,_ZN7testing8internal15TestFactoryImplI39magnitudAbsolutaMaximaTEST_unCanal_TestED0Ev
FNDA:3,_ZN7testing8internal15TestFactoryImplI39magnitudAbsolutaMaximaTEST_unCanal_TestED2Ev
FNDA:3,_ZN7testing8internal15TestFactoryImplI42magnitudAbsolutaMaximaTEST_dosCanales_TestED0Ev
FNDA:3,_ZN7testing8internal15TestFactoryImplI42magnitudAbsolutaMaximaTEST_dosCanales_TestED2Ev
FNDA:3,_ZN7testing8internal15TestFactoryImplI42magnitudAbsolutaMaximaTEST_dosCanales_TestEC2Ev
FNDA:3,_ZN7testing8internal15TestFactoryImplI39magnitudAbsolutaMaximaTEST_unCanal_TestEC2Ev
FNDA:3,_ZN7testing8internal15TestFactoryImplI39magnitudAbsolutaMaximaTEST_unCanal_TestE10CreateTestEv
FNDA:3,_ZN7testing8internal15TestFactoryImplI42magnitudAbsolutaMaximaTEST_dosCanales_TestE10CreateTestEv
FNDA:0,_ZN7testing8internal12CodeLocationD2Ev
FNDA:0,_ZN7testing8internal12CodeLocationC2ERKNSt7__cxx1112basic_stringIcSt11char_traitsIcESaIcEEEi
FNF:13
FNH:8
DA:466,0
DA:473,0
DA:482,18
DA:484,6
DA:504,0
DA:505,0
DA:506,0
LF:7
LH:2
end_of_record
SF:/home/mzuleta/TPI/MIR/tests/magnitudAbsolutaMaximaTest.cpp
FN:7,_ZN39magnitudAbsolutaMaximaTEST_unCanal_TestD0Ev
FN:7,_ZN39magnitudAbsolutaMaximaTEST_unCanal_Test8TestBodyEv
FN:7,_ZN39magnitudAbsolutaMaximaTEST_unCanal_TestD2Ev
FN:7,_ZN39magnitudAbsolutaMaximaTEST_unCanal_TestC2Ev
FN:22,_ZN42magnitudAbsolutaMaximaTEST_dosCanales_Test8TestBodyEv
FN:22,_ZN42magnitudAbsolutaMaximaTEST_dosCanales_TestD2Ev
FN:22,_ZN42magnitudAbsolutaMaximaTEST_dosCanales_TestD0Ev
FN:22,_ZN42magnitudAbsolutaMaximaTEST_dosCanales_TestC2Ev
FN:35,_GLOBAL__sub_I__ZN39magnitudAbsolutaMaximaTEST_unCanal_Test10test_info_E
FN:35,_Z41__static_initialization_and_destruction_0ii
FNDA:3,_ZN39magnitudAbsolutaMaximaTEST_unCanal_TestD0Ev
FNDA:3,_ZN39magnitudAbsolutaMaximaTEST_unCanal_TestD2Ev
FNDA:3,_ZN39magnitudAbsolutaMaximaTEST_unCanal_Test8TestBodyEv
FNDA:3,_ZN39magnitudAbsolutaMaximaTEST_unCanal_TestC2Ev
FNDA:3,_ZN42magnitudAbsolutaMaximaTEST_dosCanales_TestD0Ev
FNDA:3,_ZN42magnitudAbsolutaMaximaTEST_dosCanales_TestD2Ev
FNDA:3,_ZN42magnitudAbsolutaMaximaTEST_dosCanales_Test8TestBodyEv
FNDA:3,_ZN42magnitudAbsolutaMaximaTEST_dosCanales_TestC2Ev
FNDA:3,_GLOBAL__sub_I__ZN39magnitudAbsolutaMaximaTEST_unCanal_Test10test_info_E
FNDA:3,_Z41__static_initialization_and_destruction_0ii
FNF:10
FNH:10
DA:7,15
DA:8,6
DA:9,3
DA:10,3
DA:11,6
DA:13,6
DA:14,6
DA:16,3
DA:18,3
DA:19,3
DA:20,3
DA:22,15
DA:23,6
DA:24,3
DA:25,3
DA:26,6
DA:28,6
DA:29,6
DA:31,3
DA:33,3
DA:34,3
DA:35,12
LF:22
LH:22
end_of_record
SF:/usr/include/c++/7/bits/alloc_traits.h
FN:435,_ZNSt16allocator_traitsISaIiEE8allocateERS0_m
FN:461,_ZNSt16allocator_traitsISaIiEE10deallocateERS0_Pim
FN:504,_ZNSt16allocator_traitsISaIiEE37select_on_container_copy_constructionERKS0_
FNDA:0,_ZNSt16allocator_traitsISaIiEE8allocateERS0_m
FNDA:0,_ZNSt16allocator_traitsISaIiEE10deallocateERS0_Pim
FNDA:0,_ZNSt16allocator_traitsISaIiEE37select_on_container_copy_constructionERKS0_
FNF:3
FNH:0
DA:435,0
DA:436,0
DA:461,0
DA:462,0
DA:504,0
DA:505,0
LF:6
LH:0
end_of_record
SF:/usr/include/c++/7/bits/allocator.h
FN:131,_ZNSaIiEC2Ev
FN:133,_ZNSaIiEC2ERKS_
FN:139,_ZNSaIiED2Ev
FNDA:0,_ZNSaIiEC2Ev
FNDA:0,_ZNSaIiEC2ERKS_
FNDA:0,_ZNSaIiED2Ev
FNF:3
FNH:0
DA:131,0
DA:133,0
DA:134,0
DA:139,0
LF:4
LH:0
end_of_record
SF:/usr/include/c++/7/bits/cpp_type_traits.h
FN:408,_ZSt12__miter_baseIN9__gnu_cxx17__normal_iteratorIPKiSt6vectorIiSaIiEEEEET_S8_
FN:408,_ZSt12__miter_baseIPKiET_S2_
FNDA:0,_ZSt12__miter_baseIPKiET_S2_
FNDA:0,_ZSt12__miter_baseIN9__gnu_cxx17__normal_iteratorIPKiSt6vectorIiSaIiEEEEET_S8_
FNF:2
FNH:0
DA:408,0
DA:409,0
LF:2
LH:0
end_of_record
SF:/usr/include/c++/7/bits/stl_algobase.h
FN:277,_ZSt12__niter_baseIPKiET_S2_
FN:277,_ZSt12__niter_baseIPiET_S1_
FN:357,_ZNSt11__copy_moveILb0ELb1ESt26random_access_iterator_tagE8__copy_mIiEEPT_PKS3_S6_S4_
FN:375,_ZSt13__copy_move_aILb0EPKiPiET1_T0_S4_S3_
FN:420,_ZSt14__copy_move_a2ILb0EPKiPiET1_T0_S4_S3_
FN:420,_ZSt14__copy_move_a2ILb0EN9__gnu_cxx17__normal_iteratorIPKiSt6vectorIiSaIiEEEEPiET1_T0_SA_S9_
FN:446,_ZSt4copyIN9__gnu_cxx17__normal_iteratorIPKiSt6vectorIiSaIiEEEEPiET0_T_SA_S9_
FN:446,_ZSt4copyIPKiPiET0_T_S4_S3_
FNDA:0,_ZSt12__niter_baseIPKiET_S2_
FNDA:0,_ZSt12__niter_baseIPiET_S1_
FNDA:0,_ZNSt11__copy_moveILb0ELb1ESt26random_access_iterator_tagE8__copy_mIiEEPT_PKS3_S6_S4_
FNDA:0,_ZSt13__copy_move_aILb0EPKiPiET1_T0_S4_S3_
FNDA:0,_ZSt14__copy_move_a2ILb0EPKiPiET1_T0_S4_S3_
FNDA:0,_ZSt14__copy_move_a2ILb0EN9__gnu_cxx17__normal_iteratorIPKiSt6vectorIiSaIiEEEEPiET1_T0_SA_S9_
FNDA:0,_ZSt4copyIPKiPiET0_T_S4_S3_
FNDA:0,_ZSt4copyIN9__gnu_cxx17__normal_iteratorIPKiSt6vectorIiSaIiEEEEPiET0_T_SA_S9_
FNF:8
FNH:0
DA:277,0
DA:278,0
DA:357,0
DA:366,0
DA:367,0
DA:368,0
DA:369,0
DA:375,0
DA:380,0
DA:386,0
DA:420,0
DA:422,0
DA:424,0
DA:446,0
DA:455,0
DA:456,0
LF:16
LH:0
end_of_record
SF:/usr/include/c++/7/bits/stl_construct.h
FN:117,_ZNSt12_Destroy_auxILb1EE9__destroyIPiEEvT_S3_
FN:127,_ZSt8_DestroyIPiEvT_S1_
FN:203,_ZSt8_DestroyIPiiEvT_S1_RSaIT0_E
FNDA:0,_ZNSt12_Destroy_auxILb1EE9__destroyIPiEEvT_S3_
FNDA:0,_ZSt8_DestroyIPiEvT_S1_
FNDA:0,_ZSt8_DestroyIPiiEvT_S1_RSaIT0_E
FNF:3
FNH:0
DA:117,0
DA:127,0
DA:137,0
DA:138,0
DA:203,0
DA:206,0
DA:207,0
LF:7
LH:0
end_of_record
SF:/usr/include/c++/7/bits/stl_iterator.h
FN:782,_ZN9__gnu_cxx17__normal_iteratorIPKiSt6vectorIiSaIiEEEC2ERKS2_
FN:847,_ZNK9__gnu_cxx17__normal_iteratorIPKiSt6vectorIiSaIiEEE4baseEv
FN:986,_ZSt12__niter_baseIPKiSt6vectorIiSaIiEEET_N9__gnu_cxx17__normal_iteratorIS5_T0_EE
FNDA:0,_ZN9__gnu_cxx17__normal_iteratorIPKiSt6vectorIiSaIiEEEC2ERKS2_
FNDA:0,_ZNK9__gnu_cxx17__normal_iteratorIPKiSt6vectorIiSaIiEEE4baseEv
FNDA:0,_ZSt12__niter_baseIPKiSt6vectorIiSaIiEEET_N9__gnu_cxx17__normal_iteratorIS5_T0_EE
FNF:3
FNH:0
DA:782,0
DA:783,0
DA:847,0
DA:848,0
DA:986,0
DA:987,0
LF:6
LH:0
end_of_record
SF:/usr/include/c++/7/bits/stl_iterator_base_funcs.h
FN:98,_ZSt10__distanceIPKiENSt15iterator_traitsIT_E15difference_typeES3_S3_St26random_access_iterator_tag
FN:138,_ZSt8distanceIPKiENSt15iterator_traitsIT_E15difference_typeES3_S3_
FNDA:0,_ZSt10__distanceIPKiENSt15iterator_traitsIT_E15difference_typeES3_S3_St26random_access_iterator_tag
FNDA:0,_ZSt8distanceIPKiENSt15iterator_traitsIT_E15difference_typeES3_S3_
FNF:2
FNH:0
DA:98,0
DA:104,0
DA:138,0
DA:141,0
DA:142,0
LF:5
LH:0
end_of_record
SF:/usr/include/c++/7/bits/stl_iterator_base_types.h
FN:205,_ZSt19__iterator_categoryIPKiENSt15iterator_traitsIT_E17iterator_categoryERKS3_
FNDA:0,_ZSt19__iterator_categoryIPKiENSt15iterator_traitsIT_E17iterator_categoryERKS3_
FNF:1
FNH:0
DA:205,0
DA:206,0
LF:2
LH:0
end_of_record
SF:/usr/include/c++/7/bits/stl_uninitialized.h
FN:99,_ZNSt20__uninitialized_copyILb1EE13__uninit_copyIN9__gnu_cxx17__normal_iteratorIPKiSt6vectorIiSaIiEEEEPiEET0_T_SC_SB_
FN:99,_ZNSt20__uninitialized_copyILb1EE13__uninit_copyIPKiPiEET0_T_S6_S5_
FN:115,_ZSt18uninitialized_copyIPKiPiET0_T_S4_S3_
FN:115,_ZSt18uninitialized_copyIN9__gnu_cxx17__normal_iteratorIPKiSt6vectorIiSaIiEEEEPiET0_T_SA_S9_
FN:287,_ZSt22__uninitialized_copy_aIPKiPiiET0_T_S4_S3_RSaIT1_E
FN:287,_ZSt22__uninitialized_copy_aIN9__gnu_cxx17__normal_iteratorIPKiSt6vectorIiSaIiEEEEPiiET0_T_SA_S9_RSaIT1_E
FNDA:0,_ZNSt20__uninitialized_copyILb1EE13__uninit_copyIPKiPiEET0_T_S6_S5_
FNDA:0,_ZNSt20__uninitialized_copyILb1EE13__uninit_copyIN9__gnu_cxx17__normal_iteratorIPKiSt6vectorIiSaIiEEEEPiEET0_T_SC_SB_
FNDA:0,_ZSt18uninitialized_copyIPKiPiET0_T_S4_S3_
FNDA:0,_ZSt18uninitialized_copyIN9__gnu_cxx17__normal_iteratorIPKiSt6vectorIiSaIiEEEEPiET0_T_SA_S9_
FNDA:0,_ZSt22__uninitialized_copy_aIPKiPiiET0_T_S4_S3_RSaIT1_E
FNDA:0,_ZSt22__uninitialized_copy_aIN9__gnu_cxx17__normal_iteratorIPKiSt6vectorIiSaIiEEEEPiiET0_T_SA_S9_RSaIT1_E
FNF:6
FNH:0
DA:99,0
DA:101,0
DA:115,0
DA:128,0
DA:134,0
DA:287,0
DA:289,0
LF:7
LH:0
end_of_record
SF:/usr/include/c++/7/bits/stl_vector.h
FN:81,_ZNSt12_Vector_baseIiSaIiEE12_Vector_implD2Ev
FN:88,_ZNSt12_Vector_baseIiSaIiEE12_Vector_implC2Ev
FN:92,_ZNSt12_Vector_baseIiSaIiEE12_Vector_implC2ERKS0_
FN:115,_ZNSt12_Vector_baseIiSaIiEE19_M_get_Tp_allocatorEv
FN:119,_ZNKSt12_Vector_baseIiSaIiEE19_M_get_Tp_allocatorEv
FN:126,_ZNSt12_Vector_baseIiSaIiEEC2Ev
FN:129,_ZNSt12_Vector_baseIiSaIiEEC2ERKS0_
FN:136,_ZNSt12_Vector_baseIiSaIiEEC2EmRKS0_
FN:161,_ZNSt12_Vector_baseIiSaIiEED2Ev
FN:169,_ZNSt12_Vector_baseIiSaIiEE11_M_allocateEm
FN:176,_ZNSt12_Vector_baseIiSaIiEE13_M_deallocateEPim
FN:185,_ZNSt12_Vector_baseIiSaIiEE17_M_create_storageEm
FN:259,_ZNSt6vectorIiSaIiEEC2Ev
FN:326,_ZNSt6vectorIiSaIiEEC2ERKS1_
FN:383,_ZNSt6vectorIiSaIiEEC2ESt16initializer_listIiERKS0_
FN:433,_ZNSt6vectorIiSaIiEED2Ev
FN:572,_ZNKSt6vectorIiSaIiEE5beginEv
FN:590,_ZNKSt6vectorIiSaIiEE3endEv
FN:670,_ZNKSt6vectorIiSaIiEE4sizeEv
FN:1324,_ZNSt6vectorIiSaIiEE19_M_range_initializeIPKiEEvT_S5_St20forward_iterator_tag
FNDA:0,_ZNSt12_Vector_baseIiSaIiEE12_Vector_implD2Ev
FNDA:0,_ZNSt12_Vector_baseIiSaIiEE12_Vector_implC2Ev
FNDA:0,_ZNSt12_Vector_baseIiSaIiEE12_Vector_implC2ERKS0_
FNDA:0,_ZNSt12_Vector_baseIiSaIiEE19_M_get_Tp_allocatorEv
FNDA:0,_ZNKSt12_Vector_baseIiSaIiEE19_M_get_Tp_allocatorEv
FNDA:0,_ZNSt12_Vector_baseIiSaIiEEC2Ev
FNDA:0,_ZNSt12_Vector_baseIiSaIiEEC2ERKS0_
FNDA:0,_ZNSt12_Vector_baseIiSaIiEEC2EmRKS0_
FNDA:0,_ZNSt12_Vector_baseIiSaIiEED2Ev
FNDA:0,_ZNSt12_Vector_baseIiSaIiEE11_M_allocateEm
FNDA:0,_ZNSt12_Vector_baseIiSaIiEE13_M_deallocateEPim
FNDA:0,_ZNSt12_Vector_baseIiSaIiEE17_M_create_storageEm
FNDA:0,_ZNSt6vectorIiSaIiEEC2Ev
FNDA:0,_ZNSt6vectorIiSaIiEEC2ERKS1_
FNDA:0,_ZNSt6vectorIiSaIiEEC2ESt16initializer_listIiERKS0_
FNDA:0,_ZNSt6vectorIiSaIiEED2Ev
FNDA:0,_ZNKSt6vectorIiSaIiEE5beginEv
FNDA:0,_ZNKSt6vectorIiSaIiEE3endEv
FNDA:0,_ZNKSt6vectorIiSaIiEE4sizeEv
FNDA:0,_ZNSt6vectorIiSaIiEE19_M_range_initializeIPKiEEvT_S5_St20forward_iterator_tag
FNF:20
FNH:0
DA:81,0
DA:88,0
DA:89,0
DA:90,0
DA:92,0
DA:93,0
DA:94,0
DA:115,0
DA:116,0
DA:119,0
DA:120,0
DA:126,0
DA:127,0
DA:129,0
DA:130,0
DA:136,0
DA:137,0
DA:138,0
DA:161,0
DA:162,0
DA:163,0
DA:169,0
DA:172,0
DA:176,0
DA:179,0
DA:180,0
DA:181,0
DA:185,0
DA:187,0
DA:188,0
DA:189,0
DA:190,0
DA:259,0
DA:263,0
DA:326,0
DA:328,0
DA:330,0
DA:331,0
DA:333,0
DA:334,0
DA:383,0
DA:385,0
DA:387,0
DA:389,0
DA:433,0
DA:434,0
DA:435,0
DA:572,0
DA:573,0
DA:590,0
DA:591,0
DA:670,0
DA:671,0
DA:1324,0
DA:1327,0
DA:1328,0
DA:1329,0
DA:1330,0
DA:1331,0
DA:1333,0
DA:1334,0
LF:61
LH:0
end_of_record
SF:/usr/include/c++/7/ext/alloc_traits.h
FN:94,_ZN9__gnu_cxx14__alloc_traitsISaIiEE17_S_select_on_copyERKS1_
FNDA:0,_ZN9__gnu_cxx14__alloc_traitsISaIiEE17_S_select_on_copyERKS1_
FNF:1
FNH:0
DA:94,0
DA:95,0
LF:2
LH:0
end_of_record
SF:/usr/include/c++/7/ext/new_allocator.h
FN:79,_ZN9__gnu_cxx13new_allocatorIiEC2Ev
[...]
FN:105,_ZNSt12_Destroy_auxILb0EE9__destroyIPSt6vectorIiSaIiEEEEvT_S6_
FN:117,_ZNSt12_Destroy_auxILb1EE9__destroyIPiEEvT_S3_
FN:127,_ZSt8_DestroyIPSt6vectorIiSaIiEEEvT_S4_
FN:127,_ZSt8_DestroyIPiEvT_S1_
FN:203,_ZSt8_DestroyIPiiEvT_S1_RSaIT0_E
FN:203,_ZSt8_DestroyIPSt6vectorIiSaIiEES2_EvT_S4_RSaIT0_E
FNDA:0,_ZSt10_ConstructISt6vectorIiSaIiEEJRKS2_EEvPT_DpOT0_
FNDA:0,_ZSt8_DestroyISt6vectorIiSaIiEEEvPT_
FNDA:0,_ZNSt12_Destroy_auxILb0EE9__destroyIPSt6vectorIiSaIiEEEEvT_S6_
FNDA:0,_ZNSt12_Destroy_auxILb1EE9__destroyIPiEEvT_S3_
FNDA:0,_ZSt8_DestroyIPiEvT_S1_
FNDA:0,_ZSt8_DestroyIPSt6vectorIiSaIiEEEvT_S4_
FNDA:0,_ZSt8_DestroyIPiiEvT_S1_RSaIT0_E
FNDA:0,_ZSt8_DestroyIPSt6vectorIiSaIiEES2_EvT_S4_RSaIT0_E
FNF:8
FNH:0
DA:74,0
DA:75,0
DA:97,0
DA:98,0
DA:105,0
DA:107,0
DA:108,0
DA:109,0
DA:117,0
DA:127,0
DA:137,0
DA:138,0
DA:203,0
DA:206,0
DA:207,0
LF:15
LH:0
end_of_record
SF:/usr/include/c++/7/bits/stl_heap.h
FN:128,_ZSt11__push_heapIN9__gnu_cxx17__normal_iteratorIPiSt6vectorIiSaIiEEEEliNS0_5__ops14_Iter_less_valEEvT_T0_SA_T1_RT2_
FN:214,_ZSt13__adjust_heapIN9__gnu_cxx17__normal_iteratorIPiSt6vectorIiSaIiEEEEliNS0_5__ops15_Iter_less_iterEEvT_T0_SA_T1_T2_
FN:243,_ZSt10__pop_heapIN9__gnu_cxx17__normal_iteratorIPiSt6vectorIiSaIiEEEENS0_5__ops15_Iter_less_iterEEvT_S9_S9_RT0_
FN:326,_ZSt11__make_heapIN9__gnu_cxx17__normal_iteratorIPiSt6vectorIiSaIiEEEENS0_5__ops15_Iter_less_iterEEvT_S9_RT0_
FN:402,_ZSt11__sort_heapIN9__gnu_cxx17__normal_iteratorIPiSt6vectorIiSaIiEEEENS0_5__ops15_Iter_less_iterEEvT_S9_RT0_
FNDA:0,_ZSt11__push_heapIN9__gnu_cxx17__normal_iteratorIPiSt6vectorIiSaIiEEEEliNS0_5__ops14_Iter_less_valEEvT_T0_SA_T1_RT2_
FNDA:0,_ZSt13__adjust_heapIN9__gnu_cxx17__normal_iteratorIPiSt6vectorIiSaIiEEEEliNS0_5__ops15_Iter_less_iterEEvT_T0_SA_T1_T2_
FNDA:0,_ZSt10__pop_heapIN9__gnu_cxx17__normal_iteratorIPiSt6vectorIiSaIiEEEENS0_5__ops15_Iter_less_iterEEvT_S9_S9_RT0_
FNDA:0,_ZSt11__make_heapIN9__gnu_cxx17__normal_iteratorIPiSt6vectorIiSaIiEEEENS0_5__ops15_Iter_less_iterEEvT_S9_RT0_
FNDA:0,_ZSt11__sort_heapIN9__gnu_cxx17__normal_iteratorIPiSt6vectorIiSaIiEEEENS0_5__ops15_Iter_less_iterEEvT_S9_RT0_
FNF:5
FNH:0
DA:128,0
DA:132,0
DA:133,0
DA:135,0
DA:136,0
DA:137,0
DA:139,0
DA:140,0
DA:214,0
DA:217,0
DA:218,0
DA:219,0
DA:221,0
DA:222,0
DA:224,0
DA:225,0
DA:226,0
DA:228,0
DA:230,0
DA:231,0
DA:233,0
DA:236,0
DA:237,0
DA:238,0
DA:239,0
DA:243,0
DA:251,0
DA:252,0
DA:253,0
DA:254,0
DA:255,0
DA:256,0
DA:326,0
DA:334,0
DA:335,0
DA:337,0
DA:338,0
DA:339,0
DA:341,0
DA:342,0
DA:344,0
DA:345,0
DA:346,0
DA:402,0
DA:405,0
DA:407,0
DA:408,0
DA:410,0
LF:48
LH:0
end_of_record
SF:/usr/include/c++/7/bits/stl_iterator.h
FN:782,_ZN9__gnu_cxx17__normal_iteratorIPiSt6vectorIiSaIiEEEC2ERKS1_
FN:782,_ZN9__gnu_cxx17__normal_iteratorIPKiSt6vectorIiSaIiEEEC2ERKS2_
FN:782,_ZN9__gnu_cxx17__normal_iteratorIPKSt6vectorIiSaIiEES1_IS3_SaIS3_EEEC2ERKS5_
FN:787,_ZN9__gnu_cxx17__normal_iteratorIPKiSt6vectorIiSaIiEEEC2IPiEERKNS0_IT_NS_11__enable_ifIXsrSt10__are_sameIS9_S8_E7__valueES5_E6__typeEEE
FN:795,_ZNK9__gnu_cxx17__normal_iteratorIPKSt6vectorIiSaIiEES1_IS3_SaIS3_EEEdeEv
FN:795,_ZNK9__gnu_cxx17__normal_iteratorIPiSt6vectorIiSaIiEEEdeEv
FN:803,_ZN9__gnu_cxx17__normal_iteratorIPiSt6vectorIiSaIiEEEppEv
FN:803,_ZN9__gnu_cxx17__normal_iteratorIPKSt6vectorIiSaIiEES1_IS3_SaIS3_EEEppEv
FN:815,_ZN9__gnu_cxx17__normal_iteratorIPiSt6vectorIiSaIiEEEmmEv
FN:835,_ZNK9__gnu_cxx17__normal_iteratorIPiSt6vectorIiSaIiEEEplEl
FN:843,_ZNK9__gnu_cxx17__normal_iteratorIPiSt6vectorIiSaIiEEEmiEl
FN:847,_ZNK9__gnu_cxx17__normal_iteratorIPKiSt6vectorIiSaIiEEE4baseEv
FN:847,_ZNK9__gnu_cxx17__normal_iteratorIPKSt6vectorIiSaIiEES1_IS3_SaIS3_EEE4baseEv
FN:847,_ZNK9__gnu_cxx17__normal_iteratorIPiSt6vectorIiSaIiEEE4baseEv
FN:869,_ZN9__gnu_cxxeqIPiSt6vectorIiSaIiEEEEbRKNS_17__normal_iteratorIT_T0_EESA_
FN:883,_ZN9__gnu_cxxneIPKSt6vectorIiSaIiEES1_IS3_SaIS3_EEEEbRKNS_17__normal_iteratorIT_T0_EESD_
FN:883,_ZN9__gnu_cxxneIPiSt6vectorIiSaIiEEEEbRKNS_17__normal_iteratorIT_T0_EESA_
FN:898,_ZN9__gnu_cxxltIPiSt6vectorIiSaIiEEEEbRKNS_17__normal_iteratorIT_T0_EESA_
FN:965,_ZN9__gnu_cxxmiIPKiSt6vectorIiSaIiEEEENS_17__normal_iteratorIT_T0_E15difference_typeERKS9_SC_
FN:965,_ZN9__gnu_cxxmiIPiSt6vectorIiSaIiEEEENS_17__normal_iteratorIT_T0_E15difference_typeERKS8_SB_
FN:986,_ZSt12__niter_baseIPKiSt6vectorIiSaIiEEET_N9__gnu_cxx17__normal_iteratorIS5_T0_EE
FN:986,_ZSt12__niter_baseIPiSt6vectorIiSaIiEEET_N9__gnu_cxx17__normal_iteratorIS4_T0_EE
FN:1039,_ZNSt13move_iteratorIPiEC2ES0_
FN:1048,_ZNKSt13move_iteratorIPiE4baseEv
FN:1224,_ZSt32__make_move_if_noexcept_iteratorIiSt13move_iteratorIPiEET0_PT_
FN:1244,_ZSt12__miter_baseIPiEDTcl12__miter_basecldtfp_4baseEEESt13move_iteratorIT_E
FNDA:0,_ZN9__gnu_cxx17__normal_iteratorIPKSt6vectorIiSaIiEES1_IS3_SaIS3_EEEC2ERKS5_
FNDA:0,_ZN9__gnu_cxx17__normal_iteratorIPKiSt6vectorIiSaIiEEEC2ERKS2_
FNDA:0,_ZN9__gnu_cxx17__normal_iteratorIPiSt6vectorIiSaIiEEEC2ERKS1_
FNDA:36,_ZN9__gnu_cxx17__normal_iteratorIPKiSt6vectorIiSaIiEEEC2IPiEERKNS0_IT_NS_11__enable_ifIXsrSt10__are_sameIS9_S8_E7__valueES5_E6__typeEEE
FNDA:0,_ZNK9__gnu_cxx17__normal_iteratorIPKSt6vectorIiSaIiEES1_IS3_SaIS3_EEEdeEv
FNDA:5568,_ZNK9__gnu_cxx17__normal_iteratorIPiSt6vectorIiSaIiEEEdeEv
FNDA:0,_ZN9__gnu_cxx17__normal_iteratorIPKSt6vectorIiSaIiEES1_IS3_SaIS3_EEEppEv
FNDA:654,_ZN9__gnu_cxx17__normal_iteratorIPiSt6vectorIiSaIiEEEppEv
FNDA:1320,_ZN9__gnu_cxx17__normal_iteratorIPiSt6vectorIiSaIiEEEmmEv
FNDA:456,_ZNK9__gnu_cxx17__normal_iteratorIPiSt6vectorIiSaIiEEEplEl
FNDA:0,_ZNK9__gnu_cxx17__normal_iteratorIPiSt6vectorIiSaIiEEEmiEl
FNDA:0,_ZNK9__gnu_cxx17__normal_iteratorIPKSt6vectorIiSaIiEES1_IS3_SaIS3_EEE4baseEv
FNDA:0,_ZNK9__gnu_cxx17__normal_iteratorIPKiSt6vectorIiSaIiEEE4baseEv
FNDA:0,_ZNK9__gnu_cxx17__normal_iteratorIPiSt6vectorIiSaIiEEE4baseEv
FNDA:162,_ZN9__gnu_cxxeqIPiSt6vectorIiSaIiEEEEbRKNS_17__normal_iteratorIT_T0_EESA_
FNDA:0,_ZN9__gnu_cxxneIPKSt6vectorIiSaIiEES1_IS3_SaIS3_EEEEbRKNS_17__normal_iteratorIT_T0_EESD_
FNDA:1020,_ZN9__gnu_cxxneIPiSt6vectorIiSaIiEEEEbRKNS_17__normal_iteratorIT_T0_EESA_
FNDA:0,_ZN9__gnu_cxxltIPiSt6vectorIiSaIiEEEEbRKNS_17__normal_iteratorIT_T0_EESA_
FNDA:0,_ZN9__gnu_cxxmiIPiSt6vectorIiSaIiEEEENS_17__normal_iteratorIT_T0_E15difference_typeERKS8_SB_
FNDA:36,_ZN9__gnu_cxxmiIPKiSt6vectorIiSaIiEEEENS_17__normal_iteratorIT_T0_E15difference_typeERKS9_SC_
FNDA:0,_ZSt12__niter_baseIPKiSt6vectorIiSaIiEEET_N9__gnu_cxx17__normal_iteratorIS5_T0_EE
FNDA:0,_ZSt12__niter_baseIPiSt6vectorIiSaIiEEET_N9__gnu_cxx17__normal_iteratorIS4_T0_EE
FNDA:0,_ZNSt13move_iteratorIPiEC2ES0_
FNDA:0,_ZNKSt13move_iteratorIPiE4baseEv
FNDA:0,_ZSt32__make_move_if_noexcept_iteratorIiSt13move_iteratorIPiEET0_PT_
FNDA:0,_ZSt12__miter_baseIPiEDTcl12__miter_basecldtfp_4baseEEESt13move_iteratorIT_E
FNF:26
FNH:8
DA:782,0
DA:783,0
DA:787,36
DA:791,36
DA:795,5568
DA:796,5568
DA:803,654
DA:805,654
DA:806,654
DA:815,1320
DA:817,1320
DA:818,1320
DA:835,456
DA:836,456
DA:843,0
DA:844,0
DA:847,0
DA:848,0
DA:869,162
DA:872,162
DA:883,1020
DA:886,1020
DA:898,0
DA:901,0
DA:965,36
DA:968,36
DA:986,0
DA:987,0
DA:1039,0
DA:1040,0
DA:1048,0
DA:1049,0
DA:1224,0
DA:1225,0
DA:1244,0
DA:1246,0
LF:36
LH:18
end_of_record
SF:/usr/include/c++/7/bits/stl_uninitialized.h
FN:76,_ZNSt20__uninitialized_copyILb0EE13__uninit_copyIN9__gnu_cxx17__normal_iteratorIPKSt6vectorIiSaIiEES4_IS6_SaIS6_EEEEPS6_EET0_T_SE_SD_
FN:99,_ZNSt20__uninitialized_copyILb1EE13__uninit_copyIN9__gnu_cxx17__normal_iteratorIPKiSt6vectorIiSaIiEEEEPiEET0_T_SC_SB_
FN:99,_ZNSt20__uninitialized_copyILb1EE13__uninit_copyISt13move_iteratorIPiES3_EET0_T_S6_S5_
FN:115,_ZSt18uninitialized_copyIN9__gnu_cxx17__normal_iteratorIPKSt6vectorIiSaIiEES2_IS4_SaIS4_EEEEPS4_ET0_T_SC_SB_
FN:115,_ZSt18uninitialized_copyIN9__gnu_cxx17__normal_iteratorIPKiSt6vectorIiSaIiEEEEPiET0_T_SA_S9_
FN:115,_ZSt18uninitialized_copyISt13move_iteratorIPiES1_ET0_T_S4_S3_
FN:203,_ZNSt22__uninitialized_fill_nILb0EE15__uninit_fill_nIPSt6vectorIiSaIiEEmS4_EET_S6_T0_RKT1_
FN:244,_ZSt20uninitialized_fill_nIPSt6vectorIiSaIiEEmS2_ET_S4_T0_RKT1_
FN:287,_ZSt22__uninitialized_copy_aIN9__gnu_cxx17__normal_iteratorIPKSt6vectorIiSaIiEES2_IS4_SaIS4_EEEEPS4_S4_ET0_T_SC_SB_RSaIT1_E
FN:287,_ZSt22__uninitialized_copy_aIN9__gnu_cxx17__normal_iteratorIPKiSt6vectorIiSaIiEEEEPiiET0_T_SA_S9_RSaIT1_E
FN:287,_ZSt22__uninitialized_copy_aISt13move_iteratorIPiES1_iET0_T_S4_S3_RSaIT1_E
FN:305,_ZSt34__uninitialized_move_if_noexcept_aIPiS0_SaIiEET0_T_S3_S2_RT1_
FN:364,_ZSt24__uninitialized_fill_n_aIPSt6vectorIiSaIiEEmS2_S2_ET_S4_T0_RKT1_RSaIT2_E
FNDA:0,_ZNSt20__uninitialized_copyILb0EE13__uninit_copyIN9__gnu_cxx17__normal_iteratorIPKSt6vectorIiSaIiEES4_IS6_SaIS6_EEEEPS6_EET0_T_SE_SD_
FNDA:0,_ZNSt20__uninitialized_copyILb1EE13__uninit_copyISt13move_iteratorIPiES3_EET0_T_S6_S5_
FNDA:0,_ZNSt20__uninitialized_copyILb1EE13__uninit_copyIN9__gnu_cxx17__normal_iteratorIPKiSt6vectorIiSaIiEEEEPiEET0_T_SC_SB_
FNDA:0,_ZSt18uninitialized_copyISt13move_iteratorIPiES1_ET0_T_S4_S3_
FNDA:0,_ZSt18uninitialized_copyIN9__gnu_cxx17__normal_iteratorIPKSt6vectorIiSaIiEES2_IS4_SaIS4_EEEEPS4_ET0_T_SC_SB_
FNDA:0,_ZSt18uninitialized_copyIN9__gnu_cxx17__normal_iteratorIPKiSt6vectorIiSaIiEEEEPiET0_T_SA_S9_
FNDA:15,_ZNSt22__uninitialized_fill_nILb0EE15__uninit_fill_nIPSt6vectorIiSaIiEEmS4_EET_S6_T0_RKT1_
FNDA:15,_ZSt20uninitialized_fill_nIPSt6vectorIiSaIiEEmS2_ET_S4_T0_RKT1_
FNDA:0,_ZSt22__uninitialized_copy_aISt13move_iteratorIPiES1_iET0_T_S4_S3_RSaIT1_E
FNDA:0,_ZSt22__uninitialized_copy_aIN9__gnu_cxx17__normal_iteratorIPKSt6vectorIiSaIiEES2_IS4_SaIS4_EEEEPS4_S4_ET0_T_SC_SB_RSaIT1_E
FNDA:0,_ZSt22__uninitialized_copy_aIN9__gnu_cxx17__normal_iteratorIPKiSt6vectorIiSaIiEEEEPiiET0_T_SA_S9_RSaIT1_E
FNDA:0,_ZSt34__uninitialized_move_if_noexcept_aIPiS0_SaIiEET0_T_S3_S2_RT1_
FNDA:15,_ZSt24__uninitialized_fill_n_aIPSt6vectorIiSaIiEEmS2_S2_ET_S4_T0_RKT1_RSaIT2_E
FNF:13
FNH:3
DA:76,0
DA:79,0
DA:82,0
DA:83,0
DA:84,0
DA:86,0
DA:88,0
DA:89,0
DA:99,0
DA:101,0
DA:115,0
DA:128,0
DA:134,0
DA:203,15
DA:206,15
DA:209,105
DA:210,45
DA:211,15
DA:213,0
DA:215,0
DA:216,0
DA:244,15
DA:252,15
DA:255,15
DA:287,0
DA:289,0
DA:305,0
DA:311,0
DA:312,0
DA:364,15
DA:366,15
LF:31
LH:10
end_of_record
SF:/usr/include/c++/7/bits/stl_vector.h
FN:81,_ZNSt12_Vector_baseISt6vectorIiSaIiEESaIS2_EE12_Vector_implD2Ev
FN:81,_ZNSt12_Vector_baseIiSaIiEE12_Vector_implD2Ev
FN:88,_ZNSt12_Vector_baseISt6vectorIiSaIiEESaIS2_EE12_Vector_implC2Ev
FN:88,_ZNSt12_Vector_baseIiSaIiEE12_Vector_implC2Ev
FN:92,_ZNSt12_Vector_baseISt6vectorIiSaIiEESaIS2_EE12_Vector_implC2ERKS3_
FN:92,_ZNSt12_Vector_baseIiSaIiEE12_Vector_implC2ERKS0_
FN:97,_ZNSt12_Vector_baseISt6vectorIiSaIiEESaIS2_EE12_Vector_implC2EOS3_
FN:103,_ZNSt12_Vector_baseISt6vectorIiSaIiEESaIS2_EE12_Vector_impl12_M_swap_dataERS5_
FN:115,_ZNSt12_Vector_baseISt6vectorIiSaIiEESaIS2_EE19_M_get_Tp_allocatorEv
FN:115,_ZNSt12_Vector_baseIiSaIiEE19_M_get_Tp_allocatorEv
FN:119,_ZNKSt12_Vector_baseISt6vectorIiSaIiEESaIS2_EE19_M_get_Tp_allocatorEv
FN:119,_ZNKSt12_Vector_baseIiSaIiEE19_M_get_Tp_allocatorEv
FN:126,_ZNSt12_Vector_baseISt6vectorIiSaIiEESaIS2_EEC2Ev
FN:126,_ZNSt12_Vector_baseIiSaIiEEC2Ev
FN:136,_ZNSt12_Vector_baseISt6vectorIiSaIiEESaIS2_EEC2EmRKS3_
FN:136,_ZNSt12_Vector_baseIiSaIiEEC2EmRKS0_
FN:144,_ZNSt12_Vector_baseISt6vectorIiSaIiEESaIS2_EEC2EOS4_
FN:161,_ZNSt12_Vector_baseISt6vectorIiSaIiEESaIS2_EED2Ev
FN:161,_ZNSt12_Vector_baseIiSaIiEED2Ev
FN:169,_ZNSt12_Vector_baseIiSaIiEE11_M_allocateEm
FN:169,_ZNSt12_Vector_baseISt6vectorIiSaIiEESaIS2_EE11_M_allocateEm
FN:176,_ZNSt12_Vector_baseISt6vectorIiSaIiEESaIS2_EE13_M_deallocateEPS2_m
FN:176,_ZNSt12_Vector_baseIiSaIiEE13_M_deallocateEPim
FN:185,_ZNSt12_Vector_baseIiSaIiEE17_M_create_storageEm
FN:185,_ZNSt12_Vector_baseISt6vectorIiSaIiEESaIS2_EE17_M_create_storageEm
FN:259,_ZNSt6vectorIiSaIiEEC2Ev
FN:259,_ZNSt6vectorIS_IiSaIiEESaIS1_EEC2Ev
FN:295,_ZNSt6vectorIS_IiSaIiEESaIS1_EEC2EmRKS1_RKS2_
FN:326,_ZNSt6vectorIS_IiSaIiEESaIS1_EEC2ERKS3_
FN:326,_ZNSt6vectorIiSaIiEEC2ERKS1_
FN:344,_ZNSt6vectorIS_IiSaIiEESaIS1_EEC2EOS3_
FN:433,_ZNSt6vectorIiSaIiEED2Ev
FN:433,_ZNSt6vectorIS_IiSaIiEESaIS1_EED2Ev
FN:563,_ZNSt6vectorIiSaIiEE5beginEv
FN:572,_ZNKSt6vectorIS_IiSaIiEESaIS1_EE5beginEv
FN:572,_ZNKSt6vectorIiSaIiEE5beginEv
FN:581,_ZNSt6vectorIiSaIiEE3endEv
FN:590,_ZNKSt6vectorIS_IiSaIiEESaIS1_EE3endEv
FN:590,_ZNKSt6vectorIiSaIiEE3endEv
FN:636,_ZNKSt6vectorIiSaIiEE6cbeginEv
FN:670,_ZNKSt6vectorIS_IiSaIiEESaIS1_EE4sizeEv
FN:670,_ZNKSt6vectorIiSaIiEE4sizeEv
FN:675,_ZNKSt6vectorIiSaIiEE8max_sizeEv
FN:795,_ZNSt6vectorIiSaIiEEixEm
FN:795,_ZNSt6vectorIS_IiSaIiEESaIS1_EEixEm
FN:939,_ZNSt6vectorIiSaIiEE9push_backERKi
FN:1179,_ZNSt6vectorIiSaIiEE5eraseEN9__gnu_cxx17__normal_iteratorIPKiS1_EE
FN:1339,_ZNSt6vectorIS_IiSaIiEESaIS1_EE18_M_fill_initializeEmRKS1_
FN:1502,_ZNKSt6vectorIiSaIiEE12_M_check_lenEmPKc
FNDA:0,_ZNSt12_Vector_baseIiSaIiEE12_Vector_implD2Ev
FNDA:0,_ZNSt12_Vector_baseISt6vectorIiSaIiEESaIS2_EE12_Vector_implD2Ev
FNDA:0,_ZNSt12_Vector_baseIiSaIiEE12_Vector_implC2Ev
FNDA:42,_ZNSt12_Vector_baseISt6vectorIiSaIiEESaIS2_EE12_Vector_implC2Ev
FNDA:0,_ZNSt12_Vector_baseIiSaIiEE12_Vector_implC2ERKS0_
FNDA:208,_ZNSt12_Vector_baseISt6vectorIiSaIiEESaIS2_EE12_Vector_implC2ERKS3_
FNDA:15,_ZNSt12_Vector_baseISt6vectorIiSaIiEESaIS2_EE12_Vector_implC2EOS3_
FNDA:15,_ZNSt12_Vector_baseISt6vectorIiSaIiEESaIS2_EE12_Vector_impl12_M_swap_dataERS5_
FNDA:0,_ZNSt12_Vector_baseIiSaIiEE19_M_get_Tp_allocatorEv
FNDA:0,_ZNSt12_Vector_baseISt6vectorIiSaIiEESaIS2_EE19_M_get_Tp_allocatorEv
FNDA:0,_ZNKSt12_Vector_baseISt6vectorIiSaIiEESaIS2_EE19_M_get_Tp_allocatorEv
FNDA:0,_ZNKSt12_Vector_baseIiSaIiEE19_M_get_Tp_allocatorEv
FNDA:0,_ZNSt12_Vector_baseIiSaIiEEC2Ev
FNDA:42,_ZNSt12_Vector_baseISt6vectorIiSaIiEESaIS2_EEC2Ev
FNDA:0,_ZNSt12_Vector_baseIiSaIiEEC2EmRKS0_
FNDA:187,_ZNSt12_Vector_baseISt6vectorIiSaIiEESaIS2_EEC2EmRKS3_
FNDA:15,_ZNSt12_Vector_baseISt6vectorIiSaIiEESaIS2_EEC2EOS4_
FNDA:0,_ZNSt12_Vector_baseIiSaIiEED2Ev
FNDA:0,_ZNSt12_Vector_baseISt6vectorIiSaIiEESaIS2_EED2Ev
FNDA:0,_ZNSt12_Vector_baseISt6vectorIiSaIiEESaIS2_EE11_M_allocateEm
FNDA:0,_ZNSt12_Vector_baseIiSaIiEE11_M_allocateEm
FNDA:0,_ZNSt12_Vector_baseIiSaIiEE13_M_deallocateEPim
FNDA:0,_ZNSt12_Vector_baseISt6vectorIiSaIiEESaIS2_EE13_M_deallocateEPS2_m
FNDA:0,_ZNSt12_Vector_baseIiSaIiEE17_M_create_storageEm
FNDA:187,_ZNSt12_Vector_baseISt6vectorIiSaIiEESaIS2_EE17_M_create_storageEm
FNDA:0,_ZNSt6vectorIiSaIiEEC2Ev
FNDA:42,_ZNSt6vectorIS_IiSaIiEESaIS1_EEC2Ev
FNDA:15,_ZNSt6vectorIS_IiSaIiEESaIS1_EEC2EmRKS1_RKS2_
FNDA:172,_ZNSt6vectorIS_IiSaIiEESaIS1_EEC2ERKS3_
FNDA:0,_ZNSt6vectorIiSaIiEEC2ERKS1_
FNDA:15,_ZNSt6vectorIS_IiSaIiEESaIS1_EEC2EOS3_
FNDA:0,_ZNSt6vectorIiSaIiEED2Ev
FNDA:0,_ZNSt6vectorIS_IiSaIiEESaIS1_EED2Ev
FNDA:0,_ZNSt6vectorIiSaIiEE5beginEv
FNDA:0,_ZNKSt6vectorIS_IiSaIiEESaIS1_EE5beginEv
FNDA:0,_ZNKSt6vectorIiSaIiEE5beginEv
FNDA:0,_ZNSt6vectorIiSaIiEE3endEv
FNDA:0,_ZNKSt6vectorIS_IiSaIiEESaIS1_EE3endEv
FNDA:0,_ZNKSt6vectorIiSaIiEE3endEv
FNDA:36,_ZNKSt6vectorIiSaIiEE6cbeginEv
FNDA:0,_ZNKSt6vectorIS_IiSaIiEESaIS1_EE4sizeEv
FNDA:0,_ZNKSt6vectorIiSaIiEE4sizeEv
FNDA:0,_ZNKSt6vectorIiSaIiEE8max_sizeEv
FNDA:0,_ZNSt6vectorIS_IiSaIiEESaIS1_EEixEm
FNDA:0,_ZNSt6vectorIiSaIiEEixEm
FNDA:0,_ZNSt6vectorIiSaIiEE9push_backERKi
FNDA:36,_ZNSt6vectorIiSaIiEE5eraseEN9__gnu_cxx17__normal_iteratorIPKiS1_EE
FNDA:15,_ZNSt6vectorIS_IiSaIiEESaIS1_EE18_M_fill_initializeEmRKS1_
FNDA:0,_ZNKSt6vectorIiSaIiEE12_M_check_lenEmPKc
FNF:49
FNH:15
DA:81,0
DA:88,42
DA:89,42
DA:90,42
DA:92,208
DA:93,208
DA:94,208
DA:97,15
DA:98,15
DA:99,15
DA:100,15
DA:103,15
DA:105,15
DA:106,15
DA:107,15
DA:108,15
DA:115,0
DA:116,0
DA:119,0
DA:120,0
DA:126,42
DA:127,42
DA:136,187
DA:137,187
DA:138,187
DA:144,15
DA:145,15
DA:146,15
DA:161,0
DA:162,0
DA:163,0
DA:169,0
DA:172,0
DA:176,0
DA:179,0
DA:180,0
DA:181,0
DA:185,187
DA:187,187
DA:188,187
DA:189,187
DA:190,187
DA:259,42
DA:263,42
DA:295,15
DA:297,15
DA:298,15
DA:326,172
DA:328,172
DA:330,172
DA:331,172
DA:333,172
DA:334,172
DA:344,15
DA:345,15
DA:433,0
DA:434,0
DA:435,0
DA:563,0
DA:564,0
DA:572,0
DA:573,0
DA:581,0
DA:582,0
DA:590,0
DA:591,0
DA:636,36
DA:637,36
DA:670,0
DA:671,0
DA:675,0
DA:676,0
DA:795,0
DA:798,0
DA:939,0
DA:941,0
DA:943,0
DA:945,0
DA:948,0
DA:949,0
DA:1179,36
DA:1180,36
DA:1339,15
DA:1341,15
DA:1342,15
DA:1343,15
DA:1344,15
DA:1502,0
DA:1504,0
DA:1505,0
DA:1507,0
DA:1508,0
LF:92
LH:50
end_of_record
SF:/usr/include/c++/7/bits/vector.tcc
FN:153,_ZNSt6vectorIiSaIiEE8_M_eraseEN9__gnu_cxx17__normal_iteratorIPiS1_EE
FN:394,_ZNSt6vectorIiSaIiEE17_M_realloc_insertIJRKiEEEvN9__gnu_cxx17__normal_iteratorIPiS1_EEDpOT_
FNDA:36,_ZNSt6vectorIiSaIiEE8_M_eraseEN9__gnu_cxx17__normal_iteratorIPiS1_EE
FNDA:0,_ZNSt6vectorIiSaIiEE17_M_realloc_insertIJRKiEEEvN9__gnu_cxx17__normal_iteratorIPiS1_EEDpOT_
FNF:2
FNH:1
DA:153,36
DA:156,36
DA:157,36
DA:158,36
DA:159,36
DA:160,36
DA:394,0
DA:403,0
DA:405,0
DA:406,0
DA:407,0
DA:415,0
DA:416,0
DA:422,0
DA:424,0
DA:426,0
DA:427,0
DA:429,0
DA:431,0
DA:433,0
DA:434,0
DA:436,0
DA:438,0
DA:439,0
DA:440,0
DA:442,0
DA:443,0
DA:444,0
DA:446,0
DA:447,0
DA:448,0
DA:449,0
DA:450,0
DA:451,0
DA:452,0
DA:453,0
DA:454,0
LF:37
LH:6
end_of_record
SF:/usr/include/c++/7/ext/alloc_traits.h
FN:94,_ZN9__gnu_cxx14__alloc_traitsISaIiEE17_S_select_on_copyERKS1_
FN:94,_ZN9__gnu_cxx14__alloc_traitsISaISt6vectorIiSaIiEEEE17_S_select_on_copyERKS4_
FNDA:172,_ZN9__gnu_cxx14__alloc_traitsISaISt6vectorIiSaIiEEEE17_S_select_on_copyERKS4_
FNDA:0,_ZN9__gnu_cxx14__alloc_traitsISaIiEE17_S_select_on_copyERKS1_
FNF:2
FNH:1
DA:94,172
DA:95,172
LF:2
LH:2
end_of_record
SF:/usr/include/c++/7/ext/new_allocator.h
FN:79,_ZN9__gnu_cxx13new_allocatorISt6vectorIiSaIiEEEC2Ev
FN:79,_ZN9__gnu_cxx13new_allocatorIiEC2Ev
FN:81,_ZN9__gnu_cxx13new_allocatorISt6vectorIiSaIiEEEC2ERKS4_
FN:81,_ZN9__gnu_cxx13new_allocatorIiEC2ERKS1_
FN:86,_ZN9__gnu_cxx13new_allocatorIiED2Ev
FN:86,_ZN9__gnu_cxx13new_allocatorISt6vectorIiSaIiEEED2Ev
FN:99,_ZN9__gnu_cxx13new_allocatorIiE8allocateEmPKv
FN:99,_ZN9__gnu_cxx13new_allocatorISt6vectorIiSaIiEEE8allocateEmPKv
FN:116,_ZN9__gnu_cxx13new_allocatorIiE10deallocateEPim
FN:116,_ZN9__gnu_cxx13new_allocatorISt6vectorIiSaIiEEE10deallocateEPS3_m
FN:129,_ZNK9__gnu_cxx13new_allocatorIiE8max_sizeEv
FN:129,_ZNK9__gnu_cxx13new_allocatorISt6vectorIiSaIiEEE8max_sizeEv
FN:135,_ZN9__gnu_cxx13new_allocatorIiE9constructIiJRKiEEEvPT_DpOT0_
FN:140,_ZN9__gnu_cxx13new_allocatorIiE7destroyIiEEvPT_
FNDA:0,_ZN9__gnu_cxx13new_allocatorIiEC2Ev
FNDA:78,_ZN9__gnu_cxx13new_allocatorISt6vectorIiSaIiEEEC2Ev
FNDA:395,_ZN9__gnu_cxx13new_allocatorISt6vectorIiSaIiEEEC2ERKS4_
FNDA:0,_ZN9__gnu_cxx13new_allocatorIiEC2ERKS1_
FNDA:0,_ZN9__gnu_cxx13new_allocatorIiED2Ev
FNDA:0,_ZN9__gnu_cxx13new_allocatorISt6vectorIiSaIiEEED2Ev
FNDA:0,_ZN9__gnu_cxx13new_allocatorISt6vectorIiSaIiEEE8allocateEmPKv
FNDA:0,_ZN9__gnu_cxx13new_allocatorIiE8allocateEmPKv
FNDA:0,_ZN9__gnu_cxx13new_allocatorIiE10deallocateEPim
FNDA:0,_ZN9__gnu_cxx13new_allocatorISt6vectorIiSaIiEEE10deallocateEPS3_m
FNDA:0,_ZNK9__gnu_cxx13new_allocatorISt6vectorIiSaIiEEE8max_sizeEv
FNDA:0,_ZNK9__gnu_cxx13new_allocatorIiE8max_sizeEv
FNDA:0,_ZN9__gnu_cxx13new_allocatorIiE9constructIiJRKiEEEvPT_DpOT0_
FNDA:0,_ZN9__gnu_cxx13new_allocatorIiE7destroyIiEEvPT_
FNF:14
FNH:2
DA:79,78
DA:81,395
DA:86,0
DA:99,0
DA:101,0
DA:102,0
DA:111,0
DA:116,0
DA:125,0
DA:126,0
DA:129,0
DA:130,0
DA:135,0
DA:136,0
DA:140,0
LF:15
LH:2
end_of_record
SF:/usr/include/c++/7/iostream
DA:74,3
LF:1
LH:1
end_of_record
SF:/usr/include/c++/7/new
FN:168,_ZnwmPv
FN:174,_ZdlPvS_
FNDA:0,_ZnwmPv
FNDA:0,_ZdlPvS_
FNF:2
FNH:0
DA:168,0
DA:169,0
DA:174,0
LF:3
LH:0
end_of_record
TN:
SF:/home/mzuleta/TPI/MIR/lib/googletest-master/googletest/include/gtest/gtest.h
FN:2236,_Z13RUN_ALL_TESTSv
FNDA:3,_Z13RUN_ALL_TESTSv
FNF:1
FNH:1
DA:2236,3
DA:2237,3
LF:2
LH:2
end_of_record
SF:/home/mzuleta/TPI/MIR/main.cpp
FN:6,main
FN:11,_GLOBAL__sub_I_main
FN:11,_Z41__static_initialization_and_destruction_0ii
FNDA:3,main
FNDA:3,_GLOBAL__sub_I_main
FNDA:3,_Z41__static_initialization_and_destruction_0ii
FNF:3
FNH:3
DA:6,3
DA:7,3
DA:9,3
DA:10,3
DA:11,9
LF:5
LH:5
end_of_record
SF:/usr/include/c++/7/iostream
DA:74,3
LF:1
LH:1
end_of_record
