TN:
SF:/usr/include/c++/8/bits/basic_string.h
FN:232,_ZNSt7__cxx1112basic_stringIcSt11char_traitsIcESaIcEE16_M_construct_auxIPcEEvT_S7_St12__false_type
FNDA:0,_ZNSt7__cxx1112basic_stringIcSt11char_traitsIcESaIcEE16_M_construct_auxIPcEEvT_S7_St12__false_type
FN:232,_ZNSt7__cxx1112basic_stringIcSt11char_traitsIcESaIcEE16_M_construct_auxIPKcEEvT_S8_St12__false_type
FNDA:0,_ZNSt7__cxx1112basic_stringIcSt11char_traitsIcESaIcEE16_M_construct_auxIPKcEEvT_S8_St12__false_type
FN:252,_ZNSt7__cxx1112basic_stringIcSt11char_traitsIcESaIcEE12_M_constructIPcEEvT_S7_
FNDA:0,_ZNSt7__cxx1112basic_stringIcSt11char_traitsIcESaIcEE12_M_constructIPcEEvT_S7_
FN:252,_ZNSt7__cxx1112basic_stringIcSt11char_traitsIcESaIcEE12_M_constructIPKcEEvT_S8_
FNDA:0,_ZNSt7__cxx1112basic_stringIcSt11char_traitsIcESaIcEE12_M_constructIPKcEEvT_S8_
DA:232,0
DA:236,0
DA:237,0
DA:232,0
DA:236,0
DA:237,0
DA:252,0
DA:255,0
DA:256,0
DA:252,0
DA:255,0
DA:256,0
end_of_record
SF:/usr/include/c++/8/bits/cpp_type_traits.h
FN:419,_ZSt12__miter_baseIPKiET_S2_
FNDA:0,_ZSt12__miter_baseIPKiET_S2_
FN:419,_ZSt12__miter_baseIN9__gnu_cxx17__normal_iteratorIPKiSt6vectorIiSaIiEEEEET_S8_
FNDA:0,_ZSt12__miter_baseIN9__gnu_cxx17__normal_iteratorIPKiSt6vectorIiSaIiEEEEET_S8_
DA:419,0
DA:420,0
DA:419,0
DA:420,0
end_of_record
SF:/usr/include/c++/8/ext/alloc_traits.h
FN:94,_ZN9__gnu_cxx14__alloc_traitsISaIiEiE17_S_select_on_copyERKS1_
FNDA:0,_ZN9__gnu_cxx14__alloc_traitsISaIiEiE17_S_select_on_copyERKS1_
FN:94,_ZN9__gnu_cxx14__alloc_traitsISaIcEcE17_S_select_on_copyERKS1_
FNDA:0,_ZN9__gnu_cxx14__alloc_traitsISaIcEcE17_S_select_on_copyERKS1_
DA:94,0
DA:95,0
DA:94,0
DA:95,0
end_of_record
SF:/usr/include/c++/8/initializer_list
FN:71,_ZNKSt16initializer_listIiE4sizeEv
FNDA:0,_ZNKSt16initializer_listIiE4sizeEv
FN:75,_ZNKSt16initializer_listIiE5beginEv
FNDA:0,_ZNKSt16initializer_listIiE5beginEv
FN:79,_ZNKSt16initializer_listIiE3endEv
FNDA:0,_ZNKSt16initializer_listIiE3endEv
DA:71,0
DA:75,0
DA:79,0
end_of_record
SF:/usr/include/c++/8/bits/stl_iterator.h
FN:783,_ZN9__gnu_cxx17__normal_iteratorIPKiSt6vectorIiSaIiEEEC2ERKS2_
FNDA:0,_ZN9__gnu_cxx17__normal_iteratorIPKiSt6vectorIiSaIiEEEC2ERKS2_
FN:848,_ZNK9__gnu_cxx17__normal_iteratorIPKiSt6vectorIiSaIiEEE4baseEv
FNDA:0,_ZNK9__gnu_cxx17__normal_iteratorIPKiSt6vectorIiSaIiEEE4baseEv
FN:987,_ZSt12__niter_baseIPKiSt6vectorIiSaIiEEET_N9__gnu_cxx17__normal_iteratorIS5_T0_EE
FNDA:0,_ZSt12__niter_baseIPKiSt6vectorIiSaIiEEET_N9__gnu_cxx17__normal_iteratorIS5_T0_EE
DA:783,0
DA:784,0
DA:848,0
DA:849,0
DA:987,0
DA:988,0
end_of_record
SF:/usr/include/c++/8/bits/stl_iterator_base_funcs.h
FN:98,_ZSt10__distanceIPcENSt15iterator_traitsIT_E15difference_typeES2_S2_St26random_access_iterator_tag
FNDA:0,_ZSt10__distanceIPcENSt15iterator_traitsIT_E15difference_typeES2_S2_St26random_access_iterator_tag
FN:98,_ZSt10__distanceIPKcENSt15iterator_traitsIT_E15difference_typeES3_S3_St26random_access_iterator_tag
FNDA:0,_ZSt10__distanceIPKcENSt15iterator_traitsIT_E15difference_typeES3_S3_St26random_access_iterator_tag
FN:98,_ZSt10__distanceIPKiENSt15iterator_traitsIT_E15difference_typeES3_S3_St26random_access_iterator_tag
FNDA:0,_ZSt10__distanceIPKiENSt15iterator_traitsIT_E15difference_typeES3_S3_St26random_access_iterator_tag
FN:138,_ZSt8distanceIPcENSt15iterator_traitsIT_E15difference_typeES2_S2_
FNDA:0,_ZSt8distanceIPcENSt15iterator_traitsIT_E15difference_typeES2_S2_
FN:138,_ZSt8distanceIPKcENSt15iterator_traitsIT_E15difference_typeES3_S3_
FNDA:0,_ZSt8distanceIPKcENSt15iterator_traitsIT_E15difference_typeES3_S3_
FN:138,_ZSt8distanceIPKiENSt15iterator_traitsIT_E15difference_typeES3_S3_
FNDA:0,_ZSt8distanceIPKiENSt15iterator_traitsIT_E15difference_typeES3_S3_
DA:98,0
DA:104,0
DA:98,0
DA:104,0
DA:98,0
DA:104,0
DA:138,0
DA:141,0
DA:142,0
DA:138,0
DA:141,0
DA:142,0
DA:138,0
DA:141,0
DA:142,0
end_of_record
SF:/usr/include/c++/8/bits/char_traits.h
FN:316,_ZNSt11char_traitsIcE6lengthEPKc
FNDA:0,_ZNSt11char_traitsIcE6lengthEPKc
DA:316,0
DA:322,0
end_of_record
SF:/usr/include/c++/8/bits/stl_construct.h
FN:117,_ZNSt12_Destroy_auxILb1EE9__destroyIPiEEvT_S3_
FNDA:0,_ZNSt12_Destroy_auxILb1EE9__destroyIPiEEvT_S3_
FN:127,_ZSt8_DestroyIPiEvT_S1_
FNDA:0,_ZSt8_DestroyIPiEvT_S1_
FN:203,_ZSt8_DestroyIPiiEvT_S1_RSaIT0_E
FNDA:0,_ZSt8_DestroyIPiiEvT_S1_RSaIT0_E
DA:117,0
DA:127,0
DA:137,0
DA:138,0
DA:203,0
DA:206,0
DA:207,0
end_of_record
SF:/usr/include/c++/8/iostream
end_of_record
SF:/usr/include/c++/8/bits/basic_string.tcc
FN:206,_ZNSt7__cxx1112basic_stringIcSt11char_traitsIcESaIcEE12_M_constructIPcEEvT_S7_St20forward_iterator_tag
FNDA:0,_ZNSt7__cxx1112basic_stringIcSt11char_traitsIcESaIcEE12_M_constructIPcEEvT_S7_St20forward_iterator_tag
FN:206,_ZNSt7__cxx1112basic_stringIcSt11char_traitsIcESaIcEE12_M_constructIPKcEEvT_S8_St20forward_iterator_tag
FNDA:0,_ZNSt7__cxx1112basic_stringIcSt11char_traitsIcESaIcEE12_M_constructIPKcEEvT_S8_St20forward_iterator_tag
DA:206,0
DA:211,0
DA:212,0
DA:215,0
DA:217,0
DA:219,0
DA:220,0
DA:225,0
DA:226,0
DA:228,0
DA:229,0
DA:232,0
DA:233,0
DA:206,0
DA:211,0
DA:212,0
DA:215,0
DA:217,0
DA:219,0
DA:220,0
DA:225,0
DA:226,0
DA:228,0
DA:229,0
DA:232,0
DA:233,0
end_of_record
SF:/usr/include/c++/8/ext/type_traits.h
FN:152,_ZN9__gnu_cxx17__is_null_pointerIcEEbPT_
FNDA:0,_ZN9__gnu_cxx17__is_null_pointerIcEEbPT_
FN:152,_ZN9__gnu_cxx17__is_null_pointerIKcEEbPT_
FNDA:0,_ZN9__gnu_cxx17__is_null_pointerIKcEEbPT_
DA:152,0
DA:153,0
DA:152,0
DA:153,0
end_of_record
SF:/usr/include/c++/8/bits/move.h
FN:99,_ZSt4moveIRSaIcEEONSt16remove_referenceIT_E4typeEOS3_
FNDA:0,_ZSt4moveIRSaIcEEONSt16remove_referenceIT_E4typeEOS3_
DA:99,0
DA:100,0
end_of_record
SF:/usr/include/c++/8/bits/stl_iterator_base_types.h
FN:205,_ZSt19__iterator_categoryIPcENSt15iterator_traitsIT_E17iterator_categoryERKS2_
FNDA:0,_ZSt19__iterator_categoryIPcENSt15iterator_traitsIT_E17iterator_categoryERKS2_
FN:205,_ZSt19__iterator_categoryIPKcENSt15iterator_traitsIT_E17iterator_categoryERKS3_
FNDA:0,_ZSt19__iterator_categoryIPKcENSt15iterator_traitsIT_E17iterator_categoryERKS3_
FN:205,_ZSt19__iterator_categoryIPKiENSt15iterator_traitsIT_E17iterator_categoryERKS3_
FNDA:0,_ZSt19__iterator_categoryIPKiENSt15iterator_traitsIT_E17iterator_categoryERKS3_
DA:205,0
DA:206,0
DA:205,0
DA:206,0
DA:205,0
DA:206,0
end_of_record
SF:/usr/include/c++/8/bits/alloc_traits.h
FN:435,_ZNSt16allocator_traitsISaIiEE8allocateERS0_m
FNDA:0,_ZNSt16allocator_traitsISaIiEE8allocateERS0_m
FN:461,_ZNSt16allocator_traitsISaIiEE10deallocateERS0_Pim
FNDA:0,_ZNSt16allocator_traitsISaIiEE10deallocateERS0_Pim
FN:504,_ZNSt16allocator_traitsISaIiEE37select_on_container_copy_constructionERKS0_
FNDA:0,_ZNSt16allocator_traitsISaIiEE37select_on_container_copy_constructionERKS0_
FN:504,_ZNSt16allocator_traitsISaIcEE37select_on_container_copy_constructionERKS0_
FNDA:0,_ZNSt16allocator_traitsISaIcEE37select_on_container_copy_constructionERKS0_
DA:435,0
DA:436,0
DA:461,0
DA:462,0
DA:504,0
DA:505,0
DA:504,0
DA:505,0
end_of_record
SF:/usr/include/c++/8/bits/stl_uninitialized.h
FN:99,_ZNSt20__uninitialized_copyILb1EE13__uninit_copyIPKiPiEET0_T_S6_S5_
FNDA:0,_ZNSt20__uninitialized_copyILb1EE13__uninit_copyIPKiPiEET0_T_S6_S5_
FN:99,_ZNSt20__uninitialized_copyILb1EE13__uninit_copyIN9__gnu_cxx17__normal_iteratorIPKiSt6vectorIiSaIiEEEEPiEET0_T_SC_SB_
FNDA:0,_ZNSt20__uninitialized_copyILb1EE13__uninit_copyIN9__gnu_cxx17__normal_iteratorIPKiSt6vectorIiSaIiEEEEPiEET0_T_SC_SB_
FN:115,_ZSt18uninitialized_copyIPKiPiET0_T_S4_S3_
FNDA:0,_ZSt18uninitialized_copyIPKiPiET0_T_S4_S3_
FN:115,_ZSt18uninitialized_copyIN9__gnu_cxx17__normal_iteratorIPKiSt6vectorIiSaIiEEEEPiET0_T_SA_S9_
FNDA:0,_ZSt18uninitialized_copyIN9__gnu_cxx17__normal_iteratorIPKiSt6vectorIiSaIiEEEEPiET0_T_SA_S9_
FN:287,_ZSt22__uninitialized_copy_aIPKiPiiET0_T_S4_S3_RSaIT1_E
FNDA:0,_ZSt22__uninitialized_copy_aIPKiPiiET0_T_S4_S3_RSaIT1_E
FN:287,_ZSt22__uninitialized_copy_aIN9__gnu_cxx17__normal_iteratorIPKiSt6vectorIiSaIiEEEEPiiET0_T_SA_S9_RSaIT1_E
FNDA:0,_ZSt22__uninitialized_copy_aIN9__gnu_cxx17__normal_iteratorIPKiSt6vectorIiSaIiEEEEPiiET0_T_SA_S9_RSaIT1_E
DA:99,0
DA:101,0
DA:99,0
DA:101,0
DA:115,0
DA:128,0
DA:134,0
DA:115,0
DA:128,0
DA:134,0
DA:287,0
DA:289,0
DA:287,0
DA:289,0
end_of_record
SF:/usr/include/c++/8/bits/stl_vector.h
FN:99,_ZNSt12_Vector_baseIiSaIiEE12_Vector_implC2ERKS0_
FNDA:0,_ZNSt12_Vector_baseIiSaIiEE12_Vector_implC2ERKS0_
FN:237,_ZNSt12_Vector_baseIiSaIiEE19_M_get_Tp_allocatorEv
FNDA:0,_ZNSt12_Vector_baseIiSaIiEE19_M_get_Tp_allocatorEv
FN:241,_ZNKSt12_Vector_baseIiSaIiEE19_M_get_Tp_allocatorEv
FNDA:0,_ZNKSt12_Vector_baseIiSaIiEE19_M_get_Tp_allocatorEv
FN:251,_ZNSt12_Vector_baseIiSaIiEEC2ERKS0_
FNDA:0,_ZNSt12_Vector_baseIiSaIiEEC2ERKS0_
FN:258,_ZNSt12_Vector_baseIiSaIiEEC2EmRKS0_
FNDA:0,_ZNSt12_Vector_baseIiSaIiEEC2EmRKS0_
FN:283,_ZNSt12_Vector_baseIiSaIiEED2Ev
FNDA:0,_ZNSt12_Vector_baseIiSaIiEED2Ev
FN:293,_ZNSt12_Vector_baseIiSaIiEE11_M_allocateEm
FNDA:0,_ZNSt12_Vector_baseIiSaIiEE11_M_allocateEm
FN:300,_ZNSt12_Vector_baseIiSaIiEE13_M_deallocateEPim
FNDA:0,_ZNSt12_Vector_baseIiSaIiEE13_M_deallocateEPim
FN:309,_ZNSt12_Vector_baseIiSaIiEE17_M_create_storageEm
FNDA:0,_ZNSt12_Vector_baseIiSaIiEE17_M_create_storageEm
FN:458,_ZNSt6vectorIiSaIiEEC2ERKS1_
FNDA:0,_ZNSt6vectorIiSaIiEEC2ERKS1_
FN:515,_ZNSt6vectorIiSaIiEEC2ESt16initializer_listIiERKS0_
FNDA:0,_ZNSt6vectorIiSaIiEEC2ESt16initializer_listIiERKS0_
FN:565,_ZNSt6vectorIiSaIiEED2Ev
FNDA:0,_ZNSt6vectorIiSaIiEED2Ev
FN:707,_ZNKSt6vectorIiSaIiEE5beginEv
FNDA:0,_ZNKSt6vectorIiSaIiEE5beginEv
FN:725,_ZNKSt6vectorIiSaIiEE3endEv
FNDA:0,_ZNKSt6vectorIiSaIiEE3endEv
FN:805,_ZNKSt6vectorIiSaIiEE4sizeEv
FNDA:0,_ZNKSt6vectorIiSaIiEE4sizeEv
FN:1462,_ZNSt6vectorIiSaIiEE19_M_range_initializeIPKiEEvT_S5_St20forward_iterator_tag
FNDA:0,_ZNSt6vectorIiSaIiEE19_M_range_initializeIPKiEEvT_S5_St20forward_iterator_tag
DA:99,0
DA:100,0
DA:101,0
DA:237,0
DA:238,0
DA:241,0
DA:242,0
DA:251,0
DA:252,0
DA:258,0
DA:259,0
DA:260,0
DA:283,0
DA:285,0
DA:286,0
DA:287,0
DA:293,0
DA:296,0
DA:300,0
DA:303,0
DA:304,0
DA:305,0
DA:309,0
DA:311,0
DA:312,0
DA:313,0
DA:314,0
DA:458,0
DA:460,0
DA:462,0
DA:463,0
DA:465,0
DA:466,0
DA:515,0
DA:517,0
DA:519,0
DA:521,0
DA:565,0
DA:567,0
DA:568,0
DA:570,0
DA:707,0
DA:708,0
DA:725,0
DA:726,0
DA:805,0
DA:806,0
DA:1462,0
DA:1465,0
DA:1466,0
DA:1467,0
DA:1468,0
DA:1469,0
DA:1471,0
DA:1472,0
end_of_record
SF:/home/martin/TPI/MIR/tests/replicarTEST.cpp
FN:7,_ZN25replicarTEST_unCanal_Test8TestBodyEv
FNDA:1,_ZN25replicarTEST_unCanal_Test8TestBodyEv
FN:7,_ZN25replicarTEST_unCanal_TestC2Ev
FNDA:1,_ZN25replicarTEST_unCanal_TestC2Ev
FN:16,_ZN28replicarTEST_dosCanales_Test8TestBodyEv
FNDA:1,_ZN28replicarTEST_dosCanales_Test8TestBodyEv
FN:16,_ZN28replicarTEST_dosCanales_TestC2Ev
FNDA:1,_ZN28replicarTEST_dosCanales_TestC2Ev
DA:7,1
DA:8,2
DA:9,1
DA:10,1
DA:11,1
DA:13,1
DA:14,1
DA:7,1
DA:16,1
DA:17,2
DA:18,1
DA:19,1
DA:20,1
DA:22,1
DA:23,1
DA:16,1
end_of_record
SF:/usr/include/c++/8/ext/new_allocator.h
FN:79,_ZN9__gnu_cxx13new_allocatorIiEC2Ev
FNDA:0,_ZN9__gnu_cxx13new_allocatorIiEC2Ev
FN:79,_ZN9__gnu_cxx13new_allocatorIcEC2Ev
FNDA:0,_ZN9__gnu_cxx13new_allocatorIcEC2Ev
FN:81,_ZN9__gnu_cxx13new_allocatorIiEC2ERKS1_
FNDA:0,_ZN9__gnu_cxx13new_allocatorIiEC2ERKS1_
FN:81,_ZN9__gnu_cxx13new_allocatorIcEC2ERKS1_
FNDA:0,_ZN9__gnu_cxx13new_allocatorIcEC2ERKS1_
FN:86,_ZN9__gnu_cxx13new_allocatorIiED2Ev
FNDA:0,_ZN9__gnu_cxx13new_allocatorIiED2Ev
FN:86,_ZN9__gnu_cxx13new_allocatorIcED2Ev
FNDA:0,_ZN9__gnu_cxx13new_allocatorIcED2Ev
FN:99,_ZN9__gnu_cxx13new_allocatorIiE8allocateEmPKv
FNDA:0,_ZN9__gnu_cxx13new_allocatorIiE8allocateEmPKv
FN:116,_ZN9__gnu_cxx13new_allocatorIiE10deallocateEPim
FNDA:0,_ZN9__gnu_cxx13new_allocatorIiE10deallocateEPim
FN:129,_ZNK9__gnu_cxx13new_allocatorIiE8max_sizeEv
FNDA:0,_ZNK9__gnu_cxx13new_allocatorIiE8max_sizeEv
DA:79,0
DA:79,0
DA:81,0
DA:81,0
DA:86,0
DA:86,0
DA:99,0
DA:101,0
DA:102,0
DA:111,0
DA:116,0
DA:125,0
DA:126,0
DA:129,0
DA:130,0
end_of_record
SF:/usr/include/c++/8/bits/allocator.h
FN:131,_ZNSaIiEC2Ev
FNDA:0,_ZNSaIiEC2Ev
FN:133,_ZNSaIiEC2ERKS_
FNDA:0,_ZNSaIiEC2ERKS_
FN:139,_ZNSaIiED2Ev
FNDA:0,_ZNSaIiED2Ev
DA:131,0
DA:133,0
DA:134,0
DA:139,0
end_of_record
SF:/home/martin/TPI/MIR/lib/googletest-master/googletest/include/gtest/internal/gtest-internal.h
FN:466,_ZN7testing8internal15TestFactoryBaseD0Ev
FNDA:0,_ZN7testing8internal15TestFactoryBaseD0Ev
FN:466,_ZN7testing8internal15TestFactoryBaseD2Ev
FNDA:0,_ZN7testing8internal15TestFactoryBaseD2Ev
FN:473,_ZN7testing8internal15TestFactoryBaseC2Ev
FNDA:0,_ZN7testing8internal15TestFactoryBaseC2Ev
FN:484,_ZN7testing8internal15TestFactoryImplI25replicarTEST_unCanal_TestE10CreateTestEv
FNDA:1,_ZN7testing8internal15TestFactoryImplI25replicarTEST_unCanal_TestE10CreateTestEv
FN:484,_ZN7testing8internal15TestFactoryImplI28replicarTEST_dosCanales_TestE10CreateTestEv
FNDA:1,_ZN7testing8internal15TestFactoryImplI28replicarTEST_dosCanales_TestE10CreateTestEv
FN:505,_ZN7testing8internal12CodeLocationC2ERKNSt7__cxx1112basic_stringIcSt11char_traitsIcESaIcEEEi
FNDA:0,_ZN7testing8internal12CodeLocationC2ERKNSt7__cxx1112basic_stringIcSt11char_traitsIcESaIcEEEi
DA:466,0
DA:466,0
DA:473,0
DA:484,1
DA:484,1
DA:505,0
DA:506,0
end_of_record
SF:/home/martin/TPI/MIR/lib/googletest-master/googletest/include/gtest/gtest.h
FN:389,_ZN7testing4Test13SetUpTestCaseEv
FNDA:0,_ZN7testing4Test13SetUpTestCaseEv
FN:397,_ZN7testing4Test16TearDownTestCaseEv
FNDA:0,_ZN7testing4Test16TearDownTestCaseEv
FN:474,_ZN7testing4Test5SetupEv
FNDA:0,_ZN7testing4Test5SetupEv
DA:389,0
DA:397,0
DA:474,0
end_of_record
SF:/usr/include/c++/8/bits/stl_algobase.h
FN:277,_ZSt12__niter_baseIPKiET_S2_
FNDA:0,_ZSt12__niter_baseIPKiET_S2_
FN:277,_ZSt12__niter_baseIPiET_S1_
FNDA:0,_ZSt12__niter_baseIPiET_S1_
FN:357,_ZNSt11__copy_moveILb0ELb1ESt26random_access_iterator_tagE8__copy_mIiEEPT_PKS3_S6_S4_
FNDA:0,_ZNSt11__copy_moveILb0ELb1ESt26random_access_iterator_tagE8__copy_mIiEEPT_PKS3_S6_S4_
FN:375,_ZSt13__copy_move_aILb0EPKiPiET1_T0_S4_S3_
FNDA:0,_ZSt13__copy_move_aILb0EPKiPiET1_T0_S4_S3_
FN:420,_ZSt14__copy_move_a2ILb0EPKiPiET1_T0_S4_S3_
FNDA:0,_ZSt14__copy_move_a2ILb0EPKiPiET1_T0_S4_S3_
FN:420,_ZSt14__copy_move_a2ILb0EN9__gnu_cxx17__normal_iteratorIPKiSt6vectorIiSaIiEEEEPiET1_T0_SA_S9_
FNDA:0,_ZSt14__copy_move_a2ILb0EN9__gnu_cxx17__normal_iteratorIPKiSt6vectorIiSaIiEEEEPiET1_T0_SA_S9_
FN:446,_ZSt4copyIPKiPiET0_T_S4_S3_
FNDA:0,_ZSt4copyIPKiPiET0_T_S4_S3_
FN:446,_ZSt4copyIN9__gnu_cxx17__normal_iteratorIPKiSt6vectorIiSaIiEEEEPiET0_T_SA_S9_
FNDA:0,_ZSt4copyIN9__gnu_cxx17__normal_iteratorIPKiSt6vectorIiSaIiEEEEPiET0_T_SA_S9_
DA:277,0
DA:278,0
DA:277,0
DA:278,0
DA:357,0
DA:366,0
DA:367,0
DA:368,0
DA:369,0
DA:375,0
DA:380,0
DA:386,0
DA:420,0
DA:422,0
DA:424,0
DA:420,0
DA:422,0
DA:424,0
DA:446,0
DA:455,0
DA:456,0
DA:446,0
DA:455,0
DA:456,0
end_of_record
TN:
SF:/usr/include/c++/8/bits/stl_vector.h
FN:95,_ZNSt12_Vector_baseISt6vectorIiSaIiEESaIS2_EE12_Vector_implC2Ev
FNDA:0,_ZNSt12_Vector_baseISt6vectorIiSaIiEESaIS2_EE12_Vector_implC2Ev
FN:99,_ZNSt12_Vector_baseISt6vectorIiSaIiEESaIS2_EE12_Vector_implC2ERKS3_
FNDA:0,_ZNSt12_Vector_baseISt6vectorIiSaIiEESaIS2_EE12_Vector_implC2ERKS3_
FN:99,_ZNSt12_Vector_baseIiSaIiEE12_Vector_implC2ERKS0_
FNDA:0,_ZNSt12_Vector_baseIiSaIiEE12_Vector_implC2ERKS0_
FN:237,_ZNSt12_Vector_baseIiSaIiEE19_M_get_Tp_allocatorEv
FNDA:0,_ZNSt12_Vector_baseIiSaIiEE19_M_get_Tp_allocatorEv
FN:237,_ZNSt12_Vector_baseISt6vectorIiSaIiEESaIS2_EE19_M_get_Tp_allocatorEv
FNDA:0,_ZNSt12_Vector_baseISt6vectorIiSaIiEESaIS2_EE19_M_get_Tp_allocatorEv
FN:241,_ZNKSt12_Vector_baseIiSaIiEE19_M_get_Tp_allocatorEv
FNDA:0,_ZNKSt12_Vector_baseIiSaIiEE19_M_get_Tp_allocatorEv
FN:241,_ZNKSt12_Vector_baseISt6vectorIiSaIiEESaIS2_EE19_M_get_Tp_allocatorEv
FNDA:0,_ZNKSt12_Vector_baseISt6vectorIiSaIiEESaIS2_EE19_M_get_Tp_allocatorEv
FN:248,_ZNSt12_Vector_baseISt6vectorIiSaIiEESaIS2_EEC2Ev
FNDA:0,_ZNSt12_Vector_baseISt6vectorIiSaIiEESaIS2_EEC2Ev
FN:251,_ZNSt12_Vector_baseIiSaIiEEC2ERKS0_
FNDA:0,_ZNSt12_Vector_baseIiSaIiEEC2ERKS0_
FN:251,_ZNSt12_Vector_baseISt6vectorIiSaIiEESaIS2_EEC2ERKS3_
FNDA:0,_ZNSt12_Vector_baseISt6vectorIiSaIiEESaIS2_EEC2ERKS3_
FN:258,_ZNSt12_Vector_baseIiSaIiEEC2EmRKS0_
FNDA:0,_ZNSt12_Vector_baseIiSaIiEEC2EmRKS0_
FN:258,_ZNSt12_Vector_baseISt6vectorIiSaIiEESaIS2_EEC2EmRKS3_
FNDA:0,_ZNSt12_Vector_baseISt6vectorIiSaIiEESaIS2_EEC2EmRKS3_
FN:283,_ZNSt12_Vector_baseISt6vectorIiSaIiEESaIS2_EED2Ev
FNDA:0,_ZNSt12_Vector_baseISt6vectorIiSaIiEESaIS2_EED2Ev
FN:283,_ZNSt12_Vector_baseIiSaIiEED2Ev
FNDA:0,_ZNSt12_Vector_baseIiSaIiEED2Ev
FN:293,_ZNSt12_Vector_baseIiSaIiEE11_M_allocateEm
FNDA:0,_ZNSt12_Vector_baseIiSaIiEE11_M_allocateEm
FN:293,_ZNSt12_Vector_baseISt6vectorIiSaIiEESaIS2_EE11_M_allocateEm
FNDA:0,_ZNSt12_Vector_baseISt6vectorIiSaIiEESaIS2_EE11_M_allocateEm
FN:300,_ZNSt12_Vector_baseIiSaIiEE13_M_deallocateEPim
FNDA:0,_ZNSt12_Vector_baseIiSaIiEE13_M_deallocateEPim
FN:300,_ZNSt12_Vector_baseISt6vectorIiSaIiEESaIS2_EE13_M_deallocateEPS2_m
FNDA:0,_ZNSt12_Vector_baseISt6vectorIiSaIiEESaIS2_EE13_M_deallocateEPS2_m
FN:309,_ZNSt12_Vector_baseISt6vectorIiSaIiEESaIS2_EE17_M_create_storageEm
FNDA:0,_ZNSt12_Vector_baseISt6vectorIiSaIiEESaIS2_EE17_M_create_storageEm
FN:309,_ZNSt12_Vector_baseIiSaIiEE17_M_create_storageEm
FNDA:0,_ZNSt12_Vector_baseIiSaIiEE17_M_create_storageEm
FN:391,_ZNSt6vectorIS_IiSaIiEESaIS1_EEC2Ev
FNDA:0,_ZNSt6vectorIS_IiSaIiEESaIS1_EEC2Ev
FN:458,_ZNSt6vectorIiSaIiEEC2ERKS1_
FNDA:0,_ZNSt6vectorIiSaIiEEC2ERKS1_
FN:458,_ZNSt6vectorIS_IiSaIiEESaIS1_EEC2ERKS3_
FNDA:0,_ZNSt6vectorIS_IiSaIiEESaIS1_EEC2ERKS3_
FN:515,_ZNSt6vectorIS_IiSaIiEESaIS1_EEC2ESt16initializer_listIS1_ERKS2_
FNDA:0,_ZNSt6vectorIS_IiSaIiEESaIS1_EEC2ESt16initializer_listIS1_ERKS2_
FN:515,_ZNSt6vectorIiSaIiEEC2ESt16initializer_listIiERKS0_
FNDA:0,_ZNSt6vectorIiSaIiEEC2ESt16initializer_listIiERKS0_
FN:565,_ZNSt6vectorIiSaIiEED2Ev
FNDA:0,_ZNSt6vectorIiSaIiEED2Ev
FN:565,_ZNSt6vectorIS_IiSaIiEESaIS1_EED2Ev
FNDA:0,_ZNSt6vectorIS_IiSaIiEESaIS1_EED2Ev
FN:707,_ZNKSt6vectorIS_IiSaIiEESaIS1_EE5beginEv
FNDA:0,_ZNKSt6vectorIS_IiSaIiEESaIS1_EE5beginEv
FN:707,_ZNKSt6vectorIiSaIiEE5beginEv
FNDA:0,_ZNKSt6vectorIiSaIiEE5beginEv
FN:725,_ZNKSt6vectorIS_IiSaIiEESaIS1_EE3endEv
FNDA:0,_ZNKSt6vectorIS_IiSaIiEESaIS1_EE3endEv
FN:725,_ZNKSt6vectorIiSaIiEE3endEv
FNDA:0,_ZNKSt6vectorIiSaIiEE3endEv
FN:805,_ZNKSt6vectorIS_IiSaIiEESaIS1_EE4sizeEv
FNDA:0,_ZNKSt6vectorIS_IiSaIiEESaIS1_EE4sizeEv
FN:805,_ZNKSt6vectorIiSaIiEE4sizeEv
FNDA:0,_ZNKSt6vectorIiSaIiEE4sizeEv
FN:1462,_ZNSt6vectorIiSaIiEE19_M_range_initializeIPKiEEvT_S5_St20forward_iterator_tag
FNDA:0,_ZNSt6vectorIiSaIiEE19_M_range_initializeIPKiEEvT_S5_St20forward_iterator_tag
FN:1462,_ZNSt6vectorIS_IiSaIiEESaIS1_EE19_M_range_initializeIPKS1_EEvT_S7_St20forward_iterator_tag
FNDA:0,_ZNSt6vectorIS_IiSaIiEESaIS1_EE19_M_range_initializeIPKS1_EEvT_S7_St20forward_iterator_tag
DA:95,0
DA:96,0
DA:97,0
DA:99,0
DA:100,0
DA:101,0
DA:99,0
DA:100,0
DA:101,0
DA:237,0
DA:238,0
DA:237,0
DA:238,0
DA:241,0
DA:242,0
DA:241,0
DA:242,0
DA:248,0
DA:249,0
DA:251,0
DA:252,0
DA:251,0
DA:252,0
DA:258,0
DA:259,0
DA:260,0
DA:258,0
DA:259,0
DA:260,0
DA:283,0
DA:285,0
DA:286,0
DA:287,0
DA:283,0
DA:285,0
DA:286,0
DA:287,0
DA:293,0
DA:296,0
DA:293,0
DA:296,0
DA:300,0
DA:303,0
DA:304,0
DA:305,0
DA:300,0
DA:303,0
DA:304,0
DA:305,0
DA:309,0
DA:311,0
DA:312,0
DA:313,0
DA:314,0
DA:309,0
DA:311,0
DA:312,0
DA:313,0
DA:314,0
DA:391,0
DA:395,0
DA:458,0
DA:460,0
DA:462,0
DA:463,0
DA:465,0
DA:466,0
DA:458,0
DA:460,0
DA:462,0
DA:463,0
DA:465,0
DA:466,0
DA:515,0
DA:517,0
DA:519,0
DA:521,0
DA:515,0
DA:517,0
DA:519,0
DA:521,0
DA:565,0
DA:567,0
DA:568,0
DA:570,0
DA:565,0
DA:567,0
DA:568,0
DA:570,0
DA:707,0
DA:708,0
DA:707,0
DA:708,0
DA:725,0
DA:726,0
DA:725,0
DA:726,0
DA:805,0
DA:806,0
DA:805,0
DA:806,0
DA:1462,0
DA:1465,0
DA:1466,0
DA:1467,0
DA:1468,0
DA:1469,0
DA:1471,0
DA:1472,0
DA:1462,0
DA:1465,0
DA:1466,0
DA:1467,0
DA:1468,0
DA:1469,0
DA:1471,0
DA:1472,0
end_of_record
SF:/home/martin/TPI/MIR/tests/audiosSoftYHard.cpp
FN:7,_ZN35audiosSoftYHardTEST_listaVacia_Test8TestBodyEv
FNDA:1,_ZN35audiosSoftYHardTEST_listaVacia_Test8TestBodyEv
FN:7,_ZN35audiosSoftYHardTEST_listaVacia_TestC2Ev
FNDA:1,_ZN35audiosSoftYHardTEST_listaVacia_TestC2Ev
FN:25,_ZN36audiosSoftYHardTEST_listaNormal_Test8TestBodyEv
FNDA:1,_ZN36audiosSoftYHardTEST_listaNormal_Test8TestBodyEv
FN:25,_ZN36audiosSoftYHardTEST_listaNormal_TestC2Ev
FNDA:1,_ZN36audiosSoftYHardTEST_listaNormal_TestC2Ev
DA:7,1
DA:8,2
DA:9,1
DA:10,1
DA:11,1
DA:12,2
DA:13,2
DA:15,2
DA:16,1
DA:18,1
DA:20,1
DA:21,1
DA:22,1
DA:7,1
DA:25,1
DA:26,8
DA:27,1
DA:28,1
DA:29,1
DA:30,2
DA:31,2
DA:33,7
DA:34,4
DA:36,1
DA:38,1
DA:39,1
DA:40,1
DA:25,1
end_of_record
SF:/usr/include/c++/8/bits/stl_uninitialized.h
FN:76,_ZNSt20__uninitialized_copyILb0EE13__uninit_copyIPKSt6vectorIiSaIiEEPS4_EET0_T_S9_S8_
FNDA:0,_ZNSt20__uninitialized_copyILb0EE13__uninit_copyIPKSt6vectorIiSaIiEEPS4_EET0_T_S9_S8_
FN:76,_ZNSt20__uninitialized_copyILb0EE13__uninit_copyIN9__gnu_cxx17__normal_iteratorIPKSt6vectorIiSaIiEES4_IS6_SaIS6_EEEEPS6_EET0_T_SE_SD_
FNDA:0,_ZNSt20__uninitialized_copyILb0EE13__uninit_copyIN9__gnu_cxx17__normal_iteratorIPKSt6vectorIiSaIiEES4_IS6_SaIS6_EEEEPS6_EET0_T_SE_SD_
FN:99,_ZNSt20__uninitialized_copyILb1EE13__uninit_copyIN9__gnu_cxx17__normal_iteratorIPKiSt6vectorIiSaIiEEEEPiEET0_T_SC_SB_
FNDA:0,_ZNSt20__uninitialized_copyILb1EE13__uninit_copyIN9__gnu_cxx17__normal_iteratorIPKiSt6vectorIiSaIiEEEEPiEET0_T_SC_SB_
FN:99,_ZNSt20__uninitialized_copyILb1EE13__uninit_copyIPKiPiEET0_T_S6_S5_
FNDA:0,_ZNSt20__uninitialized_copyILb1EE13__uninit_copyIPKiPiEET0_T_S6_S5_
FN:115,_ZSt18uninitialized_copyIN9__gnu_cxx17__normal_iteratorIPKiSt6vectorIiSaIiEEEEPiET0_T_SA_S9_
FNDA:0,_ZSt18uninitialized_copyIN9__gnu_cxx17__normal_iteratorIPKiSt6vectorIiSaIiEEEEPiET0_T_SA_S9_
FN:115,_ZSt18uninitialized_copyIPKSt6vectorIiSaIiEEPS2_ET0_T_S7_S6_
FNDA:0,_ZSt18uninitialized_copyIPKSt6vectorIiSaIiEEPS2_ET0_T_S7_S6_
FN:115,_ZSt18uninitialized_copyIPKiPiET0_T_S4_S3_
FNDA:0,_ZSt18uninitialized_copyIPKiPiET0_T_S4_S3_
FN:115,_ZSt18uninitialized_copyIN9__gnu_cxx17__normal_iteratorIPKSt6vectorIiSaIiEES2_IS4_SaIS4_EEEEPS4_ET0_T_SC_SB_
FNDA:0,_ZSt18uninitialized_copyIN9__gnu_cxx17__normal_iteratorIPKSt6vectorIiSaIiEES2_IS4_SaIS4_EEEEPS4_ET0_T_SC_SB_
FN:287,_ZSt22__uninitialized_copy_aIN9__gnu_cxx17__normal_iteratorIPKiSt6vectorIiSaIiEEEEPiiET0_T_SA_S9_RSaIT1_E
FNDA:0,_ZSt22__uninitialized_copy_aIN9__gnu_cxx17__normal_iteratorIPKiSt6vectorIiSaIiEEEEPiiET0_T_SA_S9_RSaIT1_E
FN:287,_ZSt22__uninitialized_copy_aIPKSt6vectorIiSaIiEEPS2_S2_ET0_T_S7_S6_RSaIT1_E
FNDA:0,_ZSt22__uninitialized_copy_aIPKSt6vectorIiSaIiEEPS2_S2_ET0_T_S7_S6_RSaIT1_E
FN:287,_ZSt22__uninitialized_copy_aIPKiPiiET0_T_S4_S3_RSaIT1_E
FNDA:0,_ZSt22__uninitialized_copy_aIPKiPiiET0_T_S4_S3_RSaIT1_E
FN:287,_ZSt22__uninitialized_copy_aIN9__gnu_cxx17__normal_iteratorIPKSt6vectorIiSaIiEES2_IS4_SaIS4_EEEEPS4_S4_ET0_T_SC_SB_RSaIT1_E
FNDA:0,_ZSt22__uninitialized_copy_aIN9__gnu_cxx17__normal_iteratorIPKSt6vectorIiSaIiEES2_IS4_SaIS4_EEEEPS4_S4_ET0_T_SC_SB_RSaIT1_E
DA:76,0
DA:79,0
DA:82,0
DA:83,0
DA:84,0
DA:86,0
DA:88,0
DA:89,0
DA:76,0
DA:79,0
DA:82,0
DA:83,0
DA:84,0
DA:86,0
DA:88,0
DA:89,0
DA:99,0
DA:101,0
DA:99,0
DA:101,0
DA:115,0
DA:128,0
DA:134,0
DA:115,0
DA:128,0
DA:134,0
DA:115,0
DA:128,0
DA:134,0
DA:115,0
DA:128,0
DA:134,0
DA:287,0
DA:289,0
DA:287,0
DA:289,0
DA:287,0
DA:289,0
DA:287,0
DA:289,0
end_of_record
SF:/usr/include/c++/8/bits/alloc_traits.h
FN:435,_ZNSt16allocator_traitsISaISt6vectorIiSaIiEEEE8allocateERS3_m
FNDA:0,_ZNSt16allocator_traitsISaISt6vectorIiSaIiEEEE8allocateERS3_m
FN:435,_ZNSt16allocator_traitsISaIiEE8allocateERS0_m
FNDA:0,_ZNSt16allocator_traitsISaIiEE8allocateERS0_m
FN:461,_ZNSt16allocator_traitsISaIiEE10deallocateERS0_Pim
FNDA:0,_ZNSt16allocator_traitsISaIiEE10deallocateERS0_Pim
FN:461,_ZNSt16allocator_traitsISaISt6vectorIiSaIiEEEE10deallocateERS3_PS2_m
FNDA:0,_ZNSt16allocator_traitsISaISt6vectorIiSaIiEEEE10deallocateERS3_PS2_m
FN:504,_ZNSt16allocator_traitsISaIiEE37select_on_container_copy_constructionERKS0_
FNDA:0,_ZNSt16allocator_traitsISaIiEE37select_on_container_copy_constructionERKS0_
FN:504,_ZNSt16allocator_traitsISaISt6vectorIiSaIiEEEE37select_on_container_copy_constructionERKS3_
FNDA:0,_ZNSt16allocator_traitsISaISt6vectorIiSaIiEEEE37select_on_container_copy_constructionERKS3_
FN:504,_ZNSt16allocator_traitsISaIcEE37select_on_container_copy_constructionERKS0_
FNDA:0,_ZNSt16allocator_traitsISaIcEE37select_on_container_copy_constructionERKS0_
DA:435,0
DA:436,0
DA:435,0
DA:436,0
DA:461,0
DA:462,0
DA:461,0
DA:462,0
DA:504,0
DA:505,0
DA:504,0
DA:505,0
DA:504,0
DA:505,0
end_of_record
SF:/usr/include/c++/8/bits/stl_algobase.h
FN:277,_ZSt12__niter_baseIPiET_S1_
FNDA:0,_ZSt12__niter_baseIPiET_S1_
FN:277,_ZSt12__niter_baseIPKiET_S2_
FNDA:0,_ZSt12__niter_baseIPKiET_S2_
FN:357,_ZNSt11__copy_moveILb0ELb1ESt26random_access_iterator_tagE8__copy_mIiEEPT_PKS3_S6_S4_
FNDA:0,_ZNSt11__copy_moveILb0ELb1ESt26random_access_iterator_tagE8__copy_mIiEEPT_PKS3_S6_S4_
FN:375,_ZSt13__copy_move_aILb0EPKiPiET1_T0_S4_S3_
FNDA:0,_ZSt13__copy_move_aILb0EPKiPiET1_T0_S4_S3_
FN:420,_ZSt14__copy_move_a2ILb0EN9__gnu_cxx17__normal_iteratorIPKiSt6vectorIiSaIiEEEEPiET1_T0_SA_S9_
FNDA:0,_ZSt14__copy_move_a2ILb0EN9__gnu_cxx17__normal_iteratorIPKiSt6vectorIiSaIiEEEEPiET1_T0_SA_S9_
FN:420,_ZSt14__copy_move_a2ILb0EPKiPiET1_T0_S4_S3_
FNDA:0,_ZSt14__copy_move_a2ILb0EPKiPiET1_T0_S4_S3_
FN:446,_ZSt4copyIN9__gnu_cxx17__normal_iteratorIPKiSt6vectorIiSaIiEEEEPiET0_T_SA_S9_
FNDA:0,_ZSt4copyIN9__gnu_cxx17__normal_iteratorIPKiSt6vectorIiSaIiEEEEPiET0_T_SA_S9_
FN:446,_ZSt4copyIPKiPiET0_T_S4_S3_
FNDA:0,_ZSt4copyIPKiPiET0_T_S4_S3_
DA:277,0
DA:278,0
DA:277,0
DA:278,0
DA:357,0
DA:366,0
DA:367,0
DA:368,0
DA:369,0
DA:375,0
DA:380,0
DA:386,0
DA:420,0
DA:422,0
DA:424,0
DA:420,0
DA:422,0
DA:424,0
DA:446,0
DA:455,0
DA:456,0
DA:446,0
DA:455,0
DA:456,0
end_of_record
SF:/home/martin/TPI/MIR/lib/googletest-master/googletest/include/gtest/gtest.h
FN:389,_ZN7testing4Test13SetUpTestCaseEv
FNDA:0,_ZN7testing4Test13SetUpTestCaseEv
FN:397,_ZN7testing4Test16TearDownTestCaseEv
FNDA:0,_ZN7testing4Test16TearDownTestCaseEv
FN:474,_ZN7testing4Test5SetupEv
FNDA:0,_ZN7testing4Test5SetupEv
DA:389,0
DA:397,0
DA:474,0
end_of_record
SF:/home/martin/TPI/MIR/lib/googletest-master/googletest/include/gtest/internal/gtest-internal.h
FN:466,_ZN7testing8internal15TestFactoryBaseD0Ev
FNDA:0,_ZN7testing8internal15TestFactoryBaseD0Ev
FN:466,_ZN7testing8internal15TestFactoryBaseD2Ev
FNDA:0,_ZN7testing8internal15TestFactoryBaseD2Ev
FN:473,_ZN7testing8internal15TestFactoryBaseC2Ev
FNDA:0,_ZN7testing8internal15TestFactoryBaseC2Ev
FN:484,_ZN7testing8internal15TestFactoryImplI35audiosSoftYHardTEST_listaVacia_TestE10CreateTestEv
FNDA:1,_ZN7testing8internal15TestFactoryImplI35audiosSoftYHardTEST_listaVacia_TestE10CreateTestEv
FN:484,_ZN7testing8internal15TestFactoryImplI36audiosSoftYHardTEST_listaNormal_TestE10CreateTestEv
FNDA:1,_ZN7testing8internal15TestFactoryImplI36audiosSoftYHardTEST_listaNormal_TestE10CreateTestEv
FN:505,_ZN7testing8internal12CodeLocationC2ERKNSt7__cxx1112basic_stringIcSt11char_traitsIcESaIcEEEi
FNDA:0,_ZN7testing8internal12CodeLocationC2ERKNSt7__cxx1112basic_stringIcSt11char_traitsIcESaIcEEEi
DA:466,0
DA:466,0
DA:473,0
DA:484,1
DA:484,1
DA:505,0
DA:506,0
end_of_record
SF:/usr/include/c++/8/new
FN:168,_ZnwmPv
FNDA:0,_ZnwmPv
FN:174,_ZdlPvS_
FNDA:0,_ZdlPvS_
DA:168,0
DA:169,0
DA:174,0
end_of_record
SF:/usr/include/c++/8/bits/allocator.h
FN:131,_ZNSaISt6vectorIiSaIiEEEC2Ev
FNDA:0,_ZNSaISt6vectorIiSaIiEEEC2Ev
FN:131,_ZNSaIiEC2Ev
FNDA:0,_ZNSaIiEC2Ev
FN:133,_ZNSaIiEC2ERKS_
FNDA:0,_ZNSaIiEC2ERKS_
FN:133,_ZNSaISt6vectorIiSaIiEEEC2ERKS2_
FNDA:0,_ZNSaISt6vectorIiSaIiEEEC2ERKS2_
FN:139,_ZNSaISt6vectorIiSaIiEEED2Ev
FNDA:0,_ZNSaISt6vectorIiSaIiEEED2Ev
FN:139,_ZNSaIiED2Ev
FNDA:0,_ZNSaIiED2Ev
DA:131,0
DA:131,0
DA:133,0
DA:134,0
DA:133,0
DA:134,0
DA:139,0
DA:139,0
end_of_record
SF:/usr/include/c++/8/ext/new_allocator.h
FN:79,_ZN9__gnu_cxx13new_allocatorISt6vectorIiSaIiEEEC2Ev
FNDA:0,_ZN9__gnu_cxx13new_allocatorISt6vectorIiSaIiEEEC2Ev
FN:79,_ZN9__gnu_cxx13new_allocatorIiEC2Ev
FNDA:0,_ZN9__gnu_cxx13new_allocatorIiEC2Ev
FN:79,_ZN9__gnu_cxx13new_allocatorIcEC2Ev
FNDA:0,_ZN9__gnu_cxx13new_allocatorIcEC2Ev
FN:81,_ZN9__gnu_cxx13new_allocatorIiEC2ERKS1_
FNDA:0,_ZN9__gnu_cxx13new_allocatorIiEC2ERKS1_
FN:81,_ZN9__gnu_cxx13new_allocatorISt6vectorIiSaIiEEEC2ERKS4_
FNDA:0,_ZN9__gnu_cxx13new_allocatorISt6vectorIiSaIiEEEC2ERKS4_
FN:81,_ZN9__gnu_cxx13new_allocatorIcEC2ERKS1_
FNDA:0,_ZN9__gnu_cxx13new_allocatorIcEC2ERKS1_
FN:86,_ZN9__gnu_cxx13new_allocatorISt6vectorIiSaIiEEED2Ev
FNDA:0,_ZN9__gnu_cxx13new_allocatorISt6vectorIiSaIiEEED2Ev
FN:86,_ZN9__gnu_cxx13new_allocatorIiED2Ev
FNDA:0,_ZN9__gnu_cxx13new_allocatorIiED2Ev
FN:86,_ZN9__gnu_cxx13new_allocatorIcED2Ev
FNDA:0,_ZN9__gnu_cxx13new_allocatorIcED2Ev
FN:99,_ZN9__gnu_cxx13new_allocatorISt6vectorIiSaIiEEE8allocateEmPKv
FNDA:0,_ZN9__gnu_cxx13new_allocatorISt6vectorIiSaIiEEE8allocateEmPKv
FN:99,_ZN9__gnu_cxx13new_allocatorIiE8allocateEmPKv
FNDA:0,_ZN9__gnu_cxx13new_allocatorIiE8allocateEmPKv
FN:116,_ZN9__gnu_cxx13new_allocatorIiE10deallocateEPim
FNDA:0,_ZN9__gnu_cxx13new_allocatorIiE10deallocateEPim
FN:116,_ZN9__gnu_cxx13new_allocatorISt6vectorIiSaIiEEE10deallocateEPS3_m
FNDA:0,_ZN9__gnu_cxx13new_allocatorISt6vectorIiSaIiEEE10deallocateEPS3_m
FN:129,_ZNK9__gnu_cxx13new_allocatorISt6vectorIiSaIiEEE8max_sizeEv
FNDA:0,_ZNK9__gnu_cxx13new_allocatorISt6vectorIiSaIiEEE8max_sizeEv
FN:129,_ZNK9__gnu_cxx13new_allocatorIiE8max_sizeEv
FNDA:0,_ZNK9__gnu_cxx13new_allocatorIiE8max_sizeEv
DA:79,0
DA:79,0
DA:79,0
DA:81,0
DA:81,0
DA:81,0
DA:86,0
DA:86,0
DA:86,0
DA:99,0
DA:101,0
DA:102,0
DA:111,0
DA:99,0
DA:101,0
DA:102,0
DA:111,0
DA:116,0
DA:125,0
DA:126,0
DA:116,0
DA:125,0
DA:126,0
DA:129,0
DA:130,0
DA:129,0
DA:130,0
end_of_record
SF:/usr/include/c++/8/bits/char_traits.h
FN:316,_ZNSt11char_traitsIcE6lengthEPKc
FNDA:0,_ZNSt11char_traitsIcE6lengthEPKc
DA:316,0
DA:322,0
end_of_record
SF:/usr/include/c++/8/bits/stl_iterator_base_funcs.h
FN:98,_ZSt10__distanceIPcENSt15iterator_traitsIT_E15difference_typeES2_S2_St26random_access_iterator_tag
FNDA:0,_ZSt10__distanceIPcENSt15iterator_traitsIT_E15difference_typeES2_S2_St26random_access_iterator_tag
FN:98,_ZSt10__distanceIPKcENSt15iterator_traitsIT_E15difference_typeES3_S3_St26random_access_iterator_tag
FNDA:0,_ZSt10__distanceIPKcENSt15iterator_traitsIT_E15difference_typeES3_S3_St26random_access_iterator_tag
FN:98,_ZSt10__distanceIPKSt6vectorIiSaIiEEENSt15iterator_traitsIT_E15difference_typeES6_S6_St26random_access_iterator_tag
FNDA:0,_ZSt10__distanceIPKSt6vectorIiSaIiEEENSt15iterator_traitsIT_E15difference_typeES6_S6_St26random_access_iterator_tag
FN:98,_ZSt10__distanceIPKiENSt15iterator_traitsIT_E15difference_typeES3_S3_St26random_access_iterator_tag
FNDA:0,_ZSt10__distanceIPKiENSt15iterator_traitsIT_E15difference_typeES3_S3_St26random_access_iterator_tag
FN:138,_ZSt8distanceIPcENSt15iterator_traitsIT_E15difference_typeES2_S2_
FNDA:0,_ZSt8distanceIPcENSt15iterator_traitsIT_E15difference_typeES2_S2_
FN:138,_ZSt8distanceIPKcENSt15iterator_traitsIT_E15difference_typeES3_S3_
FNDA:0,_ZSt8distanceIPKcENSt15iterator_traitsIT_E15difference_typeES3_S3_
FN:138,_ZSt8distanceIPKSt6vectorIiSaIiEEENSt15iterator_traitsIT_E15difference_typeES6_S6_
FNDA:0,_ZSt8distanceIPKSt6vectorIiSaIiEEENSt15iterator_traitsIT_E15difference_typeES6_S6_
FN:138,_ZSt8distanceIPKiENSt15iterator_traitsIT_E15difference_typeES3_S3_
FNDA:0,_ZSt8distanceIPKiENSt15iterator_traitsIT_E15difference_typeES3_S3_
DA:98,0
DA:104,0
DA:98,0
DA:104,0
DA:98,0
DA:104,0
DA:98,0
DA:104,0
DA:138,0
DA:141,0
DA:142,0
DA:138,0
DA:141,0
DA:142,0
DA:138,0
DA:141,0
DA:142,0
DA:138,0
DA:141,0
DA:142,0
end_of_record
SF:/usr/include/c++/8/bits/stl_iterator.h
FN:783,_ZN9__gnu_cxx17__normal_iteratorIPKiSt6vectorIiSaIiEEEC2ERKS2_
FNDA:0,_ZN9__gnu_cxx17__normal_iteratorIPKiSt6vectorIiSaIiEEEC2ERKS2_
FN:783,_ZN9__gnu_cxx17__normal_iteratorIPKSt6vectorIiSaIiEES1_IS3_SaIS3_EEEC2ERKS5_
FNDA:0,_ZN9__gnu_cxx17__normal_iteratorIPKSt6vectorIiSaIiEES1_IS3_SaIS3_EEEC2ERKS5_
FN:796,_ZNK9__gnu_cxx17__normal_iteratorIPKSt6vectorIiSaIiEES1_IS3_SaIS3_EEEdeEv
FNDA:0,_ZNK9__gnu_cxx17__normal_iteratorIPKSt6vectorIiSaIiEES1_IS3_SaIS3_EEEdeEv
FN:804,_ZN9__gnu_cxx17__normal_iteratorIPKSt6vectorIiSaIiEES1_IS3_SaIS3_EEEppEv
FNDA:0,_ZN9__gnu_cxx17__normal_iteratorIPKSt6vectorIiSaIiEES1_IS3_SaIS3_EEEppEv
FN:848,_ZNK9__gnu_cxx17__normal_iteratorIPKiSt6vectorIiSaIiEEE4baseEv
FNDA:0,_ZNK9__gnu_cxx17__normal_iteratorIPKiSt6vectorIiSaIiEEE4baseEv
FN:848,_ZNK9__gnu_cxx17__normal_iteratorIPKSt6vectorIiSaIiEES1_IS3_SaIS3_EEE4baseEv
FNDA:0,_ZNK9__gnu_cxx17__normal_iteratorIPKSt6vectorIiSaIiEES1_IS3_SaIS3_EEE4baseEv
FN:884,_ZN9__gnu_cxxneIPKSt6vectorIiSaIiEES1_IS3_SaIS3_EEEEbRKNS_17__normal_iteratorIT_T0_EESD_
FNDA:0,_ZN9__gnu_cxxneIPKSt6vectorIiSaIiEES1_IS3_SaIS3_EEEEbRKNS_17__normal_iteratorIT_T0_EESD_
FN:987,_ZSt12__niter_baseIPKiSt6vectorIiSaIiEEET_N9__gnu_cxx17__normal_iteratorIS5_T0_EE
FNDA:0,_ZSt12__niter_baseIPKiSt6vectorIiSaIiEEET_N9__gnu_cxx17__normal_iteratorIS5_T0_EE
DA:783,0
DA:784,0
DA:783,0
DA:784,0
DA:796,0
DA:797,0
DA:804,0
DA:806,0
DA:807,0
DA:848,0
DA:849,0
DA:848,0
DA:849,0
DA:884,0
DA:887,0
DA:987,0
DA:988,0
end_of_record
SF:/usr/include/c++/8/initializer_list
FN:71,_ZNKSt16initializer_listISt6vectorIiSaIiEEE4sizeEv
FNDA:0,_ZNKSt16initializer_listISt6vectorIiSaIiEEE4sizeEv
FN:71,_ZNKSt16initializer_listIiE4sizeEv
FNDA:0,_ZNKSt16initializer_listIiE4sizeEv
FN:75,_ZNKSt16initializer_listISt6vectorIiSaIiEEE5beginEv
FNDA:0,_ZNKSt16initializer_listISt6vectorIiSaIiEEE5beginEv
FN:75,_ZNKSt16initializer_listIiE5beginEv
FNDA:0,_ZNKSt16initializer_listIiE5beginEv
FN:79,_ZNKSt16initializer_listISt6vectorIiSaIiEEE3endEv
FNDA:0,_ZNKSt16initializer_listISt6vectorIiSaIiEEE3endEv
FN:79,_ZNKSt16initializer_listIiE3endEv
FNDA:0,_ZNKSt16initializer_listIiE3endEv
DA:71,0
DA:71,0
DA:75,0
DA:75,0
DA:79,0
DA:79,0
end_of_record
SF:/usr/include/c++/8/ext/alloc_traits.h
FN:94,_ZN9__gnu_cxx14__alloc_traitsISaIiEiE17_S_select_on_copyERKS1_
FNDA:0,_ZN9__gnu_cxx14__alloc_traitsISaIiEiE17_S_select_on_copyERKS1_
FN:94,_ZN9__gnu_cxx14__alloc_traitsISaISt6vectorIiSaIiEEES3_E17_S_select_on_copyERKS4_
FNDA:0,_ZN9__gnu_cxx14__alloc_traitsISaISt6vectorIiSaIiEEES3_E17_S_select_on_copyERKS4_
FN:94,_ZN9__gnu_cxx14__alloc_traitsISaIcEcE17_S_select_on_copyERKS1_
FNDA:0,_ZN9__gnu_cxx14__alloc_traitsISaIcEcE17_S_select_on_copyERKS1_
DA:94,0
DA:95,0
DA:94,0
DA:95,0
DA:94,0
DA:95,0
end_of_record
SF:/usr/include/c++/8/bits/basic_string.h
FN:232,_ZNSt7__cxx1112basic_stringIcSt11char_traitsIcESaIcEE16_M_construct_auxIPcEEvT_S7_St12__false_type
FNDA:0,_ZNSt7__cxx1112basic_stringIcSt11char_traitsIcESaIcEE16_M_construct_auxIPcEEvT_S7_St12__false_type
FN:232,_ZNSt7__cxx1112basic_stringIcSt11char_traitsIcESaIcEE16_M_construct_auxIPKcEEvT_S8_St12__false_type
FNDA:0,_ZNSt7__cxx1112basic_stringIcSt11char_traitsIcESaIcEE16_M_construct_auxIPKcEEvT_S8_St12__false_type
FN:252,_ZNSt7__cxx1112basic_stringIcSt11char_traitsIcESaIcEE12_M_constructIPcEEvT_S7_
FNDA:0,_ZNSt7__cxx1112basic_stringIcSt11char_traitsIcESaIcEE12_M_constructIPcEEvT_S7_
FN:252,_ZNSt7__cxx1112basic_stringIcSt11char_traitsIcESaIcEE12_M_constructIPKcEEvT_S8_
FNDA:0,_ZNSt7__cxx1112basic_stringIcSt11char_traitsIcESaIcEE12_M_constructIPKcEEvT_S8_
DA:232,0
DA:236,0
DA:237,0
DA:232,0
DA:236,0
DA:237,0
DA:252,0
DA:255,0
DA:256,0
DA:252,0
DA:255,0
DA:256,0
end_of_record
SF:/usr/include/c++/8/bits/cpp_type_traits.h
FN:419,_ZSt12__miter_baseIN9__gnu_cxx17__normal_iteratorIPKiSt6vectorIiSaIiEEEEET_S8_
FNDA:0,_ZSt12__miter_baseIN9__gnu_cxx17__normal_iteratorIPKiSt6vectorIiSaIiEEEEET_S8_
FN:419,_ZSt12__miter_baseIPKiET_S2_
FNDA:0,_ZSt12__miter_baseIPKiET_S2_
DA:419,0
DA:420,0
DA:419,0
DA:420,0
end_of_record
SF:/usr/include/c++/8/bits/stl_iterator_base_types.h
FN:205,_ZSt19__iterator_categoryIPcENSt15iterator_traitsIT_E17iterator_categoryERKS2_
FNDA:0,_ZSt19__iterator_categoryIPcENSt15iterator_traitsIT_E17iterator_categoryERKS2_
FN:205,_ZSt19__iterator_categoryIPKcENSt15iterator_traitsIT_E17iterator_categoryERKS3_
FNDA:0,_ZSt19__iterator_categoryIPKcENSt15iterator_traitsIT_E17iterator_categoryERKS3_
FN:205,_ZSt19__iterator_categoryIPKSt6vectorIiSaIiEEENSt15iterator_traitsIT_E17iterator_categoryERKS6_
FNDA:0,_ZSt19__iterator_categoryIPKSt6vectorIiSaIiEEENSt15iterator_traitsIT_E17iterator_categoryERKS6_
FN:205,_ZSt19__iterator_categoryIPKiENSt15iterator_traitsIT_E17iterator_categoryERKS3_
FNDA:0,_ZSt19__iterator_categoryIPKiENSt15iterator_traitsIT_E17iterator_categoryERKS3_
DA:205,0
DA:206,0
DA:205,0
DA:206,0
DA:205,0
DA:206,0
DA:205,0
DA:206,0
end_of_record
SF:/usr/include/c++/8/bits/move.h
FN:47,_ZSt11__addressofISt6vectorIiSaIiEEEPT_RS3_
FNDA:0,_ZSt11__addressofISt6vectorIiSaIiEEEPT_RS3_
FN:74,_ZSt7forwardIRKSt6vectorIiSaIiEEEOT_RNSt16remove_referenceIS5_E4typeE
FNDA:0,_ZSt7forwardIRKSt6vectorIiSaIiEEEOT_RNSt16remove_referenceIS5_E4typeE
FN:99,_ZSt4moveIRSaIcEEONSt16remove_referenceIT_E4typeEOS3_
FNDA:0,_ZSt4moveIRSaIcEEONSt16remove_referenceIT_E4typeEOS3_
DA:47,0
DA:48,0
DA:74,0
DA:75,0
DA:99,0
DA:100,0
end_of_record
SF:/usr/include/c++/8/ext/type_traits.h
FN:152,_ZN9__gnu_cxx17__is_null_pointerIcEEbPT_
FNDA:0,_ZN9__gnu_cxx17__is_null_pointerIcEEbPT_
FN:152,_ZN9__gnu_cxx17__is_null_pointerIKcEEbPT_
FNDA:0,_ZN9__gnu_cxx17__is_null_pointerIKcEEbPT_
DA:152,0
DA:153,0
DA:152,0
DA:153,0
end_of_record
SF:/usr/include/c++/8/bits/basic_string.tcc
FN:206,_ZNSt7__cxx1112basic_stringIcSt11char_traitsIcESaIcEE12_M_constructIPcEEvT_S7_St20forward_iterator_tag
FNDA:0,_ZNSt7__cxx1112basic_stringIcSt11char_traitsIcESaIcEE12_M_constructIPcEEvT_S7_St20forward_iterator_tag
FN:206,_ZNSt7__cxx1112basic_stringIcSt11char_traitsIcESaIcEE12_M_constructIPKcEEvT_S8_St20forward_iterator_tag
FNDA:0,_ZNSt7__cxx1112basic_stringIcSt11char_traitsIcESaIcEE12_M_constructIPKcEEvT_S8_St20forward_iterator_tag
DA:206,0
DA:211,0
DA:212,0
DA:215,0
DA:217,0
DA:219,0
DA:220,0
DA:225,0
DA:226,0
DA:228,0
DA:229,0
DA:232,0
DA:233,0
DA:206,0
DA:211,0
DA:212,0
DA:215,0
DA:217,0
DA:219,0
DA:220,0
DA:225,0
DA:226,0
DA:228,0
DA:229,0
DA:232,0
DA:233,0
end_of_record
SF:/usr/include/c++/8/bits/stl_construct.h
FN:74,_ZSt10_ConstructISt6vectorIiSaIiEEJRKS2_EEvPT_DpOT0_
FNDA:0,_ZSt10_ConstructISt6vectorIiSaIiEEJRKS2_EEvPT_DpOT0_
FN:97,_ZSt8_DestroyISt6vectorIiSaIiEEEvPT_
FNDA:0,_ZSt8_DestroyISt6vectorIiSaIiEEEvPT_
FN:105,_ZNSt12_Destroy_auxILb0EE9__destroyIPSt6vectorIiSaIiEEEEvT_S6_
FNDA:0,_ZNSt12_Destroy_auxILb0EE9__destroyIPSt6vectorIiSaIiEEEEvT_S6_
FN:117,_ZNSt12_Destroy_auxILb1EE9__destroyIPiEEvT_S3_
FNDA:0,_ZNSt12_Destroy_auxILb1EE9__destroyIPiEEvT_S3_
FN:127,_ZSt8_DestroyIPiEvT_S1_
FNDA:0,_ZSt8_DestroyIPiEvT_S1_
FN:127,_ZSt8_DestroyIPSt6vectorIiSaIiEEEvT_S4_
FNDA:0,_ZSt8_DestroyIPSt6vectorIiSaIiEEEvT_S4_
FN:203,_ZSt8_DestroyIPiiEvT_S1_RSaIT0_E
FNDA:0,_ZSt8_DestroyIPiiEvT_S1_RSaIT0_E
FN:203,_ZSt8_DestroyIPSt6vectorIiSaIiEES2_EvT_S4_RSaIT0_E
FNDA:0,_ZSt8_DestroyIPSt6vectorIiSaIiEES2_EvT_S4_RSaIT0_E
DA:74,0
DA:75,0
DA:97,0
DA:98,0
DA:105,0
DA:107,0
DA:108,0
DA:109,0
DA:117,0
DA:127,0
DA:137,0
DA:138,0
DA:127,0
DA:137,0
DA:138,0
DA:203,0
DA:206,0
DA:207,0
DA:203,0
DA:206,0
DA:207,0
end_of_record
SF:/usr/include/c++/8/iostream
end_of_record
TN:
SF:/usr/include/c++/8/bits/alloc_traits.h
FN:435,_ZNSt16allocator_traitsISaISt4pairIiiEEE8allocateERS2_m
FNDA:0,_ZNSt16allocator_traitsISaISt4pairIiiEEE8allocateERS2_m
FN:435,_ZNSt16allocator_traitsISaIiEE8allocateERS0_m
FNDA:0,_ZNSt16allocator_traitsISaIiEE8allocateERS0_m
FN:461,_ZNSt16allocator_traitsISaISt4pairIiiEEE10deallocateERS2_PS1_m
FNDA:0,_ZNSt16allocator_traitsISaISt4pairIiiEEE10deallocateERS2_PS1_m
FN:461,_ZNSt16allocator_traitsISaIiEE10deallocateERS0_Pim
FNDA:0,_ZNSt16allocator_traitsISaIiEE10deallocateERS0_Pim
FN:504,_ZNSt16allocator_traitsISaISt4pairIiiEEE37select_on_container_copy_constructionERKS2_
FNDA:0,_ZNSt16allocator_traitsISaISt4pairIiiEEE37select_on_container_copy_constructionERKS2_
FN:504,_ZNSt16allocator_traitsISaIiEE37select_on_container_copy_constructionERKS0_
FNDA:0,_ZNSt16allocator_traitsISaIiEE37select_on_container_copy_constructionERKS0_
FN:504,_ZNSt16allocator_traitsISaIcEE37select_on_container_copy_constructionERKS0_
FNDA:0,_ZNSt16allocator_traitsISaIcEE37select_on_container_copy_constructionERKS0_
DA:435,0
DA:436,0
DA:435,0
DA:436,0
DA:461,0
DA:462,0
DA:461,0
DA:462,0
DA:504,0
DA:505,0
DA:504,0
DA:505,0
DA:504,0
DA:505,0
end_of_record
SF:/usr/include/c++/8/bits/stl_uninitialized.h
FN:76,_ZNSt20__uninitialized_copyILb0EE13__uninit_copyIPKSt4pairIiiEPS3_EET0_T_S8_S7_
FNDA:2,_ZNSt20__uninitialized_copyILb0EE13__uninit_copyIPKSt4pairIiiEPS3_EET0_T_S8_S7_
FN:76,_ZNSt20__uninitialized_copyILb0EE13__uninit_copyIN9__gnu_cxx17__normal_iteratorIPKSt4pairIiiESt6vectorIS5_SaIS5_EEEEPS5_EET0_T_SE_SD_
FNDA:0,_ZNSt20__uninitialized_copyILb0EE13__uninit_copyIN9__gnu_cxx17__normal_iteratorIPKSt4pairIiiESt6vectorIS5_SaIS5_EEEEPS5_EET0_T_SE_SD_
FN:99,_ZNSt20__uninitialized_copyILb1EE13__uninit_copyIPKiPiEET0_T_S6_S5_
FNDA:0,_ZNSt20__uninitialized_copyILb1EE13__uninit_copyIPKiPiEET0_T_S6_S5_
FN:99,_ZNSt20__uninitialized_copyILb1EE13__uninit_copyIN9__gnu_cxx17__normal_iteratorIPKiSt6vectorIiSaIiEEEEPiEET0_T_SC_SB_
FNDA:0,_ZNSt20__uninitialized_copyILb1EE13__uninit_copyIN9__gnu_cxx17__normal_iteratorIPKiSt6vectorIiSaIiEEEEPiEET0_T_SC_SB_
FN:115,_ZSt18uninitialized_copyIPKSt4pairIiiEPS1_ET0_T_S6_S5_
FNDA:2,_ZSt18uninitialized_copyIPKSt4pairIiiEPS1_ET0_T_S6_S5_
FN:115,_ZSt18uninitialized_copyIPKiPiET0_T_S4_S3_
FNDA:0,_ZSt18uninitialized_copyIPKiPiET0_T_S4_S3_
FN:115,_ZSt18uninitialized_copyIN9__gnu_cxx17__normal_iteratorIPKSt4pairIiiESt6vectorIS3_SaIS3_EEEEPS3_ET0_T_SC_SB_
FNDA:0,_ZSt18uninitialized_copyIN9__gnu_cxx17__normal_iteratorIPKSt4pairIiiESt6vectorIS3_SaIS3_EEEEPS3_ET0_T_SC_SB_
FN:115,_ZSt18uninitialized_copyIN9__gnu_cxx17__normal_iteratorIPKiSt6vectorIiSaIiEEEEPiET0_T_SA_S9_
FNDA:0,_ZSt18uninitialized_copyIN9__gnu_cxx17__normal_iteratorIPKiSt6vectorIiSaIiEEEEPiET0_T_SA_S9_
FN:287,_ZSt22__uninitialized_copy_aIPKSt4pairIiiEPS1_S1_ET0_T_S6_S5_RSaIT1_E
FNDA:2,_ZSt22__uninitialized_copy_aIPKSt4pairIiiEPS1_S1_ET0_T_S6_S5_RSaIT1_E
FN:287,_ZSt22__uninitialized_copy_aIPKiPiiET0_T_S4_S3_RSaIT1_E
FNDA:0,_ZSt22__uninitialized_copy_aIPKiPiiET0_T_S4_S3_RSaIT1_E
FN:287,_ZSt22__uninitialized_copy_aIN9__gnu_cxx17__normal_iteratorIPKSt4pairIiiESt6vectorIS3_SaIS3_EEEEPS3_S3_ET0_T_SC_SB_RSaIT1_E
FNDA:0,_ZSt22__uninitialized_copy_aIN9__gnu_cxx17__normal_iteratorIPKSt4pairIiiESt6vectorIS3_SaIS3_EEEEPS3_S3_ET0_T_SC_SB_RSaIT1_E
FN:287,_ZSt22__uninitialized_copy_aIN9__gnu_cxx17__normal_iteratorIPKiSt6vectorIiSaIiEEEEPiiET0_T_SA_S9_RSaIT1_E
FNDA:0,_ZSt22__uninitialized_copy_aIN9__gnu_cxx17__normal_iteratorIPKiSt6vectorIiSaIiEEEEPiiET0_T_SA_S9_RSaIT1_E
DA:76,2
DA:79,2
DA:82,9
DA:83,7
DA:84,2
DA:86,0
DA:88,0
DA:89,0
DA:76,0
DA:79,0
DA:82,0
DA:83,0
DA:84,0
DA:86,0
DA:88,0
DA:89,0
DA:99,0
DA:101,0
DA:99,0
DA:101,0
DA:115,2
DA:128,2
DA:134,2
DA:115,0
DA:128,0
DA:134,0
DA:115,0
DA:128,0
DA:134,0
DA:115,0
DA:128,0
DA:134,0
DA:287,2
DA:289,2
DA:287,0
DA:289,0
DA:287,0
DA:289,0
DA:287,0
DA:289,0
end_of_record
SF:/usr/include/c++/8/bits/stl_vector.h
FN:95,_ZNSt12_Vector_baseISt4pairIiiESaIS1_EE12_Vector_implC2Ev
FNDA:2,_ZNSt12_Vector_baseISt4pairIiiESaIS1_EE12_Vector_implC2Ev
FN:95,_ZNSt12_Vector_baseIiSaIiEE12_Vector_implC2Ev
FNDA:0,_ZNSt12_Vector_baseIiSaIiEE12_Vector_implC2Ev
FN:99,_ZNSt12_Vector_baseISt4pairIiiESaIS1_EE12_Vector_implC2ERKS2_
FNDA:0,_ZNSt12_Vector_baseISt4pairIiiESaIS1_EE12_Vector_implC2ERKS2_
FN:99,_ZNSt12_Vector_baseIiSaIiEE12_Vector_implC2ERKS0_
FNDA:0,_ZNSt12_Vector_baseIiSaIiEE12_Vector_implC2ERKS0_
FN:237,_ZNSt12_Vector_baseIiSaIiEE19_M_get_Tp_allocatorEv
FNDA:0,_ZNSt12_Vector_baseIiSaIiEE19_M_get_Tp_allocatorEv
FN:237,_ZNSt12_Vector_baseISt4pairIiiESaIS1_EE19_M_get_Tp_allocatorEv
FNDA:0,_ZNSt12_Vector_baseISt4pairIiiESaIS1_EE19_M_get_Tp_allocatorEv
FN:241,_ZNKSt12_Vector_baseIiSaIiEE19_M_get_Tp_allocatorEv
FNDA:0,_ZNKSt12_Vector_baseIiSaIiEE19_M_get_Tp_allocatorEv
FN:241,_ZNKSt12_Vector_baseISt4pairIiiESaIS1_EE19_M_get_Tp_allocatorEv
FNDA:0,_ZNKSt12_Vector_baseISt4pairIiiESaIS1_EE19_M_get_Tp_allocatorEv
FN:248,_ZNSt12_Vector_baseIiSaIiEEC2Ev
FNDA:0,_ZNSt12_Vector_baseIiSaIiEEC2Ev
FN:248,_ZNSt12_Vector_baseISt4pairIiiESaIS1_EEC2Ev
FNDA:2,_ZNSt12_Vector_baseISt4pairIiiESaIS1_EEC2Ev
FN:251,_ZNSt12_Vector_baseISt4pairIiiESaIS1_EEC2ERKS2_
FNDA:2,_ZNSt12_Vector_baseISt4pairIiiESaIS1_EEC2ERKS2_
FN:251,_ZNSt12_Vector_baseIiSaIiEEC2ERKS0_
FNDA:0,_ZNSt12_Vector_baseIiSaIiEEC2ERKS0_
FN:258,_ZNSt12_Vector_baseISt4pairIiiESaIS1_EEC2EmRKS2_
FNDA:0,_ZNSt12_Vector_baseISt4pairIiiESaIS1_EEC2EmRKS2_
FN:258,_ZNSt12_Vector_baseIiSaIiEEC2EmRKS0_
FNDA:0,_ZNSt12_Vector_baseIiSaIiEEC2EmRKS0_
FN:283,_ZNSt12_Vector_baseISt4pairIiiESaIS1_EED2Ev
FNDA:0,_ZNSt12_Vector_baseISt4pairIiiESaIS1_EED2Ev
FN:283,_ZNSt12_Vector_baseIiSaIiEED2Ev
FNDA:0,_ZNSt12_Vector_baseIiSaIiEED2Ev
FN:293,_ZNSt12_Vector_baseISt4pairIiiESaIS1_EE11_M_allocateEm
FNDA:0,_ZNSt12_Vector_baseISt4pairIiiESaIS1_EE11_M_allocateEm
FN:293,_ZNSt12_Vector_baseIiSaIiEE11_M_allocateEm
FNDA:0,_ZNSt12_Vector_baseIiSaIiEE11_M_allocateEm
FN:300,_ZNSt12_Vector_baseIiSaIiEE13_M_deallocateEPim
FNDA:0,_ZNSt12_Vector_baseIiSaIiEE13_M_deallocateEPim
FN:300,_ZNSt12_Vector_baseISt4pairIiiESaIS1_EE13_M_deallocateEPS1_m
FNDA:0,_ZNSt12_Vector_baseISt4pairIiiESaIS1_EE13_M_deallocateEPS1_m
FN:309,_ZNSt12_Vector_baseIiSaIiEE17_M_create_storageEm
FNDA:0,_ZNSt12_Vector_baseIiSaIiEE17_M_create_storageEm
FN:309,_ZNSt12_Vector_baseISt4pairIiiESaIS1_EE17_M_create_storageEm
FNDA:0,_ZNSt12_Vector_baseISt4pairIiiESaIS1_EE17_M_create_storageEm
FN:391,_ZNSt6vectorIiSaIiEEC2Ev
FNDA:0,_ZNSt6vectorIiSaIiEEC2Ev
FN:391,_ZNSt6vectorISt4pairIiiESaIS1_EEC2Ev
FNDA:2,_ZNSt6vectorISt4pairIiiESaIS1_EEC2Ev
FN:458,_ZNSt6vectorIiSaIiEEC2ERKS1_
FNDA:0,_ZNSt6vectorIiSaIiEEC2ERKS1_
FN:458,_ZNSt6vectorISt4pairIiiESaIS1_EEC2ERKS3_
FNDA:0,_ZNSt6vectorISt4pairIiiESaIS1_EEC2ERKS3_
FN:515,_ZNSt6vectorIiSaIiEEC2ESt16initializer_listIiERKS0_
FNDA:0,_ZNSt6vectorIiSaIiEEC2ESt16initializer_listIiERKS0_
FN:515,_ZNSt6vectorISt4pairIiiESaIS1_EEC2ESt16initializer_listIS1_ERKS2_
FNDA:2,_ZNSt6vectorISt4pairIiiESaIS1_EEC2ESt16initializer_listIS1_ERKS2_
FN:565,_ZNSt6vectorIiSaIiEED2Ev
FNDA:0,_ZNSt6vectorIiSaIiEED2Ev
FN:565,_ZNSt6vectorISt4pairIiiESaIS1_EED2Ev
FNDA:0,_ZNSt6vectorISt4pairIiiESaIS1_EED2Ev
FN:707,_ZNKSt6vectorIiSaIiEE5beginEv
FNDA:0,_ZNKSt6vectorIiSaIiEE5beginEv
FN:707,_ZNKSt6vectorISt4pairIiiESaIS1_EE5beginEv
FNDA:0,_ZNKSt6vectorISt4pairIiiESaIS1_EE5beginEv
FN:725,_ZNKSt6vectorISt4pairIiiESaIS1_EE3endEv
FNDA:0,_ZNKSt6vectorISt4pairIiiESaIS1_EE3endEv
FN:725,_ZNKSt6vectorIiSaIiEE3endEv
FNDA:0,_ZNKSt6vectorIiSaIiEE3endEv
FN:805,_ZNKSt6vectorIiSaIiEE4sizeEv
FNDA:0,_ZNKSt6vectorIiSaIiEE4sizeEv
FN:805,_ZNKSt6vectorISt4pairIiiESaIS1_EE4sizeEv
FNDA:0,_ZNKSt6vectorISt4pairIiiESaIS1_EE4sizeEv
FN:1462,_ZNSt6vectorIiSaIiEE19_M_range_initializeIPKiEEvT_S5_St20forward_iterator_tag
FNDA:0,_ZNSt6vectorIiSaIiEE19_M_range_initializeIPKiEEvT_S5_St20forward_iterator_tag
FN:1462,_ZNSt6vectorISt4pairIiiESaIS1_EE19_M_range_initializeIPKS1_EEvT_S7_St20forward_iterator_tag
FNDA:2,_ZNSt6vectorISt4pairIiiESaIS1_EE19_M_range_initializeIPKS1_EEvT_S7_St20forward_iterator_tag
DA:95,2
DA:96,2
DA:97,2
DA:95,0
DA:96,0
DA:97,0
DA:99,0
DA:100,0
DA:101,0
DA:99,0
DA:100,0
DA:101,0
DA:237,0
DA:238,0
DA:237,0
DA:238,0
DA:241,0
DA:242,0
DA:241,0
DA:242,0
DA:248,0
DA:249,0
DA:248,2
DA:249,2
DA:251,2
DA:252,2
DA:251,0
DA:252,0
DA:258,0
DA:259,0
DA:260,0
DA:258,0
DA:259,0
DA:260,0
DA:283,0
DA:285,0
DA:286,0
DA:287,0
DA:283,0
DA:285,0
DA:286,0
DA:287,0
DA:293,0
DA:296,0
DA:293,0
DA:296,0
DA:300,0
DA:303,0
DA:304,0
DA:305,0
DA:300,0
DA:303,0
DA:304,0
DA:305,0
DA:309,0
DA:311,0
DA:312,0
DA:313,0
DA:314,0
DA:309,0
DA:311,0
DA:312,0
DA:313,0
DA:314,0
DA:391,0
DA:395,0
DA:391,2
DA:395,2
DA:458,0
DA:460,0
DA:462,0
DA:463,0
DA:465,0
DA:466,0
DA:458,0
DA:460,0
DA:462,0
DA:463,0
DA:465,0
DA:466,0
DA:515,0
DA:517,0
DA:519,0
DA:521,0
DA:515,2
DA:517,2
DA:519,2
DA:521,2
DA:565,0
DA:567,0
DA:568,0
DA:570,0
DA:565,0
DA:567,0
DA:568,0
DA:570,0
DA:707,0
DA:708,0
DA:707,0
DA:708,0
DA:725,0
DA:726,0
DA:725,0
DA:726,0
DA:805,0
DA:806,0
DA:805,0
DA:806,0
DA:1462,0
DA:1465,0
DA:1466,0
DA:1467,0
DA:1468,0
DA:1469,0
DA:1471,0
DA:1472,0
DA:1462,2
DA:1465,2
DA:1466,2
DA:1467,2
DA:1468,2
DA:1469,2
DA:1471,2
DA:1472,2
end_of_record
SF:/usr/include/c++/8/ext/new_allocator.h
FN:79,_ZN9__gnu_cxx13new_allocatorISt4pairIiiEEC2Ev
FNDA:4,_ZN9__gnu_cxx13new_allocatorISt4pairIiiEEC2Ev
FN:79,_ZN9__gnu_cxx13new_allocatorIiEC2Ev
FNDA:0,_ZN9__gnu_cxx13new_allocatorIiEC2Ev
FN:79,_ZN9__gnu_cxx13new_allocatorIcEC2Ev
FNDA:0,_ZN9__gnu_cxx13new_allocatorIcEC2Ev
FN:81,_ZN9__gnu_cxx13new_allocatorISt4pairIiiEEC2ERKS3_
FNDA:0,_ZN9__gnu_cxx13new_allocatorISt4pairIiiEEC2ERKS3_
FN:81,_ZN9__gnu_cxx13new_allocatorIiEC2ERKS1_
FNDA:0,_ZN9__gnu_cxx13new_allocatorIiEC2ERKS1_
FN:81,_ZN9__gnu_cxx13new_allocatorIcEC2ERKS1_
FNDA:0,_ZN9__gnu_cxx13new_allocatorIcEC2ERKS1_
FN:86,_ZN9__gnu_cxx13new_allocatorISt4pairIiiEED2Ev
FNDA:0,_ZN9__gnu_cxx13new_allocatorISt4pairIiiEED2Ev
FN:86,_ZN9__gnu_cxx13new_allocatorIiED2Ev
FNDA:0,_ZN9__gnu_cxx13new_allocatorIiED2Ev
FN:86,_ZN9__gnu_cxx13new_allocatorIcED2Ev
FNDA:0,_ZN9__gnu_cxx13new_allocatorIcED2Ev
FN:99,_ZN9__gnu_cxx13new_allocatorISt4pairIiiEE8allocateEmPKv
FNDA:0,_ZN9__gnu_cxx13new_allocatorISt4pairIiiEE8allocateEmPKv
FN:99,_ZN9__gnu_cxx13new_allocatorIiE8allocateEmPKv
FNDA:0,_ZN9__gnu_cxx13new_allocatorIiE8allocateEmPKv
FN:116,_ZN9__gnu_cxx13new_allocatorISt4pairIiiEE10deallocateEPS2_m
FNDA:0,_ZN9__gnu_cxx13new_allocatorISt4pairIiiEE10deallocateEPS2_m
FN:116,_ZN9__gnu_cxx13new_allocatorIiE10deallocateEPim
FNDA:0,_ZN9__gnu_cxx13new_allocatorIiE10deallocateEPim
FN:129,_ZNK9__gnu_cxx13new_allocatorISt4pairIiiEE8max_sizeEv
FNDA:0,_ZNK9__gnu_cxx13new_allocatorISt4pairIiiEE8max_sizeEv
FN:129,_ZNK9__gnu_cxx13new_allocatorIiE8max_sizeEv
FNDA:0,_ZNK9__gnu_cxx13new_allocatorIiE8max_sizeEv
DA:79,4
DA:79,0
DA:79,0
DA:81,0
DA:81,0
DA:81,0
DA:86,0
DA:86,0
DA:86,0
DA:99,0
DA:101,0
DA:102,0
DA:111,0
DA:99,0
DA:101,0
DA:102,0
DA:111,0
DA:116,0
DA:125,0
DA:126,0
DA:116,0
DA:125,0
DA:126,0
DA:129,0
DA:130,0
DA:129,0
DA:130,0
end_of_record
SF:/usr/include/c++/8/bits/allocator.h
FN:131,_ZNSaISt4pairIiiEEC2Ev
FNDA:4,_ZNSaISt4pairIiiEEC2Ev
FN:131,_ZNSaIiEC2Ev
FNDA:0,_ZNSaIiEC2Ev
FN:133,_ZNSaISt4pairIiiEEC2ERKS1_
FNDA:0,_ZNSaISt4pairIiiEEC2ERKS1_
FN:133,_ZNSaIiEC2ERKS_
FNDA:0,_ZNSaIiEC2ERKS_
FN:139,_ZNSaISt4pairIiiEED2Ev
FNDA:0,_ZNSaISt4pairIiiEED2Ev
FN:139,_ZNSaIiED2Ev
FNDA:0,_ZNSaIiED2Ev
DA:131,4
DA:131,0
DA:133,0
DA:134,0
DA:133,0
DA:134,0
DA:139,0
DA:139,0
end_of_record
SF:/usr/include/c++/8/new
FN:168,_ZnwmPv
FNDA:0,_ZnwmPv
DA:168,0
DA:169,0
end_of_record
SF:/home/martin/TPI/MIR/lib/googletest-master/googletest/include/gtest/internal/gtest-internal.h
FN:466,_ZN7testing8internal15TestFactoryBaseD0Ev
FNDA:0,_ZN7testing8internal15TestFactoryBaseD0Ev
FN:466,_ZN7testing8internal15TestFactoryBaseD2Ev
FNDA:0,_ZN7testing8internal15TestFactoryBaseD2Ev
FN:473,_ZN7testing8internal15TestFactoryBaseC2Ev
FNDA:0,_ZN7testing8internal15TestFactoryBaseC2Ev
FN:484,_ZN7testing8internal15TestFactoryImplI31maximosTemporalesTEST_test_TestE10CreateTestEv
FNDA:1,_ZN7testing8internal15TestFactoryImplI31maximosTemporalesTEST_test_TestE10CreateTestEv
FN:484,_ZN7testing8internal15TestFactoryImplI49maximosTemporalesTEST_unIntervaloSeVaDeRango_TestE10CreateTestEv
FNDA:1,_ZN7testing8internal15TestFactoryImplI49maximosTemporalesTEST_unIntervaloSeVaDeRango_TestE10CreateTestEv
FN:505,_ZN7testing8internal12CodeLocationC2ERKNSt7__cxx1112basic_stringIcSt11char_traitsIcESaIcEEEi
FNDA:0,_ZN7testing8internal12CodeLocationC2ERKNSt7__cxx1112basic_stringIcSt11char_traitsIcESaIcEEEi
DA:466,0
DA:466,0
DA:473,0
DA:484,1
DA:484,1
DA:505,0
DA:506,0
end_of_record
SF:/home/martin/TPI/MIR/lib/googletest-master/googletest/include/gtest/gtest.h
FN:389,_ZN7testing4Test13SetUpTestCaseEv
FNDA:0,_ZN7testing4Test13SetUpTestCaseEv
FN:397,_ZN7testing4Test16TearDownTestCaseEv
FNDA:0,_ZN7testing4Test16TearDownTestCaseEv
FN:474,_ZN7testing4Test5SetupEv
FNDA:0,_ZN7testing4Test5SetupEv
DA:389,0
DA:397,0
DA:474,0
end_of_record
SF:/usr/include/c++/8/bits/stl_algobase.h
FN:277,_ZSt12__niter_baseIPKiET_S2_
FNDA:0,_ZSt12__niter_baseIPKiET_S2_
FN:277,_ZSt12__niter_baseIPiET_S1_
FNDA:0,_ZSt12__niter_baseIPiET_S1_
FN:357,_ZNSt11__copy_moveILb0ELb1ESt26random_access_iterator_tagE8__copy_mIiEEPT_PKS3_S6_S4_
FNDA:0,_ZNSt11__copy_moveILb0ELb1ESt26random_access_iterator_tagE8__copy_mIiEEPT_PKS3_S6_S4_
FN:375,_ZSt13__copy_move_aILb0EPKiPiET1_T0_S4_S3_
FNDA:0,_ZSt13__copy_move_aILb0EPKiPiET1_T0_S4_S3_
FN:420,_ZSt14__copy_move_a2ILb0EPKiPiET1_T0_S4_S3_
FNDA:0,_ZSt14__copy_move_a2ILb0EPKiPiET1_T0_S4_S3_
FN:420,_ZSt14__copy_move_a2ILb0EN9__gnu_cxx17__normal_iteratorIPKiSt6vectorIiSaIiEEEEPiET1_T0_SA_S9_
FNDA:0,_ZSt14__copy_move_a2ILb0EN9__gnu_cxx17__normal_iteratorIPKiSt6vectorIiSaIiEEEEPiET1_T0_SA_S9_
FN:446,_ZSt4copyIPKiPiET0_T_S4_S3_
FNDA:0,_ZSt4copyIPKiPiET0_T_S4_S3_
FN:446,_ZSt4copyIN9__gnu_cxx17__normal_iteratorIPKiSt6vectorIiSaIiEEEEPiET0_T_SA_S9_
FNDA:0,_ZSt4copyIN9__gnu_cxx17__normal_iteratorIPKiSt6vectorIiSaIiEEEEPiET0_T_SA_S9_
DA:277,0
DA:278,0
DA:277,0
DA:278,0
DA:357,0
DA:366,0
DA:367,0
DA:368,0
DA:369,0
DA:375,0
DA:380,0
DA:386,0
DA:420,0
DA:422,0
DA:424,0
DA:420,0
DA:422,0
DA:424,0
DA:446,0
DA:455,0
DA:456,0
DA:446,0
DA:455,0
DA:456,0
end_of_record
SF:/usr/include/c++/8/bits/basic_string.h
FN:232,_ZNSt7__cxx1112basic_stringIcSt11char_traitsIcESaIcEE16_M_construct_auxIPcEEvT_S7_St12__false_type
FNDA:0,_ZNSt7__cxx1112basic_stringIcSt11char_traitsIcESaIcEE16_M_construct_auxIPcEEvT_S7_St12__false_type
FN:232,_ZNSt7__cxx1112basic_stringIcSt11char_traitsIcESaIcEE16_M_construct_auxIPKcEEvT_S8_St12__false_type
FNDA:0,_ZNSt7__cxx1112basic_stringIcSt11char_traitsIcESaIcEE16_M_construct_auxIPKcEEvT_S8_St12__false_type
FN:252,_ZNSt7__cxx1112basic_stringIcSt11char_traitsIcESaIcEE12_M_constructIPcEEvT_S7_
FNDA:0,_ZNSt7__cxx1112basic_stringIcSt11char_traitsIcESaIcEE12_M_constructIPcEEvT_S7_
FN:252,_ZNSt7__cxx1112basic_stringIcSt11char_traitsIcESaIcEE12_M_constructIPKcEEvT_S8_
FNDA:0,_ZNSt7__cxx1112basic_stringIcSt11char_traitsIcESaIcEE12_M_constructIPKcEEvT_S8_
DA:232,0
DA:236,0
DA:237,0
DA:232,0
DA:236,0
DA:237,0
DA:252,0
DA:255,0
DA:256,0
DA:252,0
DA:255,0
DA:256,0
end_of_record
SF:/usr/include/c++/8/bits/cpp_type_traits.h
FN:419,_ZSt12__miter_baseIPKiET_S2_
FNDA:0,_ZSt12__miter_baseIPKiET_S2_
FN:419,_ZSt12__miter_baseIN9__gnu_cxx17__normal_iteratorIPKiSt6vectorIiSaIiEEEEET_S8_
FNDA:0,_ZSt12__miter_baseIN9__gnu_cxx17__normal_iteratorIPKiSt6vectorIiSaIiEEEEET_S8_
DA:419,0
DA:420,0
DA:419,0
DA:420,0
end_of_record
SF:/usr/include/c++/8/ext/alloc_traits.h
FN:94,_ZN9__gnu_cxx14__alloc_traitsISaISt4pairIiiEES2_E17_S_select_on_copyERKS3_
FNDA:0,_ZN9__gnu_cxx14__alloc_traitsISaISt4pairIiiEES2_E17_S_select_on_copyERKS3_
FN:94,_ZN9__gnu_cxx14__alloc_traitsISaIiEiE17_S_select_on_copyERKS1_
FNDA:0,_ZN9__gnu_cxx14__alloc_traitsISaIiEiE17_S_select_on_copyERKS1_
FN:94,_ZN9__gnu_cxx14__alloc_traitsISaIcEcE17_S_select_on_copyERKS1_
FNDA:0,_ZN9__gnu_cxx14__alloc_traitsISaIcEcE17_S_select_on_copyERKS1_
DA:94,0
DA:95,0
DA:94,0
DA:95,0
DA:94,0
DA:95,0
end_of_record
SF:/usr/include/c++/8/initializer_list
FN:71,_ZNKSt16initializer_listISt4pairIiiEE4sizeEv
FNDA:2,_ZNKSt16initializer_listISt4pairIiiEE4sizeEv
FN:71,_ZNKSt16initializer_listIiE4sizeEv
FNDA:0,_ZNKSt16initializer_listIiE4sizeEv
FN:75,_ZNKSt16initializer_listISt4pairIiiEE5beginEv
FNDA:4,_ZNKSt16initializer_listISt4pairIiiEE5beginEv
FN:75,_ZNKSt16initializer_listIiE5beginEv
FNDA:0,_ZNKSt16initializer_listIiE5beginEv
FN:79,_ZNKSt16initializer_listISt4pairIiiEE3endEv
FNDA:2,_ZNKSt16initializer_listISt4pairIiiEE3endEv
FN:79,_ZNKSt16initializer_listIiE3endEv
FNDA:0,_ZNKSt16initializer_listIiE3endEv
DA:71,2
DA:71,0
DA:75,4
DA:75,0
DA:79,2
DA:79,0
end_of_record
SF:/usr/include/c++/8/bits/stl_iterator.h
FN:783,_ZN9__gnu_cxx17__normal_iteratorIPKSt4pairIiiESt6vectorIS2_SaIS2_EEEC2ERKS4_
FNDA:0,_ZN9__gnu_cxx17__normal_iteratorIPKSt4pairIiiESt6vectorIS2_SaIS2_EEEC2ERKS4_
FN:783,_ZN9__gnu_cxx17__normal_iteratorIPKiSt6vectorIiSaIiEEEC2ERKS2_
FNDA:0,_ZN9__gnu_cxx17__normal_iteratorIPKiSt6vectorIiSaIiEEEC2ERKS2_
FN:796,_ZNK9__gnu_cxx17__normal_iteratorIPKSt4pairIiiESt6vectorIS2_SaIS2_EEEdeEv
FNDA:0,_ZNK9__gnu_cxx17__normal_iteratorIPKSt4pairIiiESt6vectorIS2_SaIS2_EEEdeEv
FN:804,_ZN9__gnu_cxx17__normal_iteratorIPKSt4pairIiiESt6vectorIS2_SaIS2_EEEppEv
FNDA:0,_ZN9__gnu_cxx17__normal_iteratorIPKSt4pairIiiESt6vectorIS2_SaIS2_EEEppEv
FN:848,_ZNK9__gnu_cxx17__normal_iteratorIPKiSt6vectorIiSaIiEEE4baseEv
FNDA:0,_ZNK9__gnu_cxx17__normal_iteratorIPKiSt6vectorIiSaIiEEE4baseEv
FN:848,_ZNK9__gnu_cxx17__normal_iteratorIPKSt4pairIiiESt6vectorIS2_SaIS2_EEE4baseEv
FNDA:0,_ZNK9__gnu_cxx17__normal_iteratorIPKSt4pairIiiESt6vectorIS2_SaIS2_EEE4baseEv
FN:884,_ZN9__gnu_cxxneIPKSt4pairIiiESt6vectorIS2_SaIS2_EEEEbRKNS_17__normal_iteratorIT_T0_EESD_
FNDA:0,_ZN9__gnu_cxxneIPKSt4pairIiiESt6vectorIS2_SaIS2_EEEEbRKNS_17__normal_iteratorIT_T0_EESD_
FN:987,_ZSt12__niter_baseIPKiSt6vectorIiSaIiEEET_N9__gnu_cxx17__normal_iteratorIS5_T0_EE
FNDA:0,_ZSt12__niter_baseIPKiSt6vectorIiSaIiEEET_N9__gnu_cxx17__normal_iteratorIS5_T0_EE
DA:783,0
DA:784,0
DA:783,0
DA:784,0
DA:796,0
DA:797,0
DA:804,0
DA:806,0
DA:807,0
DA:848,0
DA:849,0
DA:848,0
DA:849,0
DA:884,0
DA:887,0
DA:987,0
DA:988,0
end_of_record
SF:/home/martin/TPI/MIR/tests/maximosTemporales.cpp
FN:7,_ZN31maximosTemporalesTEST_test_Test8TestBodyEv
FNDA:1,_ZN31maximosTemporalesTEST_test_Test8TestBodyEv
FN:7,_ZN31maximosTemporalesTEST_test_TestC2Ev
FNDA:1,_ZN31maximosTemporalesTEST_test_TestC2Ev
FN:21,_ZN49maximosTemporalesTEST_unIntervaloSeVaDeRango_Test8TestBodyEv
FNDA:1,_ZN49maximosTemporalesTEST_unIntervaloSeVaDeRango_Test8TestBodyEv
FN:21,_ZN49maximosTemporalesTEST_unIntervaloSeVaDeRango_TestC2Ev
FNDA:1,_ZN49maximosTemporalesTEST_unIntervaloSeVaDeRango_TestC2Ev
DA:7,1
DA:8,2
DA:9,2
DA:10,2
DA:11,2
DA:12,1
DA:13,1
DA:14,2
DA:15,1
DA:16,1
DA:17,1
DA:18,1
DA:7,1
DA:21,1
DA:22,2
DA:23,1
DA:24,2
DA:25,2
DA:26,2
DA:27,2
DA:28,1
DA:30,1
DA:32,1
DA:33,1
DA:34,1
DA:21,1
end_of_record
SF:/usr/include/c++/8/bits/char_traits.h
FN:316,_ZNSt11char_traitsIcE6lengthEPKc
FNDA:0,_ZNSt11char_traitsIcE6lengthEPKc
DA:316,0
DA:322,0
end_of_record
SF:/usr/include/c++/8/bits/stl_iterator_base_funcs.h
FN:98,_ZSt10__distanceIPcENSt15iterator_traitsIT_E15difference_typeES2_S2_St26random_access_iterator_tag
FNDA:0,_ZSt10__distanceIPcENSt15iterator_traitsIT_E15difference_typeES2_S2_St26random_access_iterator_tag
FN:98,_ZSt10__distanceIPKcENSt15iterator_traitsIT_E15difference_typeES3_S3_St26random_access_iterator_tag
FNDA:0,_ZSt10__distanceIPKcENSt15iterator_traitsIT_E15difference_typeES3_S3_St26random_access_iterator_tag
FN:98,_ZSt10__distanceIPKSt4pairIiiEENSt15iterator_traitsIT_E15difference_typeES5_S5_St26random_access_iterator_tag
FNDA:2,_ZSt10__distanceIPKSt4pairIiiEENSt15iterator_traitsIT_E15difference_typeES5_S5_St26random_access_iterator_tag
FN:98,_ZSt10__distanceIPKiENSt15iterator_traitsIT_E15difference_typeES3_S3_St26random_access_iterator_tag
FNDA:0,_ZSt10__distanceIPKiENSt15iterator_traitsIT_E15difference_typeES3_S3_St26random_access_iterator_tag
FN:138,_ZSt8distanceIPcENSt15iterator_traitsIT_E15difference_typeES2_S2_
FNDA:0,_ZSt8distanceIPcENSt15iterator_traitsIT_E15difference_typeES2_S2_
FN:138,_ZSt8distanceIPKcENSt15iterator_traitsIT_E15difference_typeES3_S3_
FNDA:0,_ZSt8distanceIPKcENSt15iterator_traitsIT_E15difference_typeES3_S3_
FN:138,_ZSt8distanceIPKSt4pairIiiEENSt15iterator_traitsIT_E15difference_typeES5_S5_
FNDA:2,_ZSt8distanceIPKSt4pairIiiEENSt15iterator_traitsIT_E15difference_typeES5_S5_
FN:138,_ZSt8distanceIPKiENSt15iterator_traitsIT_E15difference_typeES3_S3_
FNDA:0,_ZSt8distanceIPKiENSt15iterator_traitsIT_E15difference_typeES3_S3_
DA:98,0
DA:104,0
DA:98,0
DA:104,0
DA:98,2
DA:104,2
DA:98,0
DA:104,0
DA:138,0
DA:141,0
DA:142,0
DA:138,0
DA:141,0
DA:142,0
DA:138,2
DA:141,2
DA:142,4
DA:138,0
DA:141,0
DA:142,0
end_of_record
SF:/usr/include/c++/8/bits/stl_construct.h
FN:74,_ZSt10_ConstructISt4pairIiiEJRKS1_EEvPT_DpOT0_
FNDA:0,_ZSt10_ConstructISt4pairIiiEJRKS1_EEvPT_DpOT0_
FN:117,_ZNSt12_Destroy_auxILb1EE9__destroyIPSt4pairIiiEEEvT_S5_
FNDA:0,_ZNSt12_Destroy_auxILb1EE9__destroyIPSt4pairIiiEEEvT_S5_
FN:117,_ZNSt12_Destroy_auxILb1EE9__destroyIPiEEvT_S3_
FNDA:0,_ZNSt12_Destroy_auxILb1EE9__destroyIPiEEvT_S3_
FN:127,_ZSt8_DestroyIPSt4pairIiiEEvT_S3_
FNDA:0,_ZSt8_DestroyIPSt4pairIiiEEvT_S3_
FN:127,_ZSt8_DestroyIPiEvT_S1_
FNDA:0,_ZSt8_DestroyIPiEvT_S1_
FN:203,_ZSt8_DestroyIPSt4pairIiiES1_EvT_S3_RSaIT0_E
FNDA:0,_ZSt8_DestroyIPSt4pairIiiES1_EvT_S3_RSaIT0_E
FN:203,_ZSt8_DestroyIPiiEvT_S1_RSaIT0_E
FNDA:0,_ZSt8_DestroyIPiiEvT_S1_RSaIT0_E
DA:74,0
DA:75,0
DA:117,0
DA:117,0
DA:127,0
DA:137,0
DA:138,0
DA:127,0
DA:137,0
DA:138,0
DA:203,0
DA:206,0
DA:207,0
DA:203,0
DA:206,0
DA:207,0
end_of_record
SF:/usr/include/c++/8/iostream
end_of_record
SF:/usr/include/c++/8/bits/basic_string.tcc
FN:206,_ZNSt7__cxx1112basic_stringIcSt11char_traitsIcESaIcEE12_M_constructIPcEEvT_S7_St20forward_iterator_tag
FNDA:0,_ZNSt7__cxx1112basic_stringIcSt11char_traitsIcESaIcEE12_M_constructIPcEEvT_S7_St20forward_iterator_tag
FN:206,_ZNSt7__cxx1112basic_stringIcSt11char_traitsIcESaIcEE12_M_constructIPKcEEvT_S8_St20forward_iterator_tag
FNDA:0,_ZNSt7__cxx1112basic_stringIcSt11char_traitsIcESaIcEE12_M_constructIPKcEEvT_S8_St20forward_iterator_tag
DA:206,0
DA:211,0
DA:212,0
DA:215,0
DA:217,0
DA:219,0
DA:220,0
DA:225,0
DA:226,0
DA:228,0
DA:229,0
DA:232,0
DA:233,0
DA:206,0
DA:211,0
DA:212,0
DA:215,0
DA:217,0
DA:219,0
DA:220,0
DA:225,0
DA:226,0
DA:228,0
DA:229,0
DA:232,0
DA:233,0
end_of_record
SF:/usr/include/c++/8/ext/type_traits.h
FN:152,_ZN9__gnu_cxx17__is_null_pointerIcEEbPT_
FNDA:0,_ZN9__gnu_cxx17__is_null_pointerIcEEbPT_
FN:152,_ZN9__gnu_cxx17__is_null_pointerIKcEEbPT_
FNDA:0,_ZN9__gnu_cxx17__is_null_pointerIKcEEbPT_
DA:152,0
DA:153,0
DA:152,0
DA:153,0
end_of_record
SF:/usr/include/c++/8/bits/move.h
FN:47,_ZSt11__addressofISt4pairIiiEEPT_RS2_
FNDA:0,_ZSt11__addressofISt4pairIiiEEPT_RS2_
FN:74,_ZSt7forwardIRKSt4pairIiiEEOT_RNSt16remove_referenceIS4_E4typeE
FNDA:0,_ZSt7forwardIRKSt4pairIiiEEOT_RNSt16remove_referenceIS4_E4typeE
FN:99,_ZSt4moveIRSaIcEEONSt16remove_referenceIT_E4typeEOS3_
FNDA:0,_ZSt4moveIRSaIcEEONSt16remove_referenceIT_E4typeEOS3_
DA:47,0
DA:48,0
DA:74,0
DA:75,0
DA:99,0
DA:100,0
end_of_record
SF:/usr/include/c++/8/bits/stl_iterator_base_types.h
FN:205,_ZSt19__iterator_categoryIPcENSt15iterator_traitsIT_E17iterator_categoryERKS2_
FNDA:0,_ZSt19__iterator_categoryIPcENSt15iterator_traitsIT_E17iterator_categoryERKS2_
FN:205,_ZSt19__iterator_categoryIPKcENSt15iterator_traitsIT_E17iterator_categoryERKS3_
FNDA:0,_ZSt19__iterator_categoryIPKcENSt15iterator_traitsIT_E17iterator_categoryERKS3_
FN:205,_ZSt19__iterator_categoryIPKSt4pairIiiEENSt15iterator_traitsIT_E17iterator_categoryERKS5_
FNDA:2,_ZSt19__iterator_categoryIPKSt4pairIiiEENSt15iterator_traitsIT_E17iterator_categoryERKS5_
FN:205,_ZSt19__iterator_categoryIPKiENSt15iterator_traitsIT_E17iterator_categoryERKS3_
FNDA:0,_ZSt19__iterator_categoryIPKiENSt15iterator_traitsIT_E17iterator_categoryERKS3_
DA:205,0
DA:206,0
DA:205,0
DA:206,0
DA:205,2
DA:206,2
DA:205,0
DA:206,0
end_of_record
TN:
SF:/usr/include/c++/8/bits/basic_string.h
FN:232,_ZNSt7__cxx1112basic_stringIcSt11char_traitsIcESaIcEE16_M_construct_auxIPcEEvT_S7_St12__false_type
FNDA:0,_ZNSt7__cxx1112basic_stringIcSt11char_traitsIcESaIcEE16_M_construct_auxIPcEEvT_S7_St12__false_type
FN:232,_ZNSt7__cxx1112basic_stringIcSt11char_traitsIcESaIcEE16_M_construct_auxIPKcEEvT_S8_St12__false_type
FNDA:0,_ZNSt7__cxx1112basic_stringIcSt11char_traitsIcESaIcEE16_M_construct_auxIPKcEEvT_S8_St12__false_type
FN:252,_ZNSt7__cxx1112basic_stringIcSt11char_traitsIcESaIcEE12_M_constructIPcEEvT_S7_
FNDA:0,_ZNSt7__cxx1112basic_stringIcSt11char_traitsIcESaIcEE12_M_constructIPcEEvT_S7_
FN:252,_ZNSt7__cxx1112basic_stringIcSt11char_traitsIcESaIcEE12_M_constructIPKcEEvT_S8_
FNDA:0,_ZNSt7__cxx1112basic_stringIcSt11char_traitsIcESaIcEE12_M_constructIPKcEEvT_S8_
DA:232,0
DA:236,0
DA:237,0
DA:232,0
DA:236,0
DA:237,0
DA:252,0
DA:255,0
DA:256,0
DA:252,0
DA:255,0
DA:256,0
end_of_record
SF:/usr/include/c++/8/bits/cpp_type_traits.h
FN:419,_ZSt12__miter_baseIPKiET_S2_
FNDA:0,_ZSt12__miter_baseIPKiET_S2_
FN:419,_ZSt12__miter_baseIN9__gnu_cxx17__normal_iteratorIPKiSt6vectorIiSaIiEEEEET_S8_
FNDA:0,_ZSt12__miter_baseIN9__gnu_cxx17__normal_iteratorIPKiSt6vectorIiSaIiEEEEET_S8_
DA:419,0
DA:420,0
DA:419,0
DA:420,0
end_of_record
SF:/usr/include/c++/8/ext/alloc_traits.h
FN:94,_ZN9__gnu_cxx14__alloc_traitsISaIiEiE17_S_select_on_copyERKS1_
FNDA:0,_ZN9__gnu_cxx14__alloc_traitsISaIiEiE17_S_select_on_copyERKS1_
FN:94,_ZN9__gnu_cxx14__alloc_traitsISaIcEcE17_S_select_on_copyERKS1_
FNDA:0,_ZN9__gnu_cxx14__alloc_traitsISaIcEcE17_S_select_on_copyERKS1_
DA:94,0
DA:95,0
DA:94,0
DA:95,0
end_of_record
SF:/usr/include/c++/8/initializer_list
FN:71,_ZNKSt16initializer_listIiE4sizeEv
FNDA:0,_ZNKSt16initializer_listIiE4sizeEv
FN:75,_ZNKSt16initializer_listIiE5beginEv
FNDA:0,_ZNKSt16initializer_listIiE5beginEv
FN:79,_ZNKSt16initializer_listIiE3endEv
FNDA:0,_ZNKSt16initializer_listIiE3endEv
DA:71,0
DA:75,0
DA:79,0
end_of_record
SF:/usr/include/c++/8/bits/stl_iterator.h
FN:783,_ZN9__gnu_cxx17__normal_iteratorIPKiSt6vectorIiSaIiEEEC2ERKS2_
FNDA:0,_ZN9__gnu_cxx17__normal_iteratorIPKiSt6vectorIiSaIiEEEC2ERKS2_
FN:848,_ZNK9__gnu_cxx17__normal_iteratorIPKiSt6vectorIiSaIiEEE4baseEv
FNDA:0,_ZNK9__gnu_cxx17__normal_iteratorIPKiSt6vectorIiSaIiEEE4baseEv
FN:987,_ZSt12__niter_baseIPKiSt6vectorIiSaIiEEET_N9__gnu_cxx17__normal_iteratorIS5_T0_EE
FNDA:0,_ZSt12__niter_baseIPKiSt6vectorIiSaIiEEET_N9__gnu_cxx17__normal_iteratorIS5_T0_EE
DA:783,0
DA:784,0
DA:848,0
DA:849,0
DA:987,0
DA:988,0
end_of_record
SF:/usr/include/c++/8/bits/char_traits.h
FN:316,_ZNSt11char_traitsIcE6lengthEPKc
FNDA:0,_ZNSt11char_traitsIcE6lengthEPKc
DA:316,0
DA:322,0
end_of_record
SF:/usr/include/c++/8/bits/stl_iterator_base_funcs.h
FN:98,_ZSt10__distanceIPcENSt15iterator_traitsIT_E15difference_typeES2_S2_St26random_access_iterator_tag
FNDA:0,_ZSt10__distanceIPcENSt15iterator_traitsIT_E15difference_typeES2_S2_St26random_access_iterator_tag
FN:98,_ZSt10__distanceIPKcENSt15iterator_traitsIT_E15difference_typeES3_S3_St26random_access_iterator_tag
FNDA:0,_ZSt10__distanceIPKcENSt15iterator_traitsIT_E15difference_typeES3_S3_St26random_access_iterator_tag
FN:98,_ZSt10__distanceIPKiENSt15iterator_traitsIT_E15difference_typeES3_S3_St26random_access_iterator_tag
FNDA:0,_ZSt10__distanceIPKiENSt15iterator_traitsIT_E15difference_typeES3_S3_St26random_access_iterator_tag
FN:138,_ZSt8distanceIPcENSt15iterator_traitsIT_E15difference_typeES2_S2_
FNDA:0,_ZSt8distanceIPcENSt15iterator_traitsIT_E15difference_typeES2_S2_
FN:138,_ZSt8distanceIPKcENSt15iterator_traitsIT_E15difference_typeES3_S3_
FNDA:0,_ZSt8distanceIPKcENSt15iterator_traitsIT_E15difference_typeES3_S3_
FN:138,_ZSt8distanceIPKiENSt15iterator_traitsIT_E15difference_typeES3_S3_
FNDA:0,_ZSt8distanceIPKiENSt15iterator_traitsIT_E15difference_typeES3_S3_
DA:98,0
DA:104,0
DA:98,0
DA:104,0
DA:98,0
DA:104,0
DA:138,0
DA:141,0
DA:142,0
DA:138,0
DA:141,0
DA:142,0
DA:138,0
DA:141,0
DA:142,0
end_of_record
SF:/usr/include/c++/8/iostream
end_of_record
SF:/usr/include/c++/8/bits/stl_construct.h
FN:117,_ZNSt12_Destroy_auxILb1EE9__destroyIPiEEvT_S3_
FNDA:0,_ZNSt12_Destroy_auxILb1EE9__destroyIPiEEvT_S3_
FN:127,_ZSt8_DestroyIPiEvT_S1_
FNDA:0,_ZSt8_DestroyIPiEvT_S1_
FN:203,_ZSt8_DestroyIPiiEvT_S1_RSaIT0_E
FNDA:0,_ZSt8_DestroyIPiiEvT_S1_RSaIT0_E
DA:117,0
DA:127,0
DA:137,0
DA:138,0
DA:203,0
DA:206,0
DA:207,0
end_of_record
SF:/usr/include/c++/8/bits/basic_string.tcc
FN:206,_ZNSt7__cxx1112basic_stringIcSt11char_traitsIcESaIcEE12_M_constructIPcEEvT_S7_St20forward_iterator_tag
FNDA:0,_ZNSt7__cxx1112basic_stringIcSt11char_traitsIcESaIcEE12_M_constructIPcEEvT_S7_St20forward_iterator_tag
FN:206,_ZNSt7__cxx1112basic_stringIcSt11char_traitsIcESaIcEE12_M_constructIPKcEEvT_S8_St20forward_iterator_tag
FNDA:0,_ZNSt7__cxx1112basic_stringIcSt11char_traitsIcESaIcEE12_M_constructIPKcEEvT_S8_St20forward_iterator_tag
DA:206,0
DA:211,0
DA:212,0
DA:215,0
DA:217,0
DA:219,0
DA:220,0
DA:225,0
DA:226,0
DA:228,0
DA:229,0
DA:232,0
DA:233,0
DA:206,0
DA:211,0
DA:212,0
DA:215,0
DA:217,0
DA:219,0
DA:220,0
DA:225,0
DA:226,0
DA:228,0
DA:229,0
DA:232,0
DA:233,0
end_of_record
SF:/usr/include/c++/8/ext/type_traits.h
FN:152,_ZN9__gnu_cxx17__is_null_pointerIcEEbPT_
FNDA:0,_ZN9__gnu_cxx17__is_null_pointerIcEEbPT_
FN:152,_ZN9__gnu_cxx17__is_null_pointerIKcEEbPT_
FNDA:0,_ZN9__gnu_cxx17__is_null_pointerIKcEEbPT_
DA:152,0
DA:153,0
DA:152,0
DA:153,0
end_of_record
SF:/usr/include/c++/8/bits/move.h
FN:99,_ZSt4moveIRSaIcEEONSt16remove_referenceIT_E4typeEOS3_
FNDA:0,_ZSt4moveIRSaIcEEONSt16remove_referenceIT_E4typeEOS3_
DA:99,0
DA:100,0
end_of_record
SF:/usr/include/c++/8/bits/stl_iterator_base_types.h
FN:205,_ZSt19__iterator_categoryIPcENSt15iterator_traitsIT_E17iterator_categoryERKS2_
FNDA:0,_ZSt19__iterator_categoryIPcENSt15iterator_traitsIT_E17iterator_categoryERKS2_
FN:205,_ZSt19__iterator_categoryIPKcENSt15iterator_traitsIT_E17iterator_categoryERKS3_
FNDA:0,_ZSt19__iterator_categoryIPKcENSt15iterator_traitsIT_E17iterator_categoryERKS3_
FN:205,_ZSt19__iterator_categoryIPKiENSt15iterator_traitsIT_E17iterator_categoryERKS3_
FNDA:0,_ZSt19__iterator_categoryIPKiENSt15iterator_traitsIT_E17iterator_categoryERKS3_
DA:205,0
DA:206,0
DA:205,0
DA:206,0
DA:205,0
DA:206,0
end_of_record
SF:/usr/include/c++/8/bits/alloc_traits.h
FN:435,_ZNSt16allocator_traitsISaIiEE8allocateERS0_m
FNDA:0,_ZNSt16allocator_traitsISaIiEE8allocateERS0_m
FN:461,_ZNSt16allocator_traitsISaIiEE10deallocateERS0_Pim
FNDA:0,_ZNSt16allocator_traitsISaIiEE10deallocateERS0_Pim
FN:504,_ZNSt16allocator_traitsISaIiEE37select_on_container_copy_constructionERKS0_
FNDA:0,_ZNSt16allocator_traitsISaIiEE37select_on_container_copy_constructionERKS0_
FN:504,_ZNSt16allocator_traitsISaIcEE37select_on_container_copy_constructionERKS0_
FNDA:0,_ZNSt16allocator_traitsISaIcEE37select_on_container_copy_constructionERKS0_
DA:435,0
DA:436,0
DA:461,0
DA:462,0
DA:504,0
DA:505,0
DA:504,0
DA:505,0
end_of_record
SF:/usr/include/c++/8/bits/stl_uninitialized.h
FN:99,_ZNSt20__uninitialized_copyILb1EE13__uninit_copyIPKiPiEET0_T_S6_S5_
FNDA:0,_ZNSt20__uninitialized_copyILb1EE13__uninit_copyIPKiPiEET0_T_S6_S5_
FN:99,_ZNSt20__uninitialized_copyILb1EE13__uninit_copyIN9__gnu_cxx17__normal_iteratorIPKiSt6vectorIiSaIiEEEEPiEET0_T_SC_SB_
FNDA:0,_ZNSt20__uninitialized_copyILb1EE13__uninit_copyIN9__gnu_cxx17__normal_iteratorIPKiSt6vectorIiSaIiEEEEPiEET0_T_SC_SB_
FN:115,_ZSt18uninitialized_copyIPKiPiET0_T_S4_S3_
FNDA:0,_ZSt18uninitialized_copyIPKiPiET0_T_S4_S3_
FN:115,_ZSt18uninitialized_copyIN9__gnu_cxx17__normal_iteratorIPKiSt6vectorIiSaIiEEEEPiET0_T_SA_S9_
FNDA:0,_ZSt18uninitialized_copyIN9__gnu_cxx17__normal_iteratorIPKiSt6vectorIiSaIiEEEEPiET0_T_SA_S9_
FN:287,_ZSt22__uninitialized_copy_aIPKiPiiET0_T_S4_S3_RSaIT1_E
FNDA:0,_ZSt22__uninitialized_copy_aIPKiPiiET0_T_S4_S3_RSaIT1_E
FN:287,_ZSt22__uninitialized_copy_aIN9__gnu_cxx17__normal_iteratorIPKiSt6vectorIiSaIiEEEEPiiET0_T_SA_S9_RSaIT1_E
FNDA:0,_ZSt22__uninitialized_copy_aIN9__gnu_cxx17__normal_iteratorIPKiSt6vectorIiSaIiEEEEPiiET0_T_SA_S9_RSaIT1_E
DA:99,0
DA:101,0
DA:99,0
DA:101,0
DA:115,0
DA:128,0
DA:134,0
DA:115,0
DA:128,0
DA:134,0
DA:287,0
DA:289,0
DA:287,0
DA:289,0
end_of_record
SF:/usr/include/c++/8/bits/stl_vector.h
FN:99,_ZNSt12_Vector_baseIiSaIiEE12_Vector_implC2ERKS0_
FNDA:0,_ZNSt12_Vector_baseIiSaIiEE12_Vector_implC2ERKS0_
FN:237,_ZNSt12_Vector_baseIiSaIiEE19_M_get_Tp_allocatorEv
FNDA:0,_ZNSt12_Vector_baseIiSaIiEE19_M_get_Tp_allocatorEv
FN:241,_ZNKSt12_Vector_baseIiSaIiEE19_M_get_Tp_allocatorEv
FNDA:0,_ZNKSt12_Vector_baseIiSaIiEE19_M_get_Tp_allocatorEv
FN:251,_ZNSt12_Vector_baseIiSaIiEEC2ERKS0_
FNDA:0,_ZNSt12_Vector_baseIiSaIiEEC2ERKS0_
FN:258,_ZNSt12_Vector_baseIiSaIiEEC2EmRKS0_
FNDA:0,_ZNSt12_Vector_baseIiSaIiEEC2EmRKS0_
FN:283,_ZNSt12_Vector_baseIiSaIiEED2Ev
FNDA:0,_ZNSt12_Vector_baseIiSaIiEED2Ev
FN:293,_ZNSt12_Vector_baseIiSaIiEE11_M_allocateEm
FNDA:0,_ZNSt12_Vector_baseIiSaIiEE11_M_allocateEm
FN:300,_ZNSt12_Vector_baseIiSaIiEE13_M_deallocateEPim
FNDA:0,_ZNSt12_Vector_baseIiSaIiEE13_M_deallocateEPim
FN:309,_ZNSt12_Vector_baseIiSaIiEE17_M_create_storageEm
FNDA:0,_ZNSt12_Vector_baseIiSaIiEE17_M_create_storageEm
FN:458,_ZNSt6vectorIiSaIiEEC2ERKS1_
FNDA:0,_ZNSt6vectorIiSaIiEEC2ERKS1_
FN:515,_ZNSt6vectorIiSaIiEEC2ESt16initializer_listIiERKS0_
FNDA:0,_ZNSt6vectorIiSaIiEEC2ESt16initializer_listIiERKS0_
FN:565,_ZNSt6vectorIiSaIiEED2Ev
FNDA:0,_ZNSt6vectorIiSaIiEED2Ev
FN:707,_ZNKSt6vectorIiSaIiEE5beginEv
FNDA:0,_ZNKSt6vectorIiSaIiEE5beginEv
FN:725,_ZNKSt6vectorIiSaIiEE3endEv
FNDA:0,_ZNKSt6vectorIiSaIiEE3endEv
FN:805,_ZNKSt6vectorIiSaIiEE4sizeEv
FNDA:0,_ZNKSt6vectorIiSaIiEE4sizeEv
FN:1462,_ZNSt6vectorIiSaIiEE19_M_range_initializeIPKiEEvT_S5_St20forward_iterator_tag
FNDA:0,_ZNSt6vectorIiSaIiEE19_M_range_initializeIPKiEEvT_S5_St20forward_iterator_tag
DA:99,0
DA:100,0
DA:101,0
DA:237,0
DA:238,0
DA:241,0
DA:242,0
DA:251,0
DA:252,0
DA:258,0
DA:259,0
DA:260,0
DA:283,0
DA:285,0
DA:286,0
DA:287,0
DA:293,0
DA:296,0
DA:300,0
DA:303,0
DA:304,0
DA:305,0
DA:309,0
DA:311,0
DA:312,0
DA:313,0
DA:314,0
DA:458,0
DA:460,0
DA:462,0
DA:463,0
DA:465,0
DA:466,0
DA:515,0
DA:517,0
DA:519,0
DA:521,0
DA:565,0
DA:567,0
DA:568,0
DA:570,0
DA:707,0
DA:708,0
DA:725,0
DA:726,0
DA:805,0
DA:806,0
DA:1462,0
DA:1465,0
DA:1466,0
DA:1467,0
DA:1468,0
DA:1469,0
DA:1471,0
DA:1472,0
end_of_record
SF:/usr/include/c++/8/ext/new_allocator.h
FN:79,_ZN9__gnu_cxx13new_allocatorIiEC2Ev
FNDA:0,_ZN9__gnu_cxx13new_allocatorIiEC2Ev
FN:79,_ZN9__gnu_cxx13new_allocatorIcEC2Ev
FNDA:0,_ZN9__gnu_cxx13new_allocatorIcEC2Ev
FN:81,_ZN9__gnu_cxx13new_allocatorIiEC2ERKS1_
FNDA:0,_ZN9__gnu_cxx13new_allocatorIiEC2ERKS1_
FN:81,_ZN9__gnu_cxx13new_allocatorIcEC2ERKS1_
FNDA:0,_ZN9__gnu_cxx13new_allocatorIcEC2ERKS1_
FN:86,_ZN9__gnu_cxx13new_allocatorIiED2Ev
FNDA:0,_ZN9__gnu_cxx13new_allocatorIiED2Ev
FN:86,_ZN9__gnu_cxx13new_allocatorIcED2Ev
FNDA:0,_ZN9__gnu_cxx13new_allocatorIcED2Ev
FN:99,_ZN9__gnu_cxx13new_allocatorIiE8allocateEmPKv
FNDA:0,_ZN9__gnu_cxx13new_allocatorIiE8allocateEmPKv
FN:116,_ZN9__gnu_cxx13new_allocatorIiE10deallocateEPim
FNDA:0,_ZN9__gnu_cxx13new_allocatorIiE10deallocateEPim
FN:129,_ZNK9__gnu_cxx13new_allocatorIiE8max_sizeEv
FNDA:0,_ZNK9__gnu_cxx13new_allocatorIiE8max_sizeEv
DA:79,0
DA:79,0
DA:81,0
DA:81,0
DA:86,0
DA:86,0
DA:99,0
DA:101,0
DA:102,0
DA:111,0
DA:116,0
DA:125,0
DA:126,0
DA:129,0
DA:130,0
end_of_record
SF:/home/martin/TPI/MIR/tests/redirigirTEST.cpp
FN:7,_ZN32redirigirTEST_canal1EnRango_Test8TestBodyEv
FNDA:1,_ZN32redirigirTEST_canal1EnRango_Test8TestBodyEv
FN:7,_ZN32redirigirTEST_canal1EnRango_TestC2Ev
FNDA:1,_ZN32redirigirTEST_canal1EnRango_TestC2Ev
FN:16,_ZN32redirigirTEST_canal2EnRango_Test8TestBodyEv
FNDA:1,_ZN32redirigirTEST_canal2EnRango_Test8TestBodyEv
FN:16,_ZN32redirigirTEST_canal2EnRango_TestC2Ev
FNDA:1,_ZN32redirigirTEST_canal2EnRango_TestC2Ev
FN:27,_ZN36redirigirTEST_OtroCanal1EnRango_Test8TestBodyEv
FNDA:1,_ZN36redirigirTEST_OtroCanal1EnRango_Test8TestBodyEv
FN:27,_ZN36redirigirTEST_OtroCanal1EnRango_TestC2Ev
FNDA:1,_ZN36redirigirTEST_OtroCanal1EnRango_TestC2Ev
FN:37,_ZN36redirigirTEST_OtroCanal2EnRango_Test8TestBodyEv
FNDA:1,_ZN36redirigirTEST_OtroCanal2EnRango_Test8TestBodyEv
FN:37,_ZN36redirigirTEST_OtroCanal2EnRango_TestC2Ev
FNDA:1,_ZN36redirigirTEST_OtroCanal2EnRango_TestC2Ev
DA:7,1
DA:8,2
DA:9,1
DA:10,1
DA:11,1
DA:13,1
DA:14,1
DA:7,1
DA:16,1
DA:17,2
DA:18,1
DA:19,1
DA:20,1
DA:22,1
DA:23,1
DA:16,1
DA:27,1
DA:28,2
DA:29,1
DA:30,1
DA:31,1
DA:33,1
DA:34,1
DA:27,1
DA:37,1
DA:38,2
DA:39,1
DA:40,1
DA:41,1
DA:43,1
DA:44,1
DA:37,1
end_of_record
SF:/usr/include/c++/8/bits/allocator.h
FN:131,_ZNSaIiEC2Ev
FNDA:0,_ZNSaIiEC2Ev
FN:133,_ZNSaIiEC2ERKS_
FNDA:0,_ZNSaIiEC2ERKS_
FN:139,_ZNSaIiED2Ev
FNDA:0,_ZNSaIiED2Ev
DA:131,0
DA:133,0
DA:134,0
DA:139,0
end_of_record
SF:/home/martin/TPI/MIR/lib/googletest-master/googletest/include/gtest/internal/gtest-internal.h
FN:466,_ZN7testing8internal15TestFactoryBaseD0Ev
FNDA:0,_ZN7testing8internal15TestFactoryBaseD0Ev
FN:466,_ZN7testing8internal15TestFactoryBaseD2Ev
FNDA:0,_ZN7testing8internal15TestFactoryBaseD2Ev
FN:473,_ZN7testing8internal15TestFactoryBaseC2Ev
FNDA:0,_ZN7testing8internal15TestFactoryBaseC2Ev
FN:484,_ZN7testing8internal15TestFactoryImplI32redirigirTEST_canal1EnRango_TestE10CreateTestEv
FNDA:1,_ZN7testing8internal15TestFactoryImplI32redirigirTEST_canal1EnRango_TestE10CreateTestEv
FN:484,_ZN7testing8internal15TestFactoryImplI32redirigirTEST_canal2EnRango_TestE10CreateTestEv
FNDA:1,_ZN7testing8internal15TestFactoryImplI32redirigirTEST_canal2EnRango_TestE10CreateTestEv
FN:484,_ZN7testing8internal15TestFactoryImplI36redirigirTEST_OtroCanal1EnRango_TestE10CreateTestEv
FNDA:1,_ZN7testing8internal15TestFactoryImplI36redirigirTEST_OtroCanal1EnRango_TestE10CreateTestEv
FN:484,_ZN7testing8internal15TestFactoryImplI36redirigirTEST_OtroCanal2EnRango_TestE10CreateTestEv
FNDA:1,_ZN7testing8internal15TestFactoryImplI36redirigirTEST_OtroCanal2EnRango_TestE10CreateTestEv
FN:505,_ZN7testing8internal12CodeLocationC2ERKNSt7__cxx1112basic_stringIcSt11char_traitsIcESaIcEEEi
FNDA:0,_ZN7testing8internal12CodeLocationC2ERKNSt7__cxx1112basic_stringIcSt11char_traitsIcESaIcEEEi
DA:466,0
DA:466,0
DA:473,0
DA:484,1
DA:484,1
DA:484,1
DA:484,1
DA:505,0
DA:506,0
end_of_record
SF:/home/martin/TPI/MIR/lib/googletest-master/googletest/include/gtest/gtest.h
FN:389,_ZN7testing4Test13SetUpTestCaseEv
FNDA:0,_ZN7testing4Test13SetUpTestCaseEv
FN:397,_ZN7testing4Test16TearDownTestCaseEv
FNDA:0,_ZN7testing4Test16TearDownTestCaseEv
FN:474,_ZN7testing4Test5SetupEv
FNDA:0,_ZN7testing4Test5SetupEv
DA:389,0
DA:397,0
DA:474,0
end_of_record
SF:/usr/include/c++/8/bits/stl_algobase.h
FN:277,_ZSt12__niter_baseIPKiET_S2_
FNDA:0,_ZSt12__niter_baseIPKiET_S2_
FN:277,_ZSt12__niter_baseIPiET_S1_
FNDA:0,_ZSt12__niter_baseIPiET_S1_
FN:357,_ZNSt11__copy_moveILb0ELb1ESt26random_access_iterator_tagE8__copy_mIiEEPT_PKS3_S6_S4_
FNDA:0,_ZNSt11__copy_moveILb0ELb1ESt26random_access_iterator_tagE8__copy_mIiEEPT_PKS3_S6_S4_
FN:375,_ZSt13__copy_move_aILb0EPKiPiET1_T0_S4_S3_
FNDA:0,_ZSt13__copy_move_aILb0EPKiPiET1_T0_S4_S3_
FN:420,_ZSt14__copy_move_a2ILb0EPKiPiET1_T0_S4_S3_
FNDA:0,_ZSt14__copy_move_a2ILb0EPKiPiET1_T0_S4_S3_
FN:420,_ZSt14__copy_move_a2ILb0EN9__gnu_cxx17__normal_iteratorIPKiSt6vectorIiSaIiEEEEPiET1_T0_SA_S9_
FNDA:0,_ZSt14__copy_move_a2ILb0EN9__gnu_cxx17__normal_iteratorIPKiSt6vectorIiSaIiEEEEPiET1_T0_SA_S9_
FN:446,_ZSt4copyIPKiPiET0_T_S4_S3_
FNDA:0,_ZSt4copyIPKiPiET0_T_S4_S3_
FN:446,_ZSt4copyIN9__gnu_cxx17__normal_iteratorIPKiSt6vectorIiSaIiEEEEPiET0_T_SA_S9_
FNDA:0,_ZSt4copyIN9__gnu_cxx17__normal_iteratorIPKiSt6vectorIiSaIiEEEEPiET0_T_SA_S9_
DA:277,0
DA:278,0
DA:277,0
DA:278,0
DA:357,0
DA:366,0
DA:367,0
DA:368,0
DA:369,0
DA:375,0
DA:380,0
DA:386,0
DA:420,0
DA:422,0
DA:424,0
DA:420,0
DA:422,0
DA:424,0
DA:446,0
DA:455,0
DA:456,0
DA:446,0
DA:455,0
DA:456,0
end_of_record
TN:
SF:/home/martin/TPI/MIR/lib/googletest-master/googletest/include/gtest/internal/gtest-internal.h
FN:466,_ZN7testing8internal15TestFactoryBaseD0Ev
FNDA:0,_ZN7testing8internal15TestFactoryBaseD0Ev
FN:466,_ZN7testing8internal15TestFactoryBaseD2Ev
FNDA:0,_ZN7testing8internal15TestFactoryBaseD2Ev
FN:473,_ZN7testing8internal15TestFactoryBaseC2Ev
FNDA:0,_ZN7testing8internal15TestFactoryBaseC2Ev
FN:484,_ZN7testing8internal15TestFactoryImplI36revertirAudioValidoTEST_unCanal_TestE10CreateTestEv
FNDA:1,_ZN7testing8internal15TestFactoryImplI36revertirAudioValidoTEST_unCanal_TestE10CreateTestEv
FN:484,_ZN7testing8internal15TestFactoryImplI39revertirAudioValidoTEST_dosCanales_TestE10CreateTestEv
FNDA:1,_ZN7testing8internal15TestFactoryImplI39revertirAudioValidoTEST_dosCanales_TestE10CreateTestEv
FN:505,_ZN7testing8internal12CodeLocationC2ERKNSt7__cxx1112basic_stringIcSt11char_traitsIcESaIcEEEi
FNDA:0,_ZN7testing8internal12CodeLocationC2ERKNSt7__cxx1112basic_stringIcSt11char_traitsIcESaIcEEEi
DA:466,0
DA:466,0
DA:473,0
DA:484,1
DA:484,1
DA:505,0
DA:506,0
end_of_record
SF:/usr/include/c++/8/bits/stl_algobase.h
FN:277,_ZSt12__niter_baseIPKiET_S2_
FNDA:0,_ZSt12__niter_baseIPKiET_S2_
FN:277,_ZSt12__niter_baseIPiET_S1_
[...]
DA:86,0
DA:88,0
DA:89,0
DA:99,0
DA:101,0
DA:99,0
DA:101,0
DA:99,0
DA:101,0
DA:115,8
DA:128,8
DA:134,8
DA:115,0
DA:128,0
DA:134,0
DA:115,0
DA:128,0
DA:134,0
DA:115,0
DA:128,0
DA:134,0
DA:115,0
DA:128,0
DA:134,0
DA:115,12
DA:128,12
DA:134,12
DA:287,0
DA:289,0
DA:287,12
DA:289,12
DA:287,8
DA:289,8
DA:287,0
DA:289,0
DA:287,0
DA:289,0
DA:287,0
DA:289,0
DA:305,12
DA:311,12
DA:312,12
DA:305,0
DA:311,0
DA:312,0
end_of_record
SF:/usr/include/c++/8/bits/alloc_traits.h
FN:435,_ZNSt16allocator_traitsISaISt6vectorIiSaIiEEEE8allocateERS3_m
FNDA:0,_ZNSt16allocator_traitsISaISt6vectorIiSaIiEEEE8allocateERS3_m
FN:435,_ZNSt16allocator_traitsISaISt4pairIiiEEE8allocateERS2_m
FNDA:16,_ZNSt16allocator_traitsISaISt4pairIiiEEE8allocateERS2_m
FN:435,_ZNSt16allocator_traitsISaIiEE8allocateERS0_m
FNDA:0,_ZNSt16allocator_traitsISaIiEE8allocateERS0_m
FN:461,_ZNSt16allocator_traitsISaISt6vectorIiSaIiEEEE10deallocateERS3_PS2_m
FNDA:0,_ZNSt16allocator_traitsISaISt6vectorIiSaIiEEEE10deallocateERS3_PS2_m
FN:461,_ZNSt16allocator_traitsISaISt4pairIiiEEE10deallocateERS2_PS1_m
FNDA:16,_ZNSt16allocator_traitsISaISt4pairIiiEEE10deallocateERS2_PS1_m
FN:461,_ZNSt16allocator_traitsISaIiEE10deallocateERS0_Pim
FNDA:0,_ZNSt16allocator_traitsISaIiEE10deallocateERS0_Pim
FN:474,_ZNSt16allocator_traitsISaIiEE9constructIiJRKiEEEvRS0_PT_DpOT0_
FNDA:0,_ZNSt16allocator_traitsISaIiEE9constructIiJRKiEEEvRS0_PT_DpOT0_
FN:474,_ZNSt16allocator_traitsISaISt4pairIiiEEE9constructIS1_JRKS1_EEEvRS2_PT_DpOT0_
FNDA:7,_ZNSt16allocator_traitsISaISt4pairIiiEEE9constructIS1_JRKS1_EEEvRS2_PT_DpOT0_
FN:486,_ZNSt16allocator_traitsISaIiEE7destroyIiEEvRS0_PT_
FNDA:0,_ZNSt16allocator_traitsISaIiEE7destroyIiEEvRS0_PT_
FN:486,_ZNSt16allocator_traitsISaISt4pairIiiEEE7destroyIS1_EEvRS2_PT_
FNDA:0,_ZNSt16allocator_traitsISaISt4pairIiiEEE7destroyIS1_EEvRS2_PT_
FN:495,_ZNSt16allocator_traitsISaISt4pairIiiEEE8max_sizeERKS2_
FNDA:12,_ZNSt16allocator_traitsISaISt4pairIiiEEE8max_sizeERKS2_
FN:495,_ZNSt16allocator_traitsISaIiEE8max_sizeERKS0_
FNDA:0,_ZNSt16allocator_traitsISaIiEE8max_sizeERKS0_
FN:504,_ZNSt16allocator_traitsISaIiEE37select_on_container_copy_constructionERKS0_
FNDA:0,_ZNSt16allocator_traitsISaIiEE37select_on_container_copy_constructionERKS0_
FN:504,_ZNSt16allocator_traitsISaISt6vectorIiSaIiEEEE37select_on_container_copy_constructionERKS3_
FNDA:0,_ZNSt16allocator_traitsISaISt6vectorIiSaIiEEEE37select_on_container_copy_constructionERKS3_
FN:504,_ZNSt16allocator_traitsISaISt4pairIiiEEE37select_on_container_copy_constructionERKS2_
FNDA:8,_ZNSt16allocator_traitsISaISt4pairIiiEEE37select_on_container_copy_constructionERKS2_
FN:516,_ZSt18__do_alloc_on_copyISaIiEEvRT_RKS1_St17integral_constantIbLb0EE
FNDA:0,_ZSt18__do_alloc_on_copyISaIiEEvRT_RKS1_St17integral_constantIbLb0EE
FN:520,_ZSt15__alloc_on_copyISaIiEEvRT_RKS1_
FNDA:0,_ZSt15__alloc_on_copyISaIiEEvRT_RKS1_
DA:435,0
DA:436,0
DA:435,16
DA:436,16
DA:435,0
DA:436,0
DA:461,0
DA:462,0
DA:461,16
DA:462,16
DA:461,0
DA:462,0
DA:474,0
DA:475,0
DA:474,7
DA:475,7
DA:486,0
DA:487,0
DA:486,0
DA:487,0
DA:495,12
DA:496,12
DA:495,0
DA:496,0
DA:504,0
DA:505,0
DA:504,0
DA:505,0
DA:504,8
DA:505,8
DA:516,0
DA:517,0
DA:520,0
DA:524,0
DA:525,0
end_of_record
SF:/usr/include/c++/8/cmath
FN:272,_ZSt5floorImEN9__gnu_cxx11__enable_ifIXsrSt12__is_integerIT_E7__valueEdE6__typeES3_
FNDA:3,_ZSt5floorImEN9__gnu_cxx11__enable_ifIXsrSt12__is_integerIT_E7__valueEdE6__typeES3_
FN:415,_ZSt3powIiiEN9__gnu_cxx11__promote_2IT_T0_NS0_9__promoteIS2_XsrSt12__is_integerIS2_E7__valueEE6__typeENS4_IS3_XsrS5_IS3_E7__valueEE6__typeEE6__typeES2_S3_
FNDA:73,_ZSt3powIiiEN9__gnu_cxx11__promote_2IT_T0_NS0_9__promoteIS2_XsrSt12__is_integerIS2_E7__valueEE6__typeENS4_IS3_XsrS5_IS3_E7__valueEE6__typeEE6__typeES2_S3_
DA:272,3
DA:273,3
DA:415,73
DA:418,73
end_of_record
SF:/usr/include/c++/8/bits/stl_vector.h
FN:95,_ZNSt12_Vector_baseIiSaIiEE12_Vector_implC2Ev
FNDA:0,_ZNSt12_Vector_baseIiSaIiEE12_Vector_implC2Ev
FN:99,_ZNSt12_Vector_baseIiSaIiEE12_Vector_implC2ERKS0_
FNDA:0,_ZNSt12_Vector_baseIiSaIiEE12_Vector_implC2ERKS0_
FN:99,_ZNSt12_Vector_baseISt4pairIiiESaIS1_EE12_Vector_implC2ERKS2_
FNDA:10,_ZNSt12_Vector_baseISt4pairIiiESaIS1_EE12_Vector_implC2ERKS2_
FN:99,_ZNSt12_Vector_baseISt6vectorIiSaIiEESaIS2_EE12_Vector_implC2ERKS3_
FNDA:0,_ZNSt12_Vector_baseISt6vectorIiSaIiEESaIS2_EE12_Vector_implC2ERKS3_
FN:237,_ZNSt12_Vector_baseISt4pairIiiESaIS1_EE19_M_get_Tp_allocatorEv
FNDA:40,_ZNSt12_Vector_baseISt4pairIiiESaIS1_EE19_M_get_Tp_allocatorEv
FN:237,_ZNSt12_Vector_baseISt6vectorIiSaIiEESaIS2_EE19_M_get_Tp_allocatorEv
FNDA:0,_ZNSt12_Vector_baseISt6vectorIiSaIiEESaIS2_EE19_M_get_Tp_allocatorEv
FN:237,_ZNSt12_Vector_baseIiSaIiEE19_M_get_Tp_allocatorEv
FNDA:0,_ZNSt12_Vector_baseIiSaIiEE19_M_get_Tp_allocatorEv
FN:241,_ZNKSt12_Vector_baseIiSaIiEE19_M_get_Tp_allocatorEv
FNDA:0,_ZNKSt12_Vector_baseIiSaIiEE19_M_get_Tp_allocatorEv
FN:241,_ZNKSt12_Vector_baseISt6vectorIiSaIiEESaIS2_EE19_M_get_Tp_allocatorEv
FNDA:0,_ZNKSt12_Vector_baseISt6vectorIiSaIiEESaIS2_EE19_M_get_Tp_allocatorEv
FN:241,_ZNKSt12_Vector_baseISt4pairIiiESaIS1_EE19_M_get_Tp_allocatorEv
FNDA:20,_ZNKSt12_Vector_baseISt4pairIiiESaIS1_EE19_M_get_Tp_allocatorEv
FN:248,_ZNSt12_Vector_baseIiSaIiEEC2Ev
FNDA:0,_ZNSt12_Vector_baseIiSaIiEEC2Ev
FN:258,_ZNSt12_Vector_baseIiSaIiEEC2EmRKS0_
FNDA:0,_ZNSt12_Vector_baseIiSaIiEEC2EmRKS0_
FN:258,_ZNSt12_Vector_baseISt6vectorIiSaIiEESaIS2_EEC2EmRKS3_
FNDA:0,_ZNSt12_Vector_baseISt6vectorIiSaIiEESaIS2_EEC2EmRKS3_
FN:258,_ZNSt12_Vector_baseISt4pairIiiESaIS1_EEC2EmRKS2_
FNDA:8,_ZNSt12_Vector_baseISt4pairIiiESaIS1_EEC2EmRKS2_
FN:283,_ZNSt12_Vector_baseISt6vectorIiSaIiEESaIS2_EED2Ev
FNDA:0,_ZNSt12_Vector_baseISt6vectorIiSaIiEESaIS2_EED2Ev
FN:283,_ZNSt12_Vector_baseIiSaIiEED2Ev
FNDA:0,_ZNSt12_Vector_baseIiSaIiEED2Ev
FN:283,_ZNSt12_Vector_baseISt4pairIiiESaIS1_EED2Ev
FNDA:12,_ZNSt12_Vector_baseISt4pairIiiESaIS1_EED2Ev
FN:293,_ZNSt12_Vector_baseISt6vectorIiSaIiEESaIS2_EE11_M_allocateEm
FNDA:0,_ZNSt12_Vector_baseISt6vectorIiSaIiEESaIS2_EE11_M_allocateEm
FN:293,_ZNSt12_Vector_baseIiSaIiEE11_M_allocateEm
FNDA:0,_ZNSt12_Vector_baseIiSaIiEE11_M_allocateEm
FN:293,_ZNSt12_Vector_baseISt4pairIiiESaIS1_EE11_M_allocateEm
FNDA:16,_ZNSt12_Vector_baseISt4pairIiiESaIS1_EE11_M_allocateEm
FN:300,_ZNSt12_Vector_baseISt4pairIiiESaIS1_EE13_M_deallocateEPS1_m
FNDA:18,_ZNSt12_Vector_baseISt4pairIiiESaIS1_EE13_M_deallocateEPS1_m
FN:300,_ZNSt12_Vector_baseISt6vectorIiSaIiEESaIS2_EE13_M_deallocateEPS2_m
FNDA:0,_ZNSt12_Vector_baseISt6vectorIiSaIiEESaIS2_EE13_M_deallocateEPS2_m
FN:300,_ZNSt12_Vector_baseIiSaIiEE13_M_deallocateEPim
FNDA:0,_ZNSt12_Vector_baseIiSaIiEE13_M_deallocateEPim
FN:309,_ZNSt12_Vector_baseIiSaIiEE17_M_create_storageEm
FNDA:0,_ZNSt12_Vector_baseIiSaIiEE17_M_create_storageEm
FN:309,_ZNSt12_Vector_baseISt6vectorIiSaIiEESaIS2_EE17_M_create_storageEm
FNDA:0,_ZNSt12_Vector_baseISt6vectorIiSaIiEESaIS2_EE17_M_create_storageEm
FN:309,_ZNSt12_Vector_baseISt4pairIiiESaIS1_EE17_M_create_storageEm
FNDA:8,_ZNSt12_Vector_baseISt4pairIiiESaIS1_EE17_M_create_storageEm
FN:391,_ZNSt6vectorIiSaIiEEC2Ev
FNDA:0,_ZNSt6vectorIiSaIiEEC2Ev
FN:458,_ZNSt6vectorISt4pairIiiESaIS1_EEC2ERKS3_
FNDA:8,_ZNSt6vectorISt4pairIiiESaIS1_EEC2ERKS3_
FN:458,_ZNSt6vectorIiSaIiEEC2ERKS1_
FNDA:0,_ZNSt6vectorIiSaIiEEC2ERKS1_
FN:458,_ZNSt6vectorIS_IiSaIiEESaIS1_EEC2ERKS3_
FNDA:0,_ZNSt6vectorIS_IiSaIiEESaIS1_EEC2ERKS3_
FN:565,_ZNSt6vectorIiSaIiEED2Ev
FNDA:0,_ZNSt6vectorIiSaIiEED2Ev
FN:565,_ZNSt6vectorIS_IiSaIiEESaIS1_EED2Ev
FNDA:0,_ZNSt6vectorIS_IiSaIiEESaIS1_EED2Ev
FN:565,_ZNSt6vectorISt4pairIiiESaIS1_EED2Ev
FNDA:12,_ZNSt6vectorISt4pairIiiESaIS1_EED2Ev
FN:698,_ZNSt6vectorISt4pairIiiESaIS1_EE5beginEv
FNDA:10,_ZNSt6vectorISt4pairIiiESaIS1_EE5beginEv
FN:698,_ZNSt6vectorIiSaIiEE5beginEv
FNDA:0,_ZNSt6vectorIiSaIiEE5beginEv
FN:707,_ZNKSt6vectorIiSaIiEE5beginEv
FNDA:0,_ZNKSt6vectorIiSaIiEE5beginEv
FN:707,_ZNKSt6vectorIS_IiSaIiEESaIS1_EE5beginEv
FNDA:0,_ZNKSt6vectorIS_IiSaIiEESaIS1_EE5beginEv
FN:707,_ZNKSt6vectorISt4pairIiiESaIS1_EE5beginEv
FNDA:8,_ZNKSt6vectorISt4pairIiiESaIS1_EE5beginEv
FN:716,_ZNSt6vectorIiSaIiEE3endEv
FNDA:0,_ZNSt6vectorIiSaIiEE3endEv
FN:716,_ZNSt6vectorISt4pairIiiESaIS1_EE3endEv
FNDA:10,_ZNSt6vectorISt4pairIiiESaIS1_EE3endEv
FN:725,_ZNKSt6vectorISt4pairIiiESaIS1_EE3endEv
FNDA:8,_ZNKSt6vectorISt4pairIiiESaIS1_EE3endEv
FN:725,_ZNKSt6vectorIiSaIiEE3endEv
FNDA:0,_ZNKSt6vectorIiSaIiEE3endEv
FN:725,_ZNKSt6vectorIS_IiSaIiEESaIS1_EE3endEv
FNDA:0,_ZNKSt6vectorIS_IiSaIiEESaIS1_EE3endEv
FN:805,_ZNKSt6vectorIiSaIiEE4sizeEv
FNDA:0,_ZNKSt6vectorIiSaIiEE4sizeEv
FN:805,_ZNKSt6vectorIS_IiSaIiEESaIS1_EE4sizeEv
FNDA:0,_ZNKSt6vectorIS_IiSaIiEESaIS1_EE4sizeEv
FN:805,_ZNKSt6vectorISt4pairIiiESaIS1_EE4sizeEv
FNDA:54,_ZNKSt6vectorISt4pairIiiESaIS1_EE4sizeEv
FN:810,_ZNKSt6vectorIiSaIiEE8max_sizeEv
FNDA:0,_ZNKSt6vectorIiSaIiEE8max_sizeEv
FN:810,_ZNKSt6vectorISt4pairIiiESaIS1_EE8max_sizeEv
FNDA:12,_ZNKSt6vectorISt4pairIiiESaIS1_EE8max_sizeEv
FN:885,_ZNKSt6vectorIiSaIiEE8capacityEv
FNDA:0,_ZNKSt6vectorIiSaIiEE8capacityEv
FN:930,_ZNSt6vectorISt4pairIiiESaIS1_EEixEm
FNDA:41,_ZNSt6vectorISt4pairIiiESaIS1_EEixEm
FN:930,_ZNSt6vectorIS_IiSaIiEESaIS1_EEixEm
FNDA:0,_ZNSt6vectorIS_IiSaIiEESaIS1_EEixEm
FN:930,_ZNSt6vectorIiSaIiEEixEm
FNDA:0,_ZNSt6vectorIiSaIiEEixEm
FN:1074,_ZNSt6vectorISt4pairIiiESaIS1_EE9push_backERKS1_
FNDA:7,_ZNSt6vectorISt4pairIiiESaIS1_EE9push_backERKS1_
FN:1074,_ZNSt6vectorIiSaIiEE9push_backERKi
FNDA:0,_ZNSt6vectorIiSaIiEE9push_backERKi
FN:1385,_ZNSt6vectorIiSaIiEE5clearEv
FNDA:0,_ZNSt6vectorIiSaIiEE5clearEv
FN:1395,_ZNSt6vectorIiSaIiEE20_M_allocate_and_copyIN9__gnu_cxx17__normal_iteratorIPKiS1_EEEEPimT_S9_
FNDA:0,_ZNSt6vectorIiSaIiEE20_M_allocate_and_copyIN9__gnu_cxx17__normal_iteratorIPKiS1_EEEEPimT_S9_
FN:1640,_ZNKSt6vectorIiSaIiEE12_M_check_lenEmPKc
FNDA:0,_ZNKSt6vectorIiSaIiEE12_M_check_lenEmPKc
FN:1640,_ZNKSt6vectorISt4pairIiiESaIS1_EE12_M_check_lenEmPKc
FNDA:6,_ZNKSt6vectorISt4pairIiiESaIS1_EE12_M_check_lenEmPKc
FN:1654,_ZNSt6vectorIiSaIiEE15_M_erase_at_endEPi
FNDA:0,_ZNSt6vectorIiSaIiEE15_M_erase_at_endEPi
DA:95,0
DA:96,0
DA:97,0
DA:99,0
DA:100,0
DA:101,0
DA:99,10
DA:100,10
DA:101,10
DA:99,0
DA:100,0
DA:101,0
DA:237,40
DA:238,40
DA:237,0
DA:238,0
DA:237,0
DA:238,0
DA:241,0
DA:242,0
DA:241,0
DA:242,0
DA:241,20
DA:242,20
DA:248,0
DA:249,0
DA:258,0
DA:259,0
DA:260,0
DA:258,0
DA:259,0
DA:260,0
DA:258,8
DA:259,8
DA:260,8
DA:283,0
DA:285,0
DA:286,0
DA:287,0
DA:283,0
DA:285,0
DA:286,0
DA:287,0
DA:283,12
DA:285,12
DA:286,12
DA:287,12
DA:293,0
DA:296,0
DA:293,0
DA:296,0
DA:293,16
DA:296,16
DA:300,18
DA:303,18
DA:304,16
DA:305,18
DA:300,0
DA:303,0
DA:304,0
DA:305,0
DA:300,0
DA:303,0
DA:304,0
DA:305,0
DA:309,0
DA:311,0
DA:312,0
DA:313,0
DA:314,0
DA:309,0
DA:311,0
DA:312,0
DA:313,0
DA:314,0
DA:309,8
DA:311,8
DA:312,8
DA:313,8
DA:314,8
DA:391,0
DA:395,0
DA:458,8
DA:460,8
DA:462,8
DA:463,8
DA:465,8
DA:466,8
DA:458,0
DA:460,0
DA:462,0
DA:463,0
DA:465,0
DA:466,0
DA:458,0
DA:460,0
DA:462,0
DA:463,0
DA:465,0
DA:466,0
DA:565,0
DA:567,0
DA:568,0
DA:570,0
DA:565,0
DA:567,0
DA:568,0
DA:570,0
DA:565,12
DA:567,12
DA:568,12
DA:570,12
DA:698,10
DA:699,10
DA:698,0
DA:699,0
DA:707,0
DA:708,0
DA:707,0
DA:708,0
DA:707,8
DA:708,8
DA:716,0
DA:717,0
DA:716,10
DA:717,10
DA:725,8
DA:726,8
DA:725,0
DA:726,0
DA:725,0
DA:726,0
DA:805,0
DA:806,0
DA:805,0
DA:806,0
DA:805,54
DA:806,54
DA:810,0
DA:811,0
DA:810,12
DA:811,12
DA:885,0
DA:886,0
DA:887,0
DA:930,41
DA:933,41
DA:930,0
DA:933,0
DA:930,0
DA:933,0
DA:1074,7
DA:1076,7
DA:1079,1
DA:1081,1
DA:1085,6
DA:1086,7
DA:1074,0
DA:1076,0
DA:1079,0
DA:1081,0
DA:1085,0
DA:1086,0
DA:1385,0
DA:1386,0
DA:1395,0
DA:1398,0
DA:1401,0
DA:1402,0
DA:1403,0
DA:1405,0
DA:1407,0
DA:1408,0
DA:1640,0
DA:1642,0
DA:1643,0
DA:1645,0
DA:1646,0
DA:1640,6
DA:1642,6
DA:1643,0
DA:1645,6
DA:1646,6
DA:1654,0
DA:1656,0
DA:1658,0
DA:1659,0
DA:1660,0
DA:1663,0
end_of_record
SF:/usr/include/c++/8/bits/stl_algo.h
FN:78,_ZSt22__move_median_to_firstIN9__gnu_cxx17__normal_iteratorIPSt4pairIiiESt6vectorIS3_SaIS3_EEEENS0_5__ops15_Iter_less_iterEEvT_SB_SB_SB_T0_
FNDA:0,_ZSt22__move_median_to_firstIN9__gnu_cxx17__normal_iteratorIPSt4pairIiiESt6vectorIS3_SaIS3_EEEENS0_5__ops15_Iter_less_iterEEvT_SB_SB_SB_T0_
FN:78,_ZSt22__move_median_to_firstIN9__gnu_cxx17__normal_iteratorIPiSt6vectorIiSaIiEEEENS0_5__ops15_Iter_less_iterEEvT_S9_S9_S9_T0_
FNDA:0,_ZSt22__move_median_to_firstIN9__gnu_cxx17__normal_iteratorIPiSt6vectorIiSaIiEEEENS0_5__ops15_Iter_less_iterEEvT_S9_S9_S9_T0_
FN:1668,_ZSt13__heap_selectIN9__gnu_cxx17__normal_iteratorIPSt4pairIiiESt6vectorIS3_SaIS3_EEEENS0_5__ops15_Iter_less_iterEEvT_SB_SB_T0_
FNDA:0,_ZSt13__heap_selectIN9__gnu_cxx17__normal_iteratorIPSt4pairIiiESt6vectorIS3_SaIS3_EEEENS0_5__ops15_Iter_less_iterEEvT_SB_SB_T0_
FN:1668,_ZSt13__heap_selectIN9__gnu_cxx17__normal_iteratorIPiSt6vectorIiSaIiEEEENS0_5__ops15_Iter_less_iterEEvT_S9_S9_T0_
FNDA:0,_ZSt13__heap_selectIN9__gnu_cxx17__normal_iteratorIPiSt6vectorIiSaIiEEEENS0_5__ops15_Iter_less_iterEEvT_S9_S9_T0_
FN:1821,_ZSt25__unguarded_linear_insertIN9__gnu_cxx17__normal_iteratorIPSt4pairIiiESt6vectorIS3_SaIS3_EEEENS0_5__ops14_Val_less_iterEEvT_T0_
FNDA:10,_ZSt25__unguarded_linear_insertIN9__gnu_cxx17__normal_iteratorIPSt4pairIiiESt6vectorIS3_SaIS3_EEEENS0_5__ops14_Val_less_iterEEvT_T0_
FN:1821,_ZSt25__unguarded_linear_insertIN9__gnu_cxx17__normal_iteratorIPiSt6vectorIiSaIiEEEENS0_5__ops14_Val_less_iterEEvT_T0_
FNDA:176,_ZSt25__unguarded_linear_insertIN9__gnu_cxx17__normal_iteratorIPiSt6vectorIiSaIiEEEENS0_5__ops14_Val_less_iterEEvT_T0_
FN:1840,_ZSt16__insertion_sortIN9__gnu_cxx17__normal_iteratorIPSt4pairIiiESt6vectorIS3_SaIS3_EEEENS0_5__ops15_Iter_less_iterEEvT_SB_T0_
FNDA:4,_ZSt16__insertion_sortIN9__gnu_cxx17__normal_iteratorIPSt4pairIiiESt6vectorIS3_SaIS3_EEEENS0_5__ops15_Iter_less_iterEEvT_SB_T0_
FN:1840,_ZSt16__insertion_sortIN9__gnu_cxx17__normal_iteratorIPiSt6vectorIiSaIiEEEENS0_5__ops15_Iter_less_iterEEvT_S9_T0_
FNDA:60,_ZSt16__insertion_sortIN9__gnu_cxx17__normal_iteratorIPiSt6vectorIiSaIiEEEENS0_5__ops15_Iter_less_iterEEvT_S9_T0_
FN:1863,_ZSt26__unguarded_insertion_sortIN9__gnu_cxx17__normal_iteratorIPSt4pairIiiESt6vectorIS3_SaIS3_EEEENS0_5__ops15_Iter_less_iterEEvT_SB_T0_
FNDA:0,_ZSt26__unguarded_insertion_sortIN9__gnu_cxx17__normal_iteratorIPSt4pairIiiESt6vectorIS3_SaIS3_EEEENS0_5__ops15_Iter_less_iterEEvT_SB_T0_
FN:1863,_ZSt26__unguarded_insertion_sortIN9__gnu_cxx17__normal_iteratorIPiSt6vectorIiSaIiEEEENS0_5__ops15_Iter_less_iterEEvT_S9_T0_
FNDA:0,_ZSt26__unguarded_insertion_sortIN9__gnu_cxx17__normal_iteratorIPiSt6vectorIiSaIiEEEENS0_5__ops15_Iter_less_iterEEvT_S9_T0_
FN:1880,_ZSt22__final_insertion_sortIN9__gnu_cxx17__normal_iteratorIPiSt6vectorIiSaIiEEEENS0_5__ops15_Iter_less_iterEEvT_S9_T0_
FNDA:60,_ZSt22__final_insertion_sortIN9__gnu_cxx17__normal_iteratorIPiSt6vectorIiSaIiEEEENS0_5__ops15_Iter_less_iterEEvT_S9_T0_
FN:1880,_ZSt22__final_insertion_sortIN9__gnu_cxx17__normal_iteratorIPSt4pairIiiESt6vectorIS3_SaIS3_EEEENS0_5__ops15_Iter_less_iterEEvT_SB_T0_
FNDA:4,_ZSt22__final_insertion_sortIN9__gnu_cxx17__normal_iteratorIPSt4pairIiiESt6vectorIS3_SaIS3_EEEENS0_5__ops15_Iter_less_iterEEvT_SB_T0_
FN:1896,_ZSt21__unguarded_partitionIN9__gnu_cxx17__normal_iteratorIPSt4pairIiiESt6vectorIS3_SaIS3_EEEENS0_5__ops15_Iter_less_iterEET_SB_SB_SB_T0_
FNDA:0,_ZSt21__unguarded_partitionIN9__gnu_cxx17__normal_iteratorIPSt4pairIiiESt6vectorIS3_SaIS3_EEEENS0_5__ops15_Iter_less_iterEET_SB_SB_SB_T0_
FN:1896,_ZSt21__unguarded_partitionIN9__gnu_cxx17__normal_iteratorIPiSt6vectorIiSaIiEEEENS0_5__ops15_Iter_less_iterEET_S9_S9_S9_T0_
FNDA:0,_ZSt21__unguarded_partitionIN9__gnu_cxx17__normal_iteratorIPiSt6vectorIiSaIiEEEENS0_5__ops15_Iter_less_iterEET_S9_S9_S9_T0_
FN:1917,_ZSt27__unguarded_partition_pivotIN9__gnu_cxx17__normal_iteratorIPiSt6vectorIiSaIiEEEENS0_5__ops15_Iter_less_iterEET_S9_S9_T0_
FNDA:0,_ZSt27__unguarded_partition_pivotIN9__gnu_cxx17__normal_iteratorIPiSt6vectorIiSaIiEEEENS0_5__ops15_Iter_less_iterEET_S9_S9_T0_
FN:1917,_ZSt27__unguarded_partition_pivotIN9__gnu_cxx17__normal_iteratorIPSt4pairIiiESt6vectorIS3_SaIS3_EEEENS0_5__ops15_Iter_less_iterEET_SB_SB_T0_
FNDA:0,_ZSt27__unguarded_partition_pivotIN9__gnu_cxx17__normal_iteratorIPSt4pairIiiESt6vectorIS3_SaIS3_EEEENS0_5__ops15_Iter_less_iterEET_SB_SB_T0_
FN:1928,_ZSt14__partial_sortIN9__gnu_cxx17__normal_iteratorIPSt4pairIiiESt6vectorIS3_SaIS3_EEEENS0_5__ops15_Iter_less_iterEEvT_SB_SB_T0_
FNDA:0,_ZSt14__partial_sortIN9__gnu_cxx17__normal_iteratorIPSt4pairIiiESt6vectorIS3_SaIS3_EEEENS0_5__ops15_Iter_less_iterEEvT_SB_SB_T0_
FN:1928,_ZSt14__partial_sortIN9__gnu_cxx17__normal_iteratorIPiSt6vectorIiSaIiEEEENS0_5__ops15_Iter_less_iterEEvT_S9_S9_T0_
FNDA:0,_ZSt14__partial_sortIN9__gnu_cxx17__normal_iteratorIPiSt6vectorIiSaIiEEEENS0_5__ops15_Iter_less_iterEEvT_S9_S9_T0_
FN:1940,_ZSt16__introsort_loopIN9__gnu_cxx17__normal_iteratorIPSt4pairIiiESt6vectorIS3_SaIS3_EEEElNS0_5__ops15_Iter_less_iterEEvT_SB_T0_T1_
FNDA:4,_ZSt16__introsort_loopIN9__gnu_cxx17__normal_iteratorIPSt4pairIiiESt6vectorIS3_SaIS3_EEEElNS0_5__ops15_Iter_less_iterEEvT_SB_T0_T1_
FN:1940,_ZSt16__introsort_loopIN9__gnu_cxx17__normal_iteratorIPiSt6vectorIiSaIiEEEElNS0_5__ops15_Iter_less_iterEEvT_S9_T0_T1_
FNDA:60,_ZSt16__introsort_loopIN9__gnu_cxx17__normal_iteratorIPiSt6vectorIiSaIiEEEElNS0_5__ops15_Iter_less_iterEEvT_S9_T0_T1_
FN:1963,_ZSt6__sortIN9__gnu_cxx17__normal_iteratorIPSt4pairIiiESt6vectorIS3_SaIS3_EEEENS0_5__ops15_Iter_less_iterEEvT_SB_T0_
FNDA:4,_ZSt6__sortIN9__gnu_cxx17__normal_iteratorIPSt4pairIiiESt6vectorIS3_SaIS3_EEEENS0_5__ops15_Iter_less_iterEEvT_SB_T0_
FN:1963,_ZSt6__sortIN9__gnu_cxx17__normal_iteratorIPiSt6vectorIiSaIiEEEENS0_5__ops15_Iter_less_iterEEvT_S9_T0_
FNDA:62,_ZSt6__sortIN9__gnu_cxx17__normal_iteratorIPiSt6vectorIiSaIiEEEENS0_5__ops15_Iter_less_iterEEvT_S9_T0_
FN:4824,_ZSt4sortIN9__gnu_cxx17__normal_iteratorIPSt4pairIiiESt6vectorIS3_SaIS3_EEEEEvT_S9_
FNDA:4,_ZSt4sortIN9__gnu_cxx17__normal_iteratorIPSt4pairIiiESt6vectorIS3_SaIS3_EEEEEvT_S9_
FN:4824,_ZSt4sortIN9__gnu_cxx17__normal_iteratorIPiSt6vectorIiSaIiEEEEEvT_S7_
FNDA:62,_ZSt4sortIN9__gnu_cxx17__normal_iteratorIPiSt6vectorIiSaIiEEEEEvT_S7_
DA:78,0
DA:81,0
DA:83,0
DA:84,0
DA:85,0
DA:86,0
DA:88,0
DA:90,0
DA:91,0
DA:92,0
DA:93,0
DA:95,0
DA:96,0
DA:78,0
DA:81,0
DA:83,0
DA:84,0
DA:85,0
DA:86,0
DA:88,0
DA:90,0
DA:91,0
DA:92,0
DA:93,0
DA:95,0
DA:96,0
DA:1668,0
DA:1672,0
DA:1673,0
DA:1674,0
DA:1675,0
DA:1676,0
DA:1668,0
DA:1672,0
DA:1673,0
DA:1674,0
DA:1675,0
DA:1676,0
DA:1821,10
DA:1825,10
DA:1826,10
DA:1827,10
DA:1828,16
DA:1830,6
DA:1831,6
DA:1832,6
DA:1834,10
DA:1835,10
DA:1821,176
DA:1825,176
DA:1826,176
DA:1827,176
DA:1828,460
DA:1830,284
DA:1831,284
DA:1832,284
DA:1834,176
DA:1835,176
DA:1840,4
DA:1843,4
DA:1845,14
DA:1847,10
DA:1850,0
DA:1851,0
DA:1852,0
DA:1855,10
DA:1856,20
DA:1840,60
DA:1843,60
DA:1845,298
DA:1847,238
DA:1850,62
DA:1851,62
DA:1852,62
DA:1855,176
DA:1856,352
DA:1863,0
DA:1866,0
DA:1867,0
DA:1868,0
DA:1869,0
DA:1863,0
DA:1866,0
DA:1867,0
DA:1868,0
DA:1869,0
DA:1880,60
DA:1883,60
DA:1885,0
DA:1886,0
DA:1890,60
DA:1891,60
DA:1880,4
DA:1883,4
DA:1885,0
DA:1886,0
DA:1890,4
DA:1891,4
DA:1896,0
DA:1902,0
DA:1903,0
DA:1904,0
DA:1905,0
DA:1906,0
DA:1907,0
DA:1908,0
DA:1909,0
DA:1910,0
DA:1896,0
DA:1902,0
DA:1903,0
DA:1904,0
DA:1905,0
DA:1906,0
DA:1907,0
DA:1908,0
DA:1909,0
DA:1910,0
DA:1917,0
DA:1920,0
DA:1921,0
DA:1923,0
DA:1917,0
DA:1920,0
DA:1921,0
DA:1923,0
DA:1928,0
DA:1933,0
DA:1934,0
DA:1935,0
DA:1928,0
DA:1933,0
DA:1934,0
DA:1935,0
DA:1940,4
DA:1944,4
DA:1946,0
DA:1948,0
DA:1949,0
DA:1951,0
DA:1953,0
DA:1954,0
DA:1955,0
DA:1940,60
DA:1944,60
DA:1946,0
DA:1948,0
DA:1949,0
DA:1951,0
DA:1953,0
DA:1954,0
DA:1955,0
DA:1963,4
DA:1966,4
DA:1968,4
DA:1969,4
DA:1971,4
DA:1973,4
DA:1963,62
DA:1966,62
DA:1968,60
DA:1969,60
DA:1971,60
DA:1973,62
DA:4824,4
DA:4834,4
DA:4835,4
DA:4824,62
DA:4834,62
DA:4835,62
end_of_record
TN:
SF:/home/martin/TPI/MIR/main.cpp
FN:8,main
FNDA:1,main
DA:8,1
DA:9,1
DA:10,1
DA:11,1
end_of_record
SF:/home/martin/TPI/MIR/lib/googletest-master/googletest/include/gtest/gtest.h
FN:2236,_Z13RUN_ALL_TESTSv
FNDA:1,_Z13RUN_ALL_TESTSv
DA:2236,1
DA:2237,1
end_of_record
SF:/usr/include/c++/8/iostream
end_of_record
